2025-02-19 11:24:29.966 [info] [main] Log level: Info
2025-02-19 11:24:29.966 [info] [main] Validating found git in: "git"
2025-02-19 11:24:29.966 [info] [main] Using git "2.43.0" from "git"
2025-02-19 11:24:29.966 [info] [Model][doInitialScan] Initial repository scan started
2025-02-19 11:24:29.966 [info] > git rev-parse --show-toplevel [6ms]
2025-02-19 11:24:29.966 [info] > git rev-parse --git-dir --git-common-dir [4ms]
2025-02-19 11:24:29.966 [info] [Model][openRepository] Opened repository: /home/damw1ndy
2025-02-19 11:24:30.269 [info] > git rev-parse --show-toplevel [298ms]
2025-02-19 11:24:30.270 [info] > git config --get commit.template [300ms]
2025-02-19 11:24:30.289 [info] > git rev-parse --git-dir --git-common-dir [13ms]
2025-02-19 11:24:30.292 [info] [Model][openRepository] Opened repository: /home/damw1ndy/project1
2025-02-19 11:24:30.295 [info] > git for-each-ref --format=%(refname)%00%(upstream:short)%00%(objectname)%00%(upstream:track)%00%(upstream:remotename)%00%(upstream:remoteref) refs/heads/main refs/remotes/main [13ms]
2025-02-19 11:24:30.297 [info] > git config --get commit.template [3ms]
2025-02-19 11:24:30.313 [info] > git for-each-ref --format=%(refname)%00%(upstream:short)%00%(objectname)%00%(upstream:track)%00%(upstream:remotename)%00%(upstream:remoteref) refs/heads/main refs/remotes/main [14ms]
2025-02-19 11:24:30.318 [info] > git for-each-ref --sort -committerdate --format %(refname) %(objectname) %(*objectname) [7ms]
2025-02-19 11:24:30.319 [info] > git log --format=%H%n%aN%n%aE%n%at%n%ct%n%P%n%D%n%B -z -n51 --shortstat --follow -- /home/damw1ndy/project1/index.html [15ms]
2025-02-19 11:24:30.346 [info] > git hash-object -t tree /dev/null [3ms]
2025-02-19 11:24:30.380 [info] > git status -z -uall [31ms]
2025-02-19 11:24:30.381 [info] > git rev-list origin/main..main [33ms]
2025-02-19 11:24:30.385 [info] > git for-each-ref --sort -committerdate --format %(refname) %(objectname) %(*objectname) [32ms]
2025-02-19 11:24:30.508 [info] > git for-each-ref --format=%(refname)%00%(upstream:short)%00%(objectname)%00%(upstream:track)%00%(upstream:remotename)%00%(upstream:remoteref) refs/heads/main refs/remotes/main [117ms]
2025-02-19 11:24:30.516 [info] > git config --get commit.template [10ms]
2025-02-19 11:24:30.553 [info] > git rev-parse --show-toplevel [41ms]
2025-02-19 11:24:30.554 [info] > git config --get --local branch.main.vscode-merge-base [44ms]
2025-02-19 11:24:30.687 [info] > git rev-parse --show-toplevel [126ms]
2025-02-19 11:24:30.687 [info] > git for-each-ref --format=%(refname)%00%(upstream:short)%00%(objectname)%00%(upstream:track)%00%(upstream:remotename)%00%(upstream:remoteref) refs/heads/main refs/remotes/main [129ms]
2025-02-19 11:24:30.687 [info] > git for-each-ref --format=%(refname)%00%(upstream:short)%00%(objectname)%00%(upstream:track)%00%(upstream:remotename)%00%(upstream:remoteref) refs/heads/origin/main refs/remotes/origin/main [131ms]
2025-02-19 11:24:30.695 [info] > git merge-base refs/heads/main refs/remotes/origin/main [4ms]
2025-02-19 11:24:30.700 [info] > git rev-parse --show-toplevel [5ms]
2025-02-19 11:24:30.708 [info] > git status -z -uall [6ms]
2025-02-19 11:24:30.709 [info] > git diff --name-status -z --diff-filter=ADMR c8279a5dfdd82f59a32d16033fa96dfbeac29526...refs/remotes/origin/main [10ms]
2025-02-19 11:24:30.710 [info] > git rev-parse --show-toplevel [2ms]
2025-02-19 11:24:30.710 [info] > git for-each-ref --sort -committerdate --format %(refname) %(objectname) %(*objectname) [5ms]
2025-02-19 11:24:30.715 [info] > git rev-parse --show-toplevel [1ms]
2025-02-19 11:24:30.744 [info] > git rev-parse --show-toplevel [27ms]
2025-02-19 11:24:30.750 [info] > git rev-parse --show-toplevel [3ms]
2025-02-19 11:24:30.756 [info] > git rev-parse --show-toplevel [3ms]
2025-02-19 11:24:30.761 [info] > git rev-parse --git-dir --git-common-dir [3ms]
2025-02-19 11:24:30.765 [info] [Model][openRepository] Opened repository: /home/damw1ndy/.nvm
2025-02-19 11:24:30.775 [info] > git config --get commit.template [4ms]
2025-02-19 11:24:30.775 [info] > git rev-parse --show-toplevel [3ms]
2025-02-19 11:24:30.785 [info] > git rev-parse --show-toplevel [5ms]
2025-02-19 11:24:30.785 [info] > git for-each-ref --format %(refname) %(objectname) %(*objectname) refs/tags [8ms]
2025-02-19 11:24:30.799 [info] > git rev-parse --show-toplevel [6ms]
2025-02-19 11:24:30.800 [info] > git for-each-ref --sort -committerdate --format %(refname) %(objectname) %(*objectname) [9ms]
2025-02-19 11:24:30.815 [info] > git status -z -uall [27ms]
2025-02-19 11:24:30.818 [info] > git rev-parse --git-dir --git-common-dir [16ms]
2025-02-19 11:24:30.821 [info] [Model][openRepository] Opened repository: /home/damw1ndy/fizzbuzz-js-tdd
2025-02-19 11:24:30.866 [info] > git config --get commit.template [8ms]
2025-02-19 11:24:30.867 [info] > git config --get commit.template [10ms]
2025-02-19 11:24:30.878 [info] > git rev-parse --show-toplevel [18ms]
2025-02-19 11:24:30.942 [info] > git rev-parse --git-dir --git-common-dir [6ms]
2025-02-19 11:24:30.945 [info] [Model][openRepository] Opened repository: /home/damw1ndy/html-excercise
2025-02-19 11:24:30.947 [info] > git for-each-ref --format=%(refname)%00%(upstream:short)%00%(objectname)%00%(upstream:track)%00%(upstream:remotename)%00%(upstream:remoteref) refs/heads/main refs/remotes/main [12ms]
2025-02-19 11:24:30.947 [info] > git for-each-ref --format %(refname) %(objectname) %(*objectname) refs/tags [14ms]
2025-02-19 11:24:30.959 [warning] [Git][revParse] Unable to read file: ENOENT: no such file or directory, open '/home/damw1ndy/fizzbuzz-js-tdd/.git/refs/remotes/origin/main'
2025-02-19 11:24:30.961 [info] > git status -z -uall [12ms]
2025-02-19 11:24:30.961 [info] > git rev-parse --show-toplevel [4ms]
2025-02-19 11:24:30.961 [info] > git config --get commit.template [6ms]
2025-02-19 11:24:30.961 [info] > git for-each-ref --sort -committerdate --format %(refname) %(objectname) %(*objectname) [9ms]
2025-02-19 11:24:30.966 [info] > git rev-parse refs/remotes/origin/main [7ms]
2025-02-19 11:24:30.979 [info] > git status -z -uall [10ms]
2025-02-19 11:24:30.979 [info] > git rev-parse --git-dir --git-common-dir [13ms]
2025-02-19 11:24:30.981 [info] [Model][openRepository] Opened repository: /home/damw1ndy/html-excercise1
2025-02-19 11:24:30.989 [info] > git for-each-ref --format=%(refname)%00%(upstream:short)%00%(objectname)%00%(upstream:track)%00%(upstream:remotename)%00%(upstream:remoteref) refs/heads/main refs/remotes/main [13ms]
2025-02-19 11:24:30.994 [info] > git for-each-ref --sort -committerdate --format %(refname) %(objectname) %(*objectname) [23ms]
2025-02-19 11:24:31.117 [info] > git status -z -uall [126ms]
2025-02-19 11:24:31.118 [info] > git for-each-ref --format=%(refname)%00%(upstream:short)%00%(objectname)%00%(upstream:track)%00%(upstream:remotename)%00%(upstream:remoteref) refs/heads/main refs/remotes/main [118ms]
2025-02-19 11:24:31.120 [info] > git for-each-ref --sort -committerdate --format %(refname) %(objectname) %(*objectname) [127ms]
2025-02-19 11:24:31.121 [info] > git rev-parse --show-toplevel [133ms]
2025-02-19 11:24:31.121 [info] > git config --get commit.template [136ms]
2025-02-19 11:24:31.130 [info] > git config --get --local branch.main.vscode-merge-base [10ms]
2025-02-19 11:24:31.133 [info] > git config --get commit.template [21ms]
2025-02-19 11:24:31.291 [info] > git for-each-ref --format=%(refname)%00%(upstream:short)%00%(objectname)%00%(upstream:track)%00%(upstream:remotename)%00%(upstream:remoteref) refs/heads/main refs/remotes/main [138ms]
2025-02-19 11:24:31.295 [info] > git for-each-ref --format=%(refname)%00%(upstream:short)%00%(objectname)%00%(upstream:track)%00%(upstream:remotename)%00%(upstream:remoteref) refs/heads/origin/main refs/remotes/origin/main [161ms]
2025-02-19 11:24:31.297 [info] > git rev-parse --show-toplevel [172ms]
2025-02-19 11:24:31.469 [info] > git merge-base refs/heads/main refs/remotes/origin/main [172ms]
2025-02-19 11:24:31.472 [info] > git config --get --local branch.main.vscode-merge-base [178ms]
2025-02-19 11:24:31.472 [warning] [Git][config] git config failed: Failed to execute git
2025-02-19 11:24:31.474 [info] > git config --get commit.template [315ms]
2025-02-19 11:24:31.475 [info] > git for-each-ref --format=%(refname)%00%(upstream:short)%00%(objectname)%00%(upstream:track)%00%(upstream:remotename)%00%(upstream:remoteref) refs/heads/master refs/remotes/master [317ms]
2025-02-19 11:24:31.482 [info] > git status -z -uall [6ms]
2025-02-19 11:24:31.482 [info] > git reflog main --grep-reflog=branch: Created from *. [8ms]
2025-02-19 11:24:31.484 [info] > git diff --name-status -z --diff-filter=ADMR 6c71f9a8e4c8dc64a3b7e2d19c3edb4684c92f1c...refs/remotes/origin/main [12ms]
2025-02-19 11:24:31.485 [info] > git rev-parse --show-toplevel [54ms]
2025-02-19 11:24:31.485 [info] > git for-each-ref --format=%(refname)%00%(upstream:short)%00%(objectname)%00%(upstream:track)%00%(upstream:remotename)%00%(upstream:remoteref) refs/heads/main refs/remotes/main [58ms]
2025-02-19 11:24:31.492 [warning] [Git][revParse] Unable to read file: ENOENT: no such file or directory, open '/home/damw1ndy/fizzbuzz-js-tdd/.git/refs/remotes/origin/main'
2025-02-19 11:24:31.520 [info] > git symbolic-ref --short refs/remotes/origin/HEAD [36ms]
2025-02-19 11:24:31.520 [info] fatal: ref refs/remotes/origin/HEAD is not a symbolic ref
2025-02-19 11:24:31.520 [warning] [Repository][getDefaultBranch] Failed to get default branch details: Failed to execute git.
2025-02-19 11:24:31.521 [info] > git for-each-ref --sort -committerdate --format %(refname) %(objectname) %(*objectname) [42ms]
2025-02-19 11:24:31.530 [info] > git for-each-ref --format=%(refname)%00%(upstream:short)%00%(objectname)%00%(upstream:track)%00%(upstream:remotename)%00%(upstream:remoteref) refs/heads/master refs/remotes/master [6ms]
2025-02-19 11:24:31.532 [info] > git rev-parse refs/remotes/origin/main [40ms]
2025-02-19 11:24:31.537 [info] > git rev-parse --git-dir --git-common-dir [46ms]
2025-02-19 11:24:31.539 [info] [Model][openRepository] Opened repository: /home/damw1ndy/sdi-blended-async-scaffold
2025-02-19 11:24:31.539 [info] > git for-each-ref --format=%(refname)%00%(upstream:short)%00%(objectname)%00%(upstream:track)%00%(upstream:remotename)%00%(upstream:remoteref) refs/heads/main refs/remotes/main [52ms]
2025-02-19 11:24:31.551 [info] > git status -z -uall [1243ms] (cancelled)
2025-02-19 11:24:31.551 [info] > git status -z -uall [16ms]
2025-02-19 11:24:31.551 [info] > git status -z -uall [10ms]
2025-02-19 11:24:31.551 [info] > git for-each-ref --sort -committerdate --format %(refname) %(objectname) %(*objectname) [14ms]
2025-02-19 11:24:31.553 [info] > git config --get --local branch.master.vscode-merge-base [21ms]
2025-02-19 11:24:31.553 [warning] [Git][config] git config failed: Failed to execute git
2025-02-19 11:24:31.555 [info] > git config --get commit.template [28ms]
2025-02-19 11:24:31.561 [info] > git rev-parse --show-toplevel [12ms]
2025-02-19 11:24:31.561 [info] > git config --get commit.template [15ms]
2025-02-19 11:24:31.563 [info] > git for-each-ref --sort -committerdate --format %(refname) %(objectname) %(*objectname) [20ms]
2025-02-19 11:24:31.629 [info] > git check-ignore -v -z --stdin [70ms]
2025-02-19 11:24:31.705 [info] > git reflog master --grep-reflog=branch: Created from *. [150ms]
2025-02-19 11:24:31.835 [info] > git symbolic-ref --short refs/remotes/origin/HEAD [128ms]
2025-02-19 11:24:31.835 [info] fatal: ref refs/remotes/origin/HEAD is not a symbolic ref
2025-02-19 11:24:31.835 [warning] [Repository][getDefaultBranch] Failed to get default branch details: Failed to execute git.
2025-02-19 11:24:31.836 [info] > git for-each-ref --format=%(refname)%00%(upstream:short)%00%(objectname)%00%(upstream:track)%00%(upstream:remotename)%00%(upstream:remoteref) refs/heads/main refs/remotes/main [133ms]
2025-02-19 11:24:31.838 [info] > git rev-parse --git-dir --git-common-dir [259ms]
2025-02-19 11:24:31.840 [info] [Model][openRepository] Opened repository: /home/damw1ndy/sdi-workshop-funderbar
2025-02-19 11:24:31.841 [info] > git for-each-ref --format=%(refname)%00%(upstream:short)%00%(objectname)%00%(upstream:track)%00%(upstream:remotename)%00%(upstream:remoteref) refs/heads/master refs/remotes/master [266ms]
2025-02-19 11:24:32.529 [info] > git status -z -uall [686ms]
2025-02-19 11:24:32.529 [info] > git for-each-ref --sort -committerdate --format %(refname) %(objectname) %(*objectname) [684ms]
2025-02-19 11:24:32.530 [info] > git config --get --local branch.main.vscode-merge-base [692ms]
2025-02-19 11:24:32.530 [warning] [Git][config] git config failed: Failed to execute git
2025-02-19 11:24:32.532 [info] > git config --get commit.template [710ms]
2025-02-19 11:24:32.532 [info] > git for-each-ref --format=%(refname)%00%(upstream:short)%00%(objectname)%00%(upstream:track)%00%(upstream:remotename)%00%(upstream:remoteref) refs/heads/main refs/remotes/main [712ms]
2025-02-19 11:24:32.551 [info] > git reflog main --grep-reflog=branch: Created from *. [19ms]
2025-02-19 11:24:32.553 [info] > git rev-parse --show-toplevel [68ms]
2025-02-19 11:24:32.554 [info] > git config --get commit.template [71ms]
2025-02-19 11:24:32.568 [info] > git symbolic-ref --short refs/remotes/origin/HEAD [15ms]
2025-02-19 11:24:32.568 [info] fatal: ref refs/remotes/origin/HEAD is not a symbolic ref
2025-02-19 11:24:32.568 [warning] [Repository][getDefaultBranch] Failed to get default branch details: Failed to execute git.
2025-02-19 11:24:32.576 [info] > git rev-parse --git-dir --git-common-dir [8ms]
2025-02-19 11:24:32.579 [info] [Model][openRepository] Opened repository: /home/damw1ndy/signup-form
2025-02-19 11:24:32.580 [info] > git for-each-ref --format=%(refname)%00%(upstream:short)%00%(objectname)%00%(upstream:track)%00%(upstream:remotename)%00%(upstream:remoteref) refs/heads/main refs/remotes/main [24ms]
2025-02-19 11:24:32.591 [info] > git status -z -uall [9ms]
2025-02-19 11:24:32.591 [info] > git for-each-ref --format=%(refname)%00%(upstream:short)%00%(objectname)%00%(upstream:track)%00%(upstream:remotename)%00%(upstream:remoteref) refs/heads/master refs/remotes/master [16ms]
2025-02-19 11:24:32.591 [info] > git merge-base refs/heads/main refs/remotes/origin/main [21ms]
2025-02-19 11:24:32.601 [info] > git rev-parse --show-toplevel [12ms]
2025-02-19 11:24:32.602 [info] [Model][doInitialScan] Initial repository scan completed - repositories (9), closed repositories (0), parent repositories (0), unsafe repositories (0)
2025-02-19 11:24:32.608 [info] > git config --get commit.template [21ms]
2025-02-19 11:24:32.608 [info] > git for-each-ref --sort -committerdate --format %(refname) %(objectname) %(*objectname) [23ms]
2025-02-19 11:24:32.618 [info] > git show --textconv :index.html [13ms]
2025-02-19 11:24:32.618 [info] > git for-each-ref --format=%(refname)%00%(upstream:short)%00%(objectname)%00%(upstream:track)%00%(upstream:remotename)%00%(upstream:remoteref) refs/heads/main refs/remotes/main [6ms]
2025-02-19 11:24:32.620 [info] > git ls-files --stage -- /home/damw1ndy/project1/index.html [13ms]
2025-02-19 11:24:32.623 [info] > git diff --name-status -z --diff-filter=ADMR d22442d74bd5c540cc3b9c087b4095bf0e78db4c...refs/remotes/origin/main [29ms]
2025-02-19 11:24:32.630 [info] > git config --get --local branch.main.vscode-merge-base [10ms]
2025-02-19 11:24:32.632 [info] > git config --get commit.template [15ms]
2025-02-19 11:24:32.632 [info] > git rev-parse --show-toplevel [17ms]
2025-02-19 11:24:32.641 [info] > git status -z -uall [4ms]
2025-02-19 11:24:32.641 [info] > git for-each-ref --format=%(refname)%00%(upstream:short)%00%(objectname)%00%(upstream:track)%00%(upstream:remotename)%00%(upstream:remoteref) refs/heads/origin/main refs/remotes/origin/main [9ms]
2025-02-19 11:24:32.644 [info] > git for-each-ref --sort -committerdate --format %(refname) %(objectname) %(*objectname) [15ms]
2025-02-19 11:24:32.644 [info] > git for-each-ref --format=%(refname)%00%(upstream:short)%00%(objectname)%00%(upstream:track)%00%(upstream:remotename)%00%(upstream:remoteref) refs/heads/master refs/remotes/master [19ms]
2025-02-19 11:24:32.650 [info] > git cat-file -s 6f6952359376d41198d8444af332fab8021cd516 [28ms]
2025-02-19 11:24:32.653 [info] > git status -z -uall [7ms]
2025-02-19 11:24:32.654 [info] > git merge-base refs/heads/main refs/remotes/origin/main [11ms]
2025-02-19 11:24:32.656 [info] > git for-each-ref --sort -committerdate --format %(refname) %(objectname) %(*objectname) [17ms]
2025-02-19 11:24:32.667 [info] > git for-each-ref --format=%(refname)%00%(upstream:short)%00%(objectname)%00%(upstream:track)%00%(upstream:remotename)%00%(upstream:remoteref) refs/heads/master refs/remotes/master [7ms]
2025-02-19 11:24:32.670 [info] > git diff --name-status -z --diff-filter=ADMR 249380afce8de72327a97db7bc0e7ff46a799dea...refs/remotes/origin/main [14ms]
2025-02-19 11:24:32.670 [info] > git for-each-ref --format=%(refname)%00%(upstream:short)%00%(objectname)%00%(upstream:track)%00%(upstream:remotename)%00%(upstream:remoteref) refs/heads/main refs/remotes/main [18ms]
2025-02-19 11:24:32.671 [info] > git for-each-ref --sort -committerdate --format %(refname) %(objectname) %(*objectname) [21ms]
2025-02-19 11:24:32.682 [info] > git for-each-ref --format=%(refname)%00%(upstream:short)%00%(objectname)%00%(upstream:track)%00%(upstream:remotename)%00%(upstream:remoteref) refs/heads/master refs/remotes/master [8ms]
2025-02-19 11:24:32.685 [info] > git config --get --local branch.master.vscode-merge-base [14ms]
2025-02-19 11:24:32.687 [info] > git log --format=%H%n%aN%n%aE%n%at%n%ct%n%P%n%D%n%B -z -n51 --shortstat --follow -- /home/damw1ndy/project1/index.html [22ms]
2025-02-19 11:24:32.690 [info] > git config --get commit.template [27ms]
2025-02-19 11:24:32.696 [info] > git for-each-ref --format=%(refname)%00%(upstream:short)%00%(objectname)%00%(upstream:track)%00%(upstream:remotename)%00%(upstream:remoteref) refs/heads/origin/master refs/remotes/origin/master [9ms]
2025-02-19 11:24:32.698 [info] > git config --get --local branch.master.vscode-merge-base [14ms]
2025-02-19 11:24:32.698 [warning] [Git][config] git config failed: Failed to execute git
2025-02-19 11:24:32.700 [info] > git config --get commit.template [22ms]
2025-02-19 11:24:32.957 [info] > git merge-base refs/heads/master refs/remotes/origin/master [259ms]
2025-02-19 11:24:32.960 [info] > git blame --root --incremental c8279a5dfdd82f59a32d16033fa96dfbeac29526 -- /home/damw1ndy/project1/index.html [264ms]
2025-02-19 11:24:32.963 [info] > git hash-object -t tree /dev/null [273ms]
2025-02-19 11:24:32.981 [info] > git status -z -uall [11ms]
2025-02-19 11:24:32.982 [info] > git diff --name-status -z --diff-filter=ADMR 027994fb929ccf6e6a85a7bbb5590716e2a19d61...refs/remotes/origin/master [23ms]
2025-02-19 11:24:32.982 [info] > git for-each-ref --format=%(refname)%00%(upstream:short)%00%(objectname)%00%(upstream:track)%00%(upstream:remotename)%00%(upstream:remoteref) refs/heads/master refs/remotes/master [279ms]
2025-02-19 11:24:32.983 [info] > git reflog master --grep-reflog=branch: Created from *. [283ms]
2025-02-19 11:24:32.987 [info] > git for-each-ref --format=%(refname)%00%(upstream:short)%00%(objectname)%00%(upstream:track)%00%(upstream:remotename)%00%(upstream:remoteref) refs/heads/master refs/remotes/master [13ms]
2025-02-19 11:24:32.992 [info] > git for-each-ref --sort -committerdate --format %(refname) %(objectname) %(*objectname) [20ms]
2025-02-19 11:24:33.139 [info] > git status -z -uall [150ms]
2025-02-19 11:24:33.139 [info] > git for-each-ref --sort -committerdate --format %(refname) %(objectname) %(*objectname) [148ms]
2025-02-19 11:24:33.142 [info] > git symbolic-ref --short refs/remotes/origin/HEAD [157ms]
2025-02-19 11:24:33.143 [info] fatal: ref refs/remotes/origin/HEAD is not a symbolic ref
2025-02-19 11:24:33.143 [warning] [Repository][getDefaultBranch] Failed to get default branch details: Failed to execute git.
2025-02-19 11:24:33.148 [info] > git for-each-ref --format=%(refname)%00%(upstream:short)%00%(objectname)%00%(upstream:track)%00%(upstream:remotename)%00%(upstream:remoteref) refs/heads/master refs/remotes/master [6ms]
2025-02-19 11:24:33.158 [info] > git status -z -uall [531ms] (cancelled)
2025-02-19 11:24:33.158 [info] > git status -z -uall [5ms]
2025-02-19 11:24:33.158 [info] > git for-each-ref --sort -committerdate --format %(refname) %(objectname) %(*objectname) [3ms]
2025-02-19 11:24:33.159 [info] > git config --get --local branch.master.vscode-merge-base [9ms]
2025-02-19 11:24:33.159 [warning] [Git][config] git config failed: Failed to execute git
2025-02-19 11:24:33.165 [info] > git reflog master --grep-reflog=branch: Created from *. [4ms]
2025-02-19 11:24:33.168 [info] > git check-ignore -v -z --stdin [4ms]
2025-02-19 11:24:33.274 [info] > git check-ignore -v -z --stdin [41ms]
2025-02-19 11:24:33.276 [info] > git check-ignore -v -z --stdin [40ms]
2025-02-19 11:24:33.276 [info] > git check-ignore -v -z --stdin [37ms]
2025-02-19 11:24:33.276 [info] > git check-ignore -v -z --stdin [35ms]
2025-02-19 11:24:33.276 [info] > git check-ignore -v -z --stdin [32ms]
2025-02-19 11:24:33.276 [info] > git check-ignore -v -z --stdin [29ms]
2025-02-19 11:24:33.276 [info] > git check-ignore -v -z --stdin [27ms]
2025-02-19 11:24:33.277 [info] > git check-ignore -v -z --stdin [25ms]
2025-02-19 11:24:33.277 [info] > git check-ignore -v -z --stdin [23ms]
2025-02-19 11:24:33.277 [info] > git symbolic-ref --short refs/remotes/origin/HEAD [110ms]
2025-02-19 11:24:33.277 [info] fatal: ref refs/remotes/origin/HEAD is not a symbolic ref
2025-02-19 11:24:33.277 [warning] [Repository][getDefaultBranch] Failed to get default branch details: Failed to execute git.
2025-02-19 11:26:13.885 [info] > git show --textconv :README.md [26ms]
2025-02-19 11:26:13.886 [info] > git ls-files --stage -- /home/damw1ndy/project1/README.md [24ms]
2025-02-19 11:26:13.890 [info] > git cat-file -s 2f0a1fb5e9b9da323c3420fde7351f61d251a1c1 [2ms]
2025-02-19 11:26:13.905 [info] > git blame --root --incremental c8279a5dfdd82f59a32d16033fa96dfbeac29526 -- /home/damw1ndy/project1/README.md [1ms]
2025-02-19 11:28:39.314 [info] > git show --textconv :poke.js [4ms]
2025-02-19 11:28:39.315 [info] > git ls-files --stage -- /home/damw1ndy/project1/poke.js [2ms]
2025-02-19 11:28:39.319 [info] > git cat-file -s 657c58a4eb489f5dbfb3cf19d45f1d8ddf4c6d61 [1ms]
2025-02-19 11:28:39.396 [info] > git blame --root --incremental c8279a5dfdd82f59a32d16033fa96dfbeac29526 -- /home/damw1ndy/project1/poke.js [5ms]
2025-02-19 11:28:58.967 [info] > git config --get commit.template [3ms]
2025-02-19 11:28:58.968 [info] > git for-each-ref --format=%(refname)%00%(upstream:short)%00%(objectname)%00%(upstream:track)%00%(upstream:remotename)%00%(upstream:remoteref) refs/heads/main refs/remotes/main [1ms]
2025-02-19 11:28:58.974 [info] > git status -z -uall [3ms]
2025-02-19 11:28:58.975 [info] > git for-each-ref --sort -committerdate --format %(refname) %(objectname) %(*objectname) [1ms]
2025-02-19 11:30:35.021 [info] > git show --textconv :index.html [3ms]
2025-02-19 11:30:35.021 [info] > git ls-files --stage -- /home/damw1ndy/project1/index.html [1ms]
2025-02-19 11:30:35.024 [info] > git cat-file -s 6f6952359376d41198d8444af332fab8021cd516 [1ms]
2025-02-19 11:31:01.171 [info] > git show --textconv :poke.js [4ms]
2025-02-19 11:31:01.172 [info] > git ls-files --stage -- /home/damw1ndy/project1/poke.js [1ms]
2025-02-19 11:31:01.174 [info] > git cat-file -s 657c58a4eb489f5dbfb3cf19d45f1d8ddf4c6d61 [0ms]
2025-02-19 11:31:49.405 [info] > git config --get commit.template [4ms]
2025-02-19 11:31:49.405 [info] > git for-each-ref --format=%(refname)%00%(upstream:short)%00%(objectname)%00%(upstream:track)%00%(upstream:remotename)%00%(upstream:remoteref) refs/heads/main refs/remotes/main [1ms]
2025-02-19 11:31:49.412 [info] > git status -z -uall [3ms]
2025-02-19 11:31:49.413 [info] > git for-each-ref --sort -committerdate --format %(refname) %(objectname) %(*objectname) [2ms]
2025-02-19 11:32:02.792 [info] > git config --get commit.template [3ms]
2025-02-19 11:32:02.792 [info] > git for-each-ref --format=%(refname)%00%(upstream:short)%00%(objectname)%00%(upstream:track)%00%(upstream:remotename)%00%(upstream:remoteref) refs/heads/main refs/remotes/main [1ms]
2025-02-19 11:32:02.798 [info] > git status -z -uall [3ms]
2025-02-19 11:32:02.799 [info] > git for-each-ref --sort -committerdate --format %(refname) %(objectname) %(*objectname) [1ms]
2025-02-19 11:32:13.513 [info] > git config --get commit.template [2ms]
2025-02-19 11:32:13.517 [info] > git for-each-ref --format=%(refname)%00%(upstream:short)%00%(objectname)%00%(upstream:track)%00%(upstream:remotename)%00%(upstream:remoteref) refs/heads/main refs/remotes/main [1ms]
2025-02-19 11:32:13.523 [info] > git status -z -uall [3ms]
2025-02-19 11:32:13.524 [info] > git for-each-ref --sort -committerdate --format %(refname) %(objectname) %(*objectname) [1ms]
2025-02-19 11:32:31.643 [info] > git config --get commit.template [3ms]
2025-02-19 11:32:31.644 [info] > git for-each-ref --format=%(refname)%00%(upstream:short)%00%(objectname)%00%(upstream:track)%00%(upstream:remotename)%00%(upstream:remoteref) refs/heads/main refs/remotes/main [1ms]
2025-02-19 11:32:31.651 [info] > git status -z -uall [4ms]
2025-02-19 11:32:31.652 [info] > git for-each-ref --sort -committerdate --format %(refname) %(objectname) %(*objectname) [1ms]
2025-02-19 11:32:54.612 [info] > git config --get commit.template [2ms]
2025-02-19 11:32:54.617 [info] > git for-each-ref --format=%(refname)%00%(upstream:short)%00%(objectname)%00%(upstream:track)%00%(upstream:remotename)%00%(upstream:remoteref) refs/heads/main refs/remotes/main [2ms]
2025-02-19 11:32:54.624 [info] > git status -z -uall [5ms]
2025-02-19 11:32:54.624 [info] > git for-each-ref --sort -committerdate --format %(refname) %(objectname) %(*objectname) [1ms]
2025-02-19 11:36:15.783 [info] > git config --get commit.template [7ms]
2025-02-19 11:36:15.786 [info] > git for-each-ref --format=%(refname)%00%(upstream:short)%00%(objectname)%00%(upstream:track)%00%(upstream:remotename)%00%(upstream:remoteref) refs/heads/main refs/remotes/main [6ms]
2025-02-19 11:36:15.795 [info] > git status -z -uall [5ms]
2025-02-19 11:36:15.796 [info] > git for-each-ref --sort -committerdate --format %(refname) %(objectname) %(*objectname) [3ms]
2025-02-19 11:36:48.300 [info] > git config --get commit.template [4ms]
2025-02-19 11:36:48.301 [info] > git for-each-ref --format=%(refname)%00%(upstream:short)%00%(objectname)%00%(upstream:track)%00%(upstream:remotename)%00%(upstream:remoteref) refs/heads/main refs/remotes/main [2ms]
2025-02-19 11:36:48.308 [info] > git status -z -uall [4ms]
2025-02-19 11:36:48.309 [info] > git for-each-ref --sort -committerdate --format %(refname) %(objectname) %(*objectname) [2ms]
2025-02-19 11:37:32.090 [info] > git config --get commit.template [7ms]
2025-02-19 11:37:32.091 [info] > git for-each-ref --format=%(refname)%00%(upstream:short)%00%(objectname)%00%(upstream:track)%00%(upstream:remotename)%00%(upstream:remoteref) refs/heads/main refs/remotes/main [2ms]
2025-02-19 11:37:32.100 [info] > git status -z -uall [5ms]
2025-02-19 11:37:32.101 [info] > git for-each-ref --sort -committerdate --format %(refname) %(objectname) %(*objectname) [3ms]
