2025-02-19 10:11:52.206 [info] [main] Log level: Info
2025-02-19 10:11:52.206 [info] [main] Validating found git in: "git"
2025-02-19 10:11:52.206 [info] [main] Using git "2.43.0" from "git"
2025-02-19 10:11:52.206 [info] [Model][doInitialScan] Initial repository scan started
2025-02-19 10:11:52.206 [info] > git rev-parse --show-toplevel [30ms]
2025-02-19 10:11:52.206 [info] > git rev-parse --git-dir --git-common-dir [296ms]
2025-02-19 10:11:52.206 [info] [Model][openRepository] Opened repository: /home/damw1ndy
2025-02-19 10:11:52.207 [info] > git config --get commit.template [8ms]
2025-02-19 10:11:52.208 [info] > git rev-parse --show-toplevel [3ms]
2025-02-19 10:11:52.215 [info] > git rev-parse --git-dir --git-common-dir [3ms]
2025-02-19 10:11:52.217 [info] [Model][openRepository] Opened repository: /home/damw1ndy/project1
2025-02-19 10:11:52.221 [info] > git for-each-ref --format=%(refname)%00%(upstream:short)%00%(objectname)%00%(upstream:track)%00%(upstream:remotename)%00%(upstream:remoteref) refs/heads/main refs/remotes/main [10ms]
2025-02-19 10:11:52.223 [info] > git config --get commit.template [3ms]
2025-02-19 10:11:52.232 [info] > git for-each-ref --format=%(refname)%00%(upstream:short)%00%(objectname)%00%(upstream:track)%00%(upstream:remotename)%00%(upstream:remoteref) refs/heads/main refs/remotes/main [6ms]
2025-02-19 10:11:52.235 [info] > git for-each-ref --sort -committerdate --format %(refname) %(objectname) %(*objectname) [4ms]
2025-02-19 10:11:52.246 [info] > git status -z -uall [5ms]
2025-02-19 10:11:52.247 [info] > git log --format=%H%n%aN%n%aE%n%at%n%ct%n%P%n%D%n%B -z -n51 --shortstat --follow -- /home/damw1ndy/project1/index.html [8ms]
2025-02-19 10:11:52.294 [info] > git for-each-ref --sort -committerdate --format %(refname) %(objectname) %(*objectname) [51ms]
2025-02-19 10:11:52.305 [info] > git for-each-ref --format=%(refname)%00%(upstream:short)%00%(objectname)%00%(upstream:track)%00%(upstream:remotename)%00%(upstream:remoteref) refs/heads/main refs/remotes/main [6ms]
2025-02-19 10:11:52.308 [info] > git rev-parse --show-toplevel [37ms]
2025-02-19 10:11:52.308 [info] > git hash-object -t tree /dev/null [39ms]
2025-02-19 10:11:52.419 [info] > git config --get --local branch.main.vscode-merge-base [110ms]
2025-02-19 10:11:52.421 [info] > git config --get commit.template [117ms]
2025-02-19 10:11:52.426 [info] > git rev-parse --show-toplevel [8ms]
2025-02-19 10:11:52.426 [info] > git rev-list origin/main..main [116ms]
2025-02-19 10:11:52.438 [info] > git for-each-ref --format=%(refname)%00%(upstream:short)%00%(objectname)%00%(upstream:track)%00%(upstream:remotename)%00%(upstream:remoteref) refs/heads/origin/main refs/remotes/origin/main [17ms]
2025-02-19 10:11:52.442 [info] > git rev-parse --show-toplevel [12ms]
2025-02-19 10:11:52.442 [info] > git for-each-ref --format=%(refname)%00%(upstream:short)%00%(objectname)%00%(upstream:track)%00%(upstream:remotename)%00%(upstream:remoteref) refs/heads/main refs/remotes/main [13ms]
2025-02-19 10:11:52.463 [info] > git merge-base refs/heads/main refs/remotes/origin/main [22ms]
2025-02-19 10:11:52.564 [info] > git rev-parse --show-toplevel [101ms]
2025-02-19 10:11:52.612 [info] > git diff --name-status -z --diff-filter=ADMR c8279a5dfdd82f59a32d16033fa96dfbeac29526...refs/remotes/origin/main [147ms]
2025-02-19 10:11:52.614 [info] > git rev-parse --show-toplevel [48ms]
2025-02-19 10:11:52.620 [info] > git status -z -uall [4ms]
2025-02-19 10:11:52.630 [info] > git rev-parse --show-toplevel [10ms]
2025-02-19 10:11:52.630 [info] > git for-each-ref --sort -committerdate --format %(refname) %(objectname) %(*objectname) [12ms]
2025-02-19 10:11:52.634 [info] > git rev-parse --show-toplevel [0ms]
2025-02-19 10:11:52.666 [info] > git rev-parse --show-toplevel [30ms]
2025-02-19 10:11:52.671 [info] > git rev-parse --git-dir --git-common-dir [3ms]
2025-02-19 10:11:52.674 [info] [Model][openRepository] Opened repository: /home/damw1ndy/.nvm
2025-02-19 10:11:52.695 [info] > git rev-parse --show-toplevel [16ms]
2025-02-19 10:11:52.695 [info] > git config --get commit.template [18ms]
2025-02-19 10:11:52.702 [info] > git rev-parse --show-toplevel [5ms]
2025-02-19 10:11:52.704 [info] > git for-each-ref --format %(refname) %(objectname) %(*objectname) refs/tags [3ms]
2025-02-19 10:11:52.711 [info] > git rev-parse --show-toplevel [7ms]
2025-02-19 10:11:52.713 [info] > git for-each-ref --sort -committerdate --format %(refname) %(objectname) %(*objectname) [5ms]
2025-02-19 10:11:52.714 [info] > git rev-parse --git-dir --git-common-dir [0ms]
2025-02-19 10:11:52.715 [info] [Model][openRepository] Opened repository: /home/damw1ndy/fizzbuzz-js-tdd
2025-02-19 10:11:52.720 [info] > git config --get commit.template [2ms]
2025-02-19 10:11:52.722 [info] > git status -z -uall [16ms]
2025-02-19 10:11:52.724 [info] > git rev-parse --show-toplevel [5ms]
2025-02-19 10:11:52.729 [info] > git for-each-ref --format=%(refname)%00%(upstream:short)%00%(objectname)%00%(upstream:track)%00%(upstream:remotename)%00%(upstream:remoteref) refs/heads/main refs/remotes/main [8ms]
2025-02-19 10:11:52.734 [info] > git rev-parse --git-dir --git-common-dir [5ms]
2025-02-19 10:11:52.737 [info] [Model][openRepository] Opened repository: /home/damw1ndy/html-excercise
2025-02-19 10:11:52.738 [info] > git config --get commit.template [11ms]
2025-02-19 10:11:52.740 [warning] [Git][revParse] Unable to read file: ENOENT: no such file or directory, open '/home/damw1ndy/fizzbuzz-js-tdd/.git/refs/remotes/origin/main'
2025-02-19 10:11:52.751 [info] > git rev-parse --show-toplevel [7ms]
2025-02-19 10:11:52.751 [info] > git config --get commit.template [9ms]
2025-02-19 10:11:52.751 [info] > git rev-parse refs/remotes/origin/main [11ms]
2025-02-19 10:11:52.759 [info] > git for-each-ref --format %(refname) %(objectname) %(*objectname) refs/tags [11ms]
2025-02-19 10:11:52.767 [info] > git status -z -uall [14ms]
2025-02-19 10:11:52.767 [info] > git status -z -uall [6ms]
2025-02-19 10:11:52.767 [info] > git rev-parse --git-dir --git-common-dir [10ms]
2025-02-19 10:11:52.771 [info] [Model][openRepository] Opened repository: /home/damw1ndy/html-excercise1
2025-02-19 10:11:52.772 [info] > git for-each-ref --sort -committerdate --format %(refname) %(objectname) %(*objectname) [17ms]
2025-02-19 10:11:52.931 [info] > git for-each-ref --format=%(refname)%00%(upstream:short)%00%(objectname)%00%(upstream:track)%00%(upstream:remotename)%00%(upstream:remoteref) refs/heads/main refs/remotes/main [154ms]
2025-02-19 10:11:52.933 [info] > git for-each-ref --format=%(refname)%00%(upstream:short)%00%(objectname)%00%(upstream:track)%00%(upstream:remotename)%00%(upstream:remoteref) refs/heads/main refs/remotes/main [168ms]
2025-02-19 10:11:52.937 [info] > git for-each-ref --sort -committerdate --format %(refname) %(objectname) %(*objectname) [174ms]
2025-02-19 10:11:52.972 [info] > git status -z -uall [37ms]
2025-02-19 10:11:52.973 [info] > git for-each-ref --sort -committerdate --format %(refname) %(objectname) %(*objectname) [36ms]
2025-02-19 10:11:52.973 [info] > git config --get --local branch.main.vscode-merge-base [40ms]
2025-02-19 10:11:52.979 [info] > git config --get commit.template [194ms]
2025-02-19 10:11:52.979 [info] > git rev-parse --show-toplevel [196ms]
2025-02-19 10:11:52.979 [info] > git config --get commit.template [198ms]
2025-02-19 10:11:52.986 [info] > git for-each-ref --format=%(refname)%00%(upstream:short)%00%(objectname)%00%(upstream:track)%00%(upstream:remotename)%00%(upstream:remoteref) refs/heads/origin/main refs/remotes/origin/main [7ms]
2025-02-19 10:11:53.012 [info] > git for-each-ref --format=%(refname)%00%(upstream:short)%00%(objectname)%00%(upstream:track)%00%(upstream:remotename)%00%(upstream:remoteref) refs/heads/main refs/remotes/main [10ms]
2025-02-19 10:11:53.014 [info] > git merge-base refs/heads/main refs/remotes/origin/main [26ms]
2025-02-19 10:11:53.016 [info] > git rev-parse --show-toplevel [33ms]
2025-02-19 10:11:53.021 [info] > git config --get --local branch.main.vscode-merge-base [7ms]
2025-02-19 10:11:53.021 [warning] [Git][config] git config failed: Failed to execute git
2025-02-19 10:11:53.023 [info] > git config --get commit.template [12ms]
2025-02-19 10:11:53.023 [info] > git for-each-ref --format=%(refname)%00%(upstream:short)%00%(objectname)%00%(upstream:track)%00%(upstream:remotename)%00%(upstream:remoteref) refs/heads/main refs/remotes/main [16ms]
2025-02-19 10:11:53.023 [info] > git for-each-ref --format=%(refname)%00%(upstream:short)%00%(objectname)%00%(upstream:track)%00%(upstream:remotename)%00%(upstream:remoteref) refs/heads/master refs/remotes/master [18ms]
2025-02-19 10:11:53.030 [warning] [Git][revParse] Unable to read file: ENOENT: no such file or directory, open '/home/damw1ndy/fizzbuzz-js-tdd/.git/refs/remotes/origin/main'
2025-02-19 10:11:53.030 [info] > git status -z -uall [5ms]
2025-02-19 10:11:53.030 [info] > git reflog main --grep-reflog=branch: Created from *. [7ms]
2025-02-19 10:11:53.032 [info] > git rev-parse --show-toplevel [14ms]
2025-02-19 10:11:53.033 [info] > git diff --name-status -z --diff-filter=ADMR 6c71f9a8e4c8dc64a3b7e2d19c3edb4684c92f1c...refs/remotes/origin/main [18ms]
2025-02-19 10:11:53.038 [info] > git symbolic-ref --short refs/remotes/origin/HEAD [6ms]
2025-02-19 10:11:53.039 [info] fatal: ref refs/remotes/origin/HEAD is not a symbolic ref
2025-02-19 10:11:53.039 [warning] [Repository][getDefaultBranch] Failed to get default branch details: Failed to execute git.
2025-02-19 10:11:53.039 [info] > git rev-parse refs/remotes/origin/main [10ms]
2025-02-19 10:11:53.044 [info] > git for-each-ref --sort -committerdate --format %(refname) %(objectname) %(*objectname) [17ms]
2025-02-19 10:11:53.169 [info] > git status -z -uall [127ms]
2025-02-19 10:11:53.169 [info] > git for-each-ref --format=%(refname)%00%(upstream:short)%00%(objectname)%00%(upstream:track)%00%(upstream:remotename)%00%(upstream:remoteref) refs/heads/master refs/remotes/master [122ms]
2025-02-19 10:11:53.171 [info] > git for-each-ref --sort -committerdate --format %(refname) %(objectname) %(*objectname) [127ms]
2025-02-19 10:11:53.173 [info] > git rev-parse --git-dir --git-common-dir [136ms]
2025-02-19 10:11:53.174 [info] [Model][openRepository] Opened repository: /home/damw1ndy/sdi-blended-async-scaffold
2025-02-19 10:11:53.175 [info] > git for-each-ref --format=%(refname)%00%(upstream:short)%00%(objectname)%00%(upstream:track)%00%(upstream:remotename)%00%(upstream:remoteref) refs/heads/main refs/remotes/main [140ms]
2025-02-19 10:11:53.278 [info] > git status -z -uall [102ms]
2025-02-19 10:11:53.279 [info] > git for-each-ref --sort -committerdate --format %(refname) %(objectname) %(*objectname) [100ms]
2025-02-19 10:11:53.286 [info] > git config --get --local branch.master.vscode-merge-base [114ms]
2025-02-19 10:11:53.286 [warning] [Git][config] git config failed: Failed to execute git
2025-02-19 10:11:53.289 [info] > git config --get commit.template [237ms]
2025-02-19 10:11:53.302 [info] > git check-ignore -v -z --stdin [11ms]
2025-02-19 10:11:53.303 [info] > git check-ignore -v -z --stdin [10ms]
2025-02-19 10:11:53.303 [info] > git check-ignore -v -z --stdin [9ms]
2025-02-19 10:11:53.303 [info] > git check-ignore -v -z --stdin [7ms]
2025-02-19 10:11:53.304 [info] > git check-ignore -v -z --stdin [6ms]
2025-02-19 10:11:53.304 [info] > git check-ignore -v -z --stdin [6ms]
2025-02-19 10:11:53.304 [info] > git reflog master --grep-reflog=branch: Created from *. [16ms]
2025-02-19 10:11:53.305 [info] > git rev-parse --show-toplevel [37ms]
2025-02-19 10:11:53.306 [info] > git config --get commit.template [38ms]
2025-02-19 10:11:53.336 [info] > git rev-parse --git-dir --git-common-dir [27ms]
2025-02-19 10:11:53.338 [info] [Model][openRepository] Opened repository: /home/damw1ndy/sdi-workshop-funderbar
2025-02-19 10:11:53.338 [info] > git for-each-ref --format=%(refname)%00%(upstream:short)%00%(objectname)%00%(upstream:track)%00%(upstream:remotename)%00%(upstream:remoteref) refs/heads/master refs/remotes/master [31ms]
2025-02-19 10:11:53.342 [info] > git symbolic-ref --short refs/remotes/origin/HEAD [37ms]
2025-02-19 10:11:53.342 [info] fatal: ref refs/remotes/origin/HEAD is not a symbolic ref
2025-02-19 10:11:53.342 [warning] [Repository][getDefaultBranch] Failed to get default branch details: Failed to execute git.
2025-02-19 10:11:53.346 [info] > git status -z -uall [6ms]
2025-02-19 10:11:53.346 [info] > git for-each-ref --format=%(refname)%00%(upstream:short)%00%(objectname)%00%(upstream:track)%00%(upstream:remotename)%00%(upstream:remoteref) refs/heads/main refs/remotes/main [12ms]
2025-02-19 10:11:53.348 [info] > git rev-parse --show-toplevel [3ms]
2025-02-19 10:11:53.348 [info] > git config --get commit.template [5ms]
2025-02-19 10:11:53.349 [info] > git for-each-ref --sort -committerdate --format %(refname) %(objectname) %(*objectname) [8ms]
2025-02-19 10:11:53.354 [info] > git status -z -uall [1126ms] (cancelled)
2025-02-19 10:11:53.357 [info] > git rev-parse --git-dir --git-common-dir [4ms]
2025-02-19 10:11:53.359 [info] [Model][openRepository] Opened repository: /home/damw1ndy/signup-form
2025-02-19 10:11:53.367 [info] > git check-ignore -v -z --stdin [16ms]
2025-02-19 10:11:53.426 [info] > git status -z -uall [65ms]
2025-02-19 10:11:53.534 [info] > git for-each-ref --format=%(refname)%00%(upstream:short)%00%(objectname)%00%(upstream:track)%00%(upstream:remotename)%00%(upstream:remoteref) refs/heads/main refs/remotes/main [109ms]
2025-02-19 10:11:53.537 [info] > git rev-parse --show-toplevel [171ms]
2025-02-19 10:11:53.537 [info] [Model][doInitialScan] Initial repository scan completed - repositories (9), closed repositories (0), parent repositories (0), unsafe repositories (0)
2025-02-19 10:11:53.541 [info] > git config --get commit.template [176ms]
2025-02-19 10:11:53.541 [info] > git for-each-ref --sort -committerdate --format %(refname) %(objectname) %(*objectname) [178ms]
2025-02-19 10:11:53.545 [info] > git for-each-ref --format=%(refname)%00%(upstream:short)%00%(objectname)%00%(upstream:track)%00%(upstream:remotename)%00%(upstream:remoteref) refs/heads/master refs/remotes/master [189ms]
2025-02-19 10:11:54.176 [info] > git show --textconv :index.html [637ms]
2025-02-19 10:11:54.177 [info] > git for-each-ref --format=%(refname)%00%(upstream:short)%00%(objectname)%00%(upstream:track)%00%(upstream:remotename)%00%(upstream:remoteref) refs/heads/main refs/remotes/main [633ms]
2025-02-19 10:11:54.179 [info] > git ls-files --stage -- /home/damw1ndy/project1/index.html [638ms]
2025-02-19 10:11:54.182 [info] > git config --get --local branch.main.vscode-merge-base [646ms]
2025-02-19 10:11:54.182 [warning] [Git][config] git config failed: Failed to execute git
2025-02-19 10:11:54.184 [info] > git config --get commit.template [660ms]
2025-02-19 10:11:54.289 [info] > git check-ignore -v -z --stdin [103ms]
2025-02-19 10:11:54.289 [info] > git check-ignore -v -z --stdin [101ms]
2025-02-19 10:11:54.290 [info] > git check-ignore -v -z --stdin [100ms]
2025-02-19 10:11:54.290 [info] > git check-ignore -v -z --stdin [98ms]
2025-02-19 10:11:54.290 [info] > git check-ignore -v -z --stdin [96ms]
2025-02-19 10:11:54.290 [info] > git check-ignore -v -z --stdin [94ms]
2025-02-19 10:11:54.290 [info] > git check-ignore -v -z --stdin [92ms]
2025-02-19 10:11:54.291 [info] > git check-ignore -v -z --stdin [92ms]
2025-02-19 10:11:54.291 [info] > git check-ignore -v -z --stdin [90ms]
2025-02-19 10:11:54.291 [info] > git reflog main --grep-reflog=branch: Created from *. [108ms]
2025-02-19 10:11:54.293 [info] > git cat-file -s 6f6952359376d41198d8444af332fab8021cd516 [112ms]
2025-02-19 10:11:54.294 [info] > git config --get --local branch.main.vscode-merge-base [115ms]
2025-02-19 10:11:54.295 [info] > git rev-parse --show-toplevel [128ms]
2025-02-19 10:11:54.296 [info] > git config --get commit.template [131ms]
2025-02-19 10:11:54.326 [info] > git symbolic-ref --short refs/remotes/origin/HEAD [33ms]
2025-02-19 10:11:54.327 [info] fatal: ref refs/remotes/origin/HEAD is not a symbolic ref
2025-02-19 10:11:54.327 [warning] [Repository][getDefaultBranch] Failed to get default branch details: Failed to execute git.
2025-02-19 10:11:54.329 [info] > git for-each-ref --format=%(refname)%00%(upstream:short)%00%(objectname)%00%(upstream:track)%00%(upstream:remotename)%00%(upstream:remoteref) refs/heads/master refs/remotes/master [125ms]
2025-02-19 10:11:54.341 [info] > git status -z -uall [10ms]
2025-02-19 10:11:54.341 [info] > git status -z -uall [5ms]
2025-02-19 10:11:54.341 [info] > git merge-base refs/heads/main refs/remotes/origin/main [12ms]
2025-02-19 10:11:54.343 [info] > git log --format=%H%n%aN%n%aE%n%at%n%ct%n%P%n%D%n%B -z -n51 --shortstat --follow -- /home/damw1ndy/project1/index.html [39ms]
2025-02-19 10:11:54.346 [info] > git for-each-ref --format=%(refname)%00%(upstream:short)%00%(objectname)%00%(upstream:track)%00%(upstream:remotename)%00%(upstream:remoteref) refs/heads/main refs/remotes/main [48ms]
2025-02-19 10:11:54.346 [info] > git for-each-ref --format=%(refname)%00%(upstream:short)%00%(objectname)%00%(upstream:track)%00%(upstream:remotename)%00%(upstream:remoteref) refs/heads/origin/main refs/remotes/origin/main [51ms]
2025-02-19 10:11:54.351 [info] > git hash-object -t tree /dev/null [5ms]
2025-02-19 10:11:54.351 [info] > git diff --name-status -z --diff-filter=ADMR d22442d74bd5c540cc3b9c087b4095bf0e78db4c...refs/remotes/origin/main [8ms]
2025-02-19 10:11:54.352 [info] > git blame --root --incremental c8279a5dfdd82f59a32d16033fa96dfbeac29526 -- /home/damw1ndy/project1/index.html [11ms]
2025-02-19 10:11:54.354 [info] > git for-each-ref --sort -committerdate --format %(refname) %(objectname) %(*objectname) [16ms]
2025-02-19 10:11:54.358 [info] > git for-each-ref --format=%(refname)%00%(upstream:short)%00%(objectname)%00%(upstream:track)%00%(upstream:remotename)%00%(upstream:remoteref) refs/heads/main refs/remotes/main [24ms]
2025-02-19 10:11:54.358 [info] > git for-each-ref --sort -committerdate --format %(refname) %(objectname) %(*objectname) [25ms]
2025-02-19 10:11:54.373 [info] > git for-each-ref --format=%(refname)%00%(upstream:short)%00%(objectname)%00%(upstream:track)%00%(upstream:remotename)%00%(upstream:remoteref) refs/heads/master refs/remotes/master [12ms]
2025-02-19 10:11:54.375 [info] > git for-each-ref --format=%(refname)%00%(upstream:short)%00%(objectname)%00%(upstream:track)%00%(upstream:remotename)%00%(upstream:remoteref) refs/heads/master refs/remotes/master [18ms]
2025-02-19 10:11:54.377 [info] > git merge-base refs/heads/main refs/remotes/origin/main [29ms]
2025-02-19 10:11:54.601 [info] > git config --get --local branch.master.vscode-merge-base [224ms]
2025-02-19 10:11:54.603 [info] > git config --get --local branch.master.vscode-merge-base [228ms]
2025-02-19 10:11:54.603 [warning] [Git][config] git config failed: Failed to execute git
2025-02-19 10:11:54.605 [info] > git config --get commit.template [232ms]
2025-02-19 10:11:54.605 [info] > git config --get commit.template [234ms]
2025-02-19 10:11:54.614 [info] > git for-each-ref --format=%(refname)%00%(upstream:short)%00%(objectname)%00%(upstream:track)%00%(upstream:remotename)%00%(upstream:remoteref) refs/heads/origin/master refs/remotes/origin/master [11ms]
2025-02-19 10:11:54.616 [info] > git diff --name-status -z --diff-filter=ADMR 249380afce8de72327a97db7bc0e7ff46a799dea...refs/remotes/origin/main [237ms]
2025-02-19 10:11:54.625 [info] > git for-each-ref --sort -committerdate --format %(refname) %(objectname) %(*objectname) [15ms]
2025-02-19 10:11:54.626 [info] > git reflog master --grep-reflog=branch: Created from *. [21ms]
2025-02-19 10:11:54.630 [info] > git status -z -uall [9ms]
2025-02-19 10:11:54.630 [info] > git for-each-ref --format=%(refname)%00%(upstream:short)%00%(objectname)%00%(upstream:track)%00%(upstream:remotename)%00%(upstream:remoteref) refs/heads/master refs/remotes/master [5ms]
2025-02-19 10:11:54.634 [info] > git for-each-ref --sort -committerdate --format %(refname) %(objectname) %(*objectname) [11ms]
2025-02-19 10:11:54.636 [info] > git for-each-ref --format=%(refname)%00%(upstream:short)%00%(objectname)%00%(upstream:track)%00%(upstream:remotename)%00%(upstream:remoteref) refs/heads/master refs/remotes/master [17ms]
2025-02-19 10:11:54.636 [info] > git merge-base refs/heads/master refs/remotes/origin/master [20ms]
2025-02-19 10:11:54.638 [info] > git status -z -uall [6ms]
2025-02-19 10:11:54.639 [info] > git for-each-ref --sort -committerdate --format %(refname) %(objectname) %(*objectname) [4ms]
2025-02-19 10:11:54.642 [info] > git symbolic-ref --short refs/remotes/origin/HEAD [15ms]
2025-02-19 10:11:54.642 [info] fatal: ref refs/remotes/origin/HEAD is not a symbolic ref
2025-02-19 10:11:54.642 [warning] [Repository][getDefaultBranch] Failed to get default branch details: Failed to execute git.
2025-02-19 10:11:54.643 [info] > git for-each-ref --format=%(refname)%00%(upstream:short)%00%(objectname)%00%(upstream:track)%00%(upstream:remotename)%00%(upstream:remoteref) refs/heads/master refs/remotes/master [2ms]
2025-02-19 10:11:54.645 [info] > git diff --name-status -z --diff-filter=ADMR 027994fb929ccf6e6a85a7bbb5590716e2a19d61...refs/remotes/origin/master [7ms]
2025-02-19 10:11:54.650 [info] > git status -z -uall [3ms]
2025-02-19 10:11:54.650 [info] > git config --get --local branch.master.vscode-merge-base [5ms]
2025-02-19 10:11:54.650 [warning] [Git][config] git config failed: Failed to execute git
2025-02-19 10:11:54.653 [info] > git for-each-ref --sort -committerdate --format %(refname) %(objectname) %(*objectname) [4ms]
2025-02-19 10:11:54.655 [info] > git reflog master --grep-reflog=branch: Created from *. [3ms]
2025-02-19 10:11:54.660 [info] > git symbolic-ref --short refs/remotes/origin/HEAD [3ms]
2025-02-19 10:11:54.660 [info] fatal: ref refs/remotes/origin/HEAD is not a symbolic ref
2025-02-19 10:11:54.660 [warning] [Repository][getDefaultBranch] Failed to get default branch details: Failed to execute git.
2025-02-19 10:11:54.697 [info] > git status -z -uall [89ms] (cancelled)
2025-02-19 10:11:54.698 [info] > git check-ignore -v -z --stdin [1ms]
2025-02-19 10:12:36.582 [info] > git log --format=%H%n%aN%n%aE%n%at%n%ct%n%P%n%D%n%B -z -n51 --shortstat --follow -- /home/damw1ndy/project1/poke.js [3ms]
2025-02-19 10:12:36.811 [info] > git log --format=%H%n%aN%n%aE%n%at%n%ct%n%P%n%D%n%B -z -n101 --shortstat --follow -- /home/damw1ndy/project1/poke.js [49ms]
2025-02-19 10:12:36.935 [info] > git show --textconv :poke.js [6ms]
2025-02-19 10:12:36.936 [info] > git ls-files --stage -- /home/damw1ndy/project1/poke.js [5ms]
2025-02-19 10:12:36.940 [info] > git cat-file -s 657c58a4eb489f5dbfb3cf19d45f1d8ddf4c6d61 [1ms]
2025-02-19 10:12:37.004 [info] > git blame --root --incremental c8279a5dfdd82f59a32d16033fa96dfbeac29526 -- /home/damw1ndy/project1/poke.js [2ms]
2025-02-19 10:13:28.944 [info] > git log --format=%H%n%aN%n%aE%n%at%n%ct%n%P%n%D%n%B -z -n51 --shortstat --follow -- /home/damw1ndy/project1/main.css [40ms]
2025-02-19 10:13:29.008 [info] > git show --textconv :main.css [4ms]
2025-02-19 10:13:29.008 [info] > git ls-files --stage -- /home/damw1ndy/project1/main.css [1ms]
2025-02-19 10:13:29.012 [info] > git cat-file -s bf4f9e9943766535c6982380d9a33af298ec1756 [1ms]
2025-02-19 10:13:29.053 [info] > git blame --root --incremental c8279a5dfdd82f59a32d16033fa96dfbeac29526 -- /home/damw1ndy/project1/main.css [4ms]
2025-02-19 10:14:14.057 [info] > git config --get commit.template [3ms]
2025-02-19 10:14:14.058 [info] > git for-each-ref --format=%(refname)%00%(upstream:short)%00%(objectname)%00%(upstream:track)%00%(upstream:remotename)%00%(upstream:remoteref) refs/heads/main refs/remotes/main [2ms]
2025-02-19 10:14:14.065 [info] > git status -z -uall [4ms]
2025-02-19 10:14:14.065 [info] > git for-each-ref --sort -committerdate --format %(refname) %(objectname) %(*objectname) [1ms]
2025-02-19 10:16:56.779 [info] > git log --format=%H%n%aN%n%aE%n%at%n%ct%n%P%n%D%n%B -z -n51 --shortstat --follow -- /home/damw1ndy/project1/poke.js [5ms]
2025-02-19 10:16:56.789 [info] > git log --format=%H%n%aN%n%aE%n%at%n%ct%n%P%n%D%n%B -z -n101 --shortstat --follow -- /home/damw1ndy/project1/poke.js [12ms]
2025-02-19 10:16:56.936 [info] > git show --textconv :poke.js [4ms]
2025-02-19 10:16:56.936 [info] > git ls-files --stage -- /home/damw1ndy/project1/poke.js [1ms]
2025-02-19 10:16:56.940 [info] > git cat-file -s 657c58a4eb489f5dbfb3cf19d45f1d8ddf4c6d61 [2ms]
2025-02-19 10:17:42.452 [info] > git log --format=%H%n%aN%n%aE%n%at%n%ct%n%P%n%D%n%B -z -n51 --shortstat --follow -- /home/damw1ndy/project1/main.css [3ms]
2025-02-19 10:17:42.623 [info] > git show --textconv :main.css [3ms]
2025-02-19 10:17:42.623 [info] > git ls-files --stage -- /home/damw1ndy/project1/main.css [0ms]
2025-02-19 10:17:42.627 [info] > git cat-file -s bf4f9e9943766535c6982380d9a33af298ec1756 [1ms]
2025-02-19 10:17:45.822 [info] > git log --format=%H%n%aN%n%aE%n%at%n%ct%n%P%n%D%n%B -z -n51 --shortstat --follow -- /home/damw1ndy/project1/poke.js [3ms]
2025-02-19 10:17:45.945 [info] > git config --get commit.template [3ms]
2025-02-19 10:17:45.946 [info] > git for-each-ref --format=%(refname)%00%(upstream:short)%00%(objectname)%00%(upstream:track)%00%(upstream:remotename)%00%(upstream:remoteref) refs/heads/main refs/remotes/main [1ms]
2025-02-19 10:17:45.952 [info] > git status -z -uall [3ms]
2025-02-19 10:17:45.953 [info] > git for-each-ref --sort -committerdate --format %(refname) %(objectname) %(*objectname) [1ms]
2025-02-19 10:17:46.017 [info] > git show --textconv :poke.js [4ms]
2025-02-19 10:17:46.017 [info] > git ls-files --stage -- /home/damw1ndy/project1/poke.js [1ms]
2025-02-19 10:17:46.021 [info] > git cat-file -s 657c58a4eb489f5dbfb3cf19d45f1d8ddf4c6d61 [1ms]
2025-02-19 10:17:47.920 [info] > git log --format=%H%n%aN%n%aE%n%at%n%ct%n%P%n%D%n%B -z -n51 --shortstat --follow -- /home/damw1ndy/project1/README.md [109ms]
2025-02-19 10:17:48.083 [info] > git show --textconv :README.md [4ms]
2025-02-19 10:17:48.084 [info] > git ls-files --stage -- /home/damw1ndy/project1/README.md [2ms]
2025-02-19 10:17:48.088 [info] > git cat-file -s 2f0a1fb5e9b9da323c3420fde7351f61d251a1c1 [1ms]
2025-02-19 10:17:48.110 [info] > git blame --root --incremental c8279a5dfdd82f59a32d16033fa96dfbeac29526 -- /home/damw1ndy/project1/README.md [13ms]
2025-02-19 10:17:49.175 [info] > git log --format=%H%n%aN%n%aE%n%at%n%ct%n%P%n%D%n%B -z -n51 --shortstat --follow -- /home/damw1ndy/project1/index.html [3ms]
2025-02-19 10:17:49.346 [info] > git show --textconv :index.html [2ms]
2025-02-19 10:17:49.347 [info] > git ls-files --stage -- /home/damw1ndy/project1/index.html [1ms]
2025-02-19 10:17:49.350 [info] > git cat-file -s 6f6952359376d41198d8444af332fab8021cd516 [1ms]
2025-02-19 10:17:50.970 [info] > git config --get commit.template [4ms]
2025-02-19 10:17:50.970 [info] > git for-each-ref --format=%(refname)%00%(upstream:short)%00%(objectname)%00%(upstream:track)%00%(upstream:remotename)%00%(upstream:remoteref) refs/heads/main refs/remotes/main [1ms]
2025-02-19 10:17:50.976 [info] > git status -z -uall [3ms]
2025-02-19 10:17:50.977 [info] > git for-each-ref --sort -committerdate --format %(refname) %(objectname) %(*objectname) [1ms]
