0 verbose cli /usr/bin/node /usr/bin/npm
1 info using npm@9.2.0
2 info using node@v18.19.1
3 timing npm:load:whichnode Completed in 0ms
4 timing config:load:defaults Completed in 2ms
5 timing config:load:file:/usr/share/nodejs/npm/npmrc Completed in 3ms
6 timing config:load:builtin Completed in 3ms
7 timing config:load:cli Completed in 1ms
8 timing config:load:env Completed in 1ms
9 timing config:load:file:/home/damw1ndy/.cache/typescript/5.7/.npmrc Completed in 0ms
10 timing config:load:project Completed in 3ms
11 timing config:load:file:/home/damw1ndy/.npmrc Completed in 0ms
12 timing config:load:user Completed in 1ms
13 timing config:load:file:/etc/npmrc Completed in 0ms
14 timing config:load:global Completed in 0ms
15 timing config:load:setEnvs Completed in 1ms
16 timing config:load Completed in 12ms
17 timing npm:load:configload Completed in 12ms
18 timing npm:load:mkdirpcache Completed in 0ms
19 timing npm:load:mkdirplogs Completed in 1ms
20 verbose title npm install types-registry@latest
21 verbose argv "install" "--ignore-scripts" "types-registry@latest"
22 timing npm:load:setTitle Completed in 1ms
23 timing config:load:flatten Completed in 2ms
24 timing npm:load:display Completed in 3ms
25 verbose logfile logs-max:10 dir:/home/damw1ndy/.npm/_logs/2025-02-18T15_09_23_961Z-
26 verbose logfile /home/damw1ndy/.npm/_logs/2025-02-18T15_09_23_961Z-debug-0.log
27 timing npm:load:logFile Completed in 6ms
28 timing npm:load:timers Completed in 0ms
29 timing npm:load:configScope Completed in 0ms
30 timing npm:load Completed in 23ms
31 silly logfile start cleaning logs, removing 1 files
32 timing config:load:flatten Completed in 0ms
33 timing arborist:ctor Completed in 1ms
34 silly logfile done cleaning log files
35 timing idealTree:init Completed in 38ms
36 timing arborist:ctor Completed in 0ms
37 http fetch GET 200 https://registry.npmjs.org/types-registry 341ms (cache updated)
38 timing idealTree:userRequests Completed in 349ms
39 silly idealTree buildDeps
40 silly fetch manifest types-registry@0.1.708
41 silly placeDep ROOT types-registry@0.1.708 REPLACE for:  want: 0.1.708
42 timing idealTree:#root Completed in 5ms
43 timing idealTree:node_modules/types-registry Completed in 0ms
44 timing idealTree:buildDeps Completed in 5ms
45 timing idealTree:fixDepFlags Completed in 0ms
46 timing idealTree Completed in 396ms
47 timing reify:loadTrees Completed in 396ms
48 timing reify:diffTrees Completed in 3ms
49 silly reify mark retired [ '/home/damw1ndy/.cache/typescript/5.7/node_modules/types-registry' ]
50 silly reify moves {
50 silly reify   '/home/damw1ndy/.cache/typescript/5.7/node_modules/types-registry': '/home/damw1ndy/.cache/typescript/5.7/node_modules/.types-registry-xiVK1Bmp'
50 silly reify }
51 timing reify:retireShallow Completed in 3ms
52 timing reify:createSparse Completed in 1ms
53 timing reify:loadBundles Completed in 0ms
54 silly audit bulk request {
54 silly audit   '@babel/code-frame': [ '7.26.2' ],
54 silly audit   '@babel/helper-validator-identifier': [ '7.25.9' ],
54 silly audit   '@jest/expect-utils': [ '29.7.0' ],
54 silly audit   '@jest/schemas': [ '29.6.3' ],
54 silly audit   '@jest/types': [ '29.6.3' ],
54 silly audit   '@sinclair/typebox': [ '0.27.8' ],
54 silly audit   '@types/istanbul-lib-coverage': [ '2.0.6' ],
54 silly audit   '@types/istanbul-lib-report': [ '3.0.3' ],
54 silly audit   '@types/istanbul-reports': [ '3.0.4' ],
54 silly audit   '@types/jest': [ '29.5.14' ],
54 silly audit   '@types/live-server': [ '1.2.3' ],
54 silly audit   '@types/lodash': [ '4.17.15' ],
54 silly audit   '@types/node': [ '22.13.1' ],
54 silly audit   '@types/prompt-sync': [ '4.2.3' ],
54 silly audit   '@types/stack-utils': [ '2.0.3' ],
54 silly audit   '@types/yargs': [ '17.0.33' ],
54 silly audit   '@types/yargs-parser': [ '21.0.3' ],
54 silly audit   'ansi-styles': [ '4.3.0', '5.2.0' ],
54 silly audit   braces: [ '3.0.3' ],
54 silly audit   chalk: [ '4.1.2' ],
54 silly audit   'ci-info': [ '3.9.0' ],
54 silly audit   'color-convert': [ '2.0.1' ],
54 silly audit   'color-name': [ '1.1.4' ],
54 silly audit   'diff-sequences': [ '29.6.3' ],
54 silly audit   'escape-string-regexp': [ '2.0.0' ],
54 silly audit   expect: [ '29.7.0' ],
54 silly audit   'fill-range': [ '7.1.1' ],
54 silly audit   'graceful-fs': [ '4.2.11' ],
54 silly audit   'has-flag': [ '4.0.0' ],
54 silly audit   'is-number': [ '7.0.0' ],
54 silly audit   'jest-diff': [ '29.7.0' ],
54 silly audit   'jest-get-type': [ '29.6.3' ],
54 silly audit   'jest-matcher-utils': [ '29.7.0' ],
54 silly audit   'jest-message-util': [ '29.7.0' ],
54 silly audit   'jest-util': [ '29.7.0' ],
54 silly audit   'js-tokens': [ '4.0.0' ],
54 silly audit   micromatch: [ '4.0.8' ],
54 silly audit   picocolors: [ '1.1.1' ],
54 silly audit   picomatch: [ '2.3.1' ],
54 silly audit   'pretty-format': [ '29.7.0' ],
54 silly audit   'react-is': [ '18.3.1' ],
54 silly audit   slash: [ '3.0.0' ],
54 silly audit   'stack-utils': [ '2.0.6' ],
54 silly audit   'supports-color': [ '7.2.0' ],
54 silly audit   'to-regex-range': [ '5.0.1' ],
54 silly audit   'undici-types': [ '6.20.0' ],
54 silly audit   'types-registry': [ '0.1.708' ]
54 silly audit }
55 silly tarball no local data for types-registry@https://registry.npmjs.org/types-registry/-/types-registry-0.1.708.tgz. Extracting by manifest.
56 http fetch POST 200 https://registry.npmjs.org/-/npm/v1/security/advisories/bulk 80ms
57 timing auditReport:getReport Completed in 81ms
58 silly audit report {}
59 timing auditReport:init Completed in 0ms
60 timing reify:audit Completed in 83ms
61 http fetch GET 200 https://registry.npmjs.org/types-registry/-/types-registry-0.1.708.tgz 224ms (cache miss)
62 timing reifyNode:node_modules/types-registry Completed in 230ms
63 timing reify:unpack Completed in 230ms
64 timing reify:unretire Completed in 0ms
65 timing build:queue Completed in 0ms
66 timing build:deps Completed in 0ms
67 timing build Completed in 0ms
68 timing reify:build Completed in 1ms
69 timing reify:trash Completed in 2ms
70 timing reify:save Completed in 11ms
71 timing reify Completed in 656ms
72 silly CHANGE node_modules/types-registry
73 timing command:install Completed in 661ms
74 verbose exit 0
75 timing npm Completed in 700ms
76 info ok
