0 verbose cli /usr/bin/node /usr/bin/npm
1 info using npm@9.2.0
2 info using node@v18.19.1
3 timing npm:load:whichnode Completed in 0ms
4 timing config:load:defaults Completed in 2ms
5 timing config:load:file:/usr/share/nodejs/npm/npmrc Completed in 2ms
6 timing config:load:builtin Completed in 2ms
7 timing config:load:cli Completed in 2ms
8 timing config:load:env Completed in 1ms
9 timing config:load:file:/home/damw1ndy/.cache/typescript/5.7/.npmrc Completed in 0ms
10 timing config:load:project Completed in 4ms
11 timing config:load:file:/home/damw1ndy/.npmrc Completed in 0ms
12 timing config:load:user Completed in 0ms
13 timing config:load:file:/etc/npmrc Completed in 0ms
14 timing config:load:global Completed in 0ms
15 timing config:load:setEnvs Completed in 1ms
16 timing config:load Completed in 12ms
17 timing npm:load:configload Completed in 12ms
18 timing npm:load:mkdirpcache Completed in 0ms
19 timing npm:load:mkdirplogs Completed in 0ms
20 verbose title npm install @types/prompt-sync@ts5.7
21 verbose argv "install" "--ignore-scripts" "@types/prompt-sync@ts5.7" "--save-dev" "--user-agent" "typesInstaller/5.7.3"
22 timing npm:load:setTitle Completed in 2ms
23 timing config:load:flatten Completed in 3ms
24 timing npm:load:display Completed in 3ms
25 verbose logfile logs-max:10 dir:/home/damw1ndy/.npm/_logs/2025-02-14T18_54_26_801Z-
26 verbose logfile /home/damw1ndy/.npm/_logs/2025-02-14T18_54_26_801Z-debug-0.log
27 timing npm:load:logFile Completed in 6ms
28 timing npm:load:timers Completed in 0ms
29 timing npm:load:configScope Completed in 0ms
30 timing npm:load Completed in 24ms
31 silly logfile start cleaning logs, removing 1 files
32 timing config:load:flatten Completed in 1ms
33 timing arborist:ctor Completed in 1ms
34 silly logfile done cleaning log files
35 timing idealTree:init Completed in 44ms
36 timing arborist:ctor Completed in 0ms
37 http fetch GET 200 https://registry.npmjs.org/@types%2fprompt-sync 276ms (cache updated)
38 timing idealTree:userRequests Completed in 281ms
39 silly idealTree buildDeps
40 silly fetch manifest @types/prompt-sync@4.2.3
41 silly placeDep ROOT @types/prompt-sync@4.2.3 REPLACE for:  want: 4.2.3
42 timing idealTree:#root Completed in 5ms
43 timing idealTree:node_modules/@types/prompt-sync Completed in 0ms
44 timing idealTree:buildDeps Completed in 5ms
45 timing idealTree:fixDepFlags Completed in 1ms
46 timing idealTree Completed in 333ms
47 timing reify:loadTrees Completed in 335ms
48 timing reify:diffTrees Completed in 2ms
49 silly reify moves {}
50 timing reify:retireShallow Completed in 1ms
51 timing reify:createSparse Completed in 0ms
52 timing reify:loadBundles Completed in 0ms
53 silly audit bulk request {
53 silly audit   '@babel/code-frame': [ '7.26.2' ],
53 silly audit   '@babel/helper-validator-identifier': [ '7.25.9' ],
53 silly audit   '@jest/expect-utils': [ '29.7.0' ],
53 silly audit   '@jest/schemas': [ '29.6.3' ],
53 silly audit   '@jest/types': [ '29.6.3' ],
53 silly audit   '@sinclair/typebox': [ '0.27.8' ],
53 silly audit   '@types/istanbul-lib-coverage': [ '2.0.6' ],
53 silly audit   '@types/istanbul-lib-report': [ '3.0.3' ],
53 silly audit   '@types/istanbul-reports': [ '3.0.4' ],
53 silly audit   '@types/jest': [ '29.5.14' ],
53 silly audit   '@types/live-server': [ '1.2.3' ],
53 silly audit   '@types/lodash': [ '4.17.15' ],
53 silly audit   '@types/node': [ '22.13.1' ],
53 silly audit   '@types/stack-utils': [ '2.0.3' ],
53 silly audit   '@types/yargs': [ '17.0.33' ],
53 silly audit   '@types/yargs-parser': [ '21.0.3' ],
53 silly audit   'ansi-styles': [ '4.3.0', '5.2.0' ],
53 silly audit   braces: [ '3.0.3' ],
53 silly audit   chalk: [ '4.1.2' ],
53 silly audit   'ci-info': [ '3.9.0' ],
53 silly audit   'color-convert': [ '2.0.1' ],
53 silly audit   'color-name': [ '1.1.4' ],
53 silly audit   'diff-sequences': [ '29.6.3' ],
53 silly audit   'escape-string-regexp': [ '2.0.0' ],
53 silly audit   expect: [ '29.7.0' ],
53 silly audit   'fill-range': [ '7.1.1' ],
53 silly audit   'graceful-fs': [ '4.2.11' ],
53 silly audit   'has-flag': [ '4.0.0' ],
53 silly audit   'is-number': [ '7.0.0' ],
53 silly audit   'jest-diff': [ '29.7.0' ],
53 silly audit   'jest-get-type': [ '29.6.3' ],
53 silly audit   'jest-matcher-utils': [ '29.7.0' ],
53 silly audit   'jest-message-util': [ '29.7.0' ],
53 silly audit   'jest-util': [ '29.7.0' ],
53 silly audit   'js-tokens': [ '4.0.0' ],
53 silly audit   micromatch: [ '4.0.8' ],
53 silly audit   picocolors: [ '1.1.1' ],
53 silly audit   picomatch: [ '2.3.1' ],
53 silly audit   'pretty-format': [ '29.7.0' ],
53 silly audit   'react-is': [ '18.3.1' ],
53 silly audit   slash: [ '3.0.0' ],
53 silly audit   'stack-utils': [ '2.0.6' ],
53 silly audit   'supports-color': [ '7.2.0' ],
53 silly audit   'to-regex-range': [ '5.0.1' ],
53 silly audit   'types-registry': [ '0.1.707' ],
53 silly audit   'undici-types': [ '6.20.0' ],
53 silly audit   '@types/prompt-sync': [ '4.2.3' ]
53 silly audit }
54 timing reify:unpack Completed in 1ms
55 timing reify:unretire Completed in 0ms
56 timing build:queue Completed in 0ms
57 timing build:deps Completed in 0ms
58 timing build Completed in 0ms
59 timing reify:build Completed in 1ms
60 timing reify:trash Completed in 0ms
61 timing reify:save Completed in 13ms
62 http fetch POST 200 https://registry.npmjs.org/-/npm/v1/security/advisories/bulk 115ms
63 timing auditReport:getReport Completed in 118ms
64 silly audit report {}
65 timing auditReport:init Completed in 0ms
66 timing reify:audit Completed in 118ms
67 timing reify Completed in 459ms
68 timing command:install Completed in 464ms
69 verbose exit 0
70 timing npm Completed in 500ms
71 info ok
