2025-02-12 07:49:21.200 [info] Extension host with pid 1258 started
2025-02-12 07:49:21.212 [info] Lock '/home/damw1ndy/.vscode-server/data/User/workspaceStorage/ddb661839fca3495058a68d30382d5f5/vscode.lock': Lock acquired.
2025-02-12 07:49:21.253 [info] ExtensionService#_doActivateExtension vscode.git-base, startup: true, activationEvent: '*', root cause: vscode.git
2025-02-12 07:49:21.260 [info] ExtensionService#_doActivateExtension vscode.npm, startup: true, activationEvent: 'workspaceContains:package.json'
2025-02-12 07:49:21.295 [info] ExtensionService#_doActivateExtension vscode.git, startup: true, activationEvent: '*'
2025-02-12 07:49:21.296 [info] ExtensionService#_doActivateExtension vscode.github, startup: true, activationEvent: '*'
2025-02-12 07:49:21.488 [info] Eager extensions activated
2025-02-12 07:49:21.488 [info] ExtensionService#_doActivateExtension vscode.debug-auto-launch, startup: false, activationEvent: 'onStartupFinished'
2025-02-12 07:49:21.488 [info] ExtensionService#_doActivateExtension vscode.merge-conflict, startup: false, activationEvent: 'onStartupFinished'
2025-02-12 07:49:21.489 [info] ExtensionService#_doActivateExtension ritwickdey.LiveServer, startup: false, activationEvent: 'onStartupFinished'
2025-02-12 07:49:21.531 [info] ExtensionService#_doActivateExtension ms-vsliveshare.vsliveshare, startup: false, activationEvent: 'api', root cause: ritwickdey.LiveServer
2025-02-12 07:49:21.890 [info] ExtensionService#_doActivateExtension vscode.emmet, startup: false, activationEvent: 'onLanguage'
2025-02-12 07:49:26.832 [info] ExtensionService#_doActivateExtension vscode.configuration-editing, startup: false, activationEvent: 'onLanguage:json'
2025-02-12 07:49:26.832 [info] ExtensionService#_doActivateExtension vscode.extension-editing, startup: false, activationEvent: 'onLanguage:json'
2025-02-12 07:49:26.832 [info] ExtensionService#_doActivateExtension vscode.json-language-features, startup: false, activationEvent: 'onLanguage:json'
2025-02-12 07:54:22.104 [info] Extension host terminating: received terminate message from renderer
2025-02-12 07:54:22.105 [info] Lock '/home/damw1ndy/.vscode-server/data/User/workspaceStorage/ddb661839fca3495058a68d30382d5f5/vscode.lock': Marking the lockfile as scheduled to be released in 6000 ms.
2025-02-12 07:54:22.150 [error] Canceled: Canceled
	at new XT (file:///home/damw1ndy/.vscode-server/bin/e249dada235c2083c83813bd65b7f4707fb97b76/out/vs/workbench/api/node/extensionHostProcess.js:29:153701)
	at Uy.U (file:///home/damw1ndy/.vscode-server/bin/e249dada235c2083c83813bd65b7f4707fb97b76/out/vs/workbench/api/node/extensionHostProcess.js:29:158311)
	at s.<computed>.n.charCodeAt.s.<computed> (file:///home/damw1ndy/.vscode-server/bin/e249dada235c2083c83813bd65b7f4707fb97b76/out/vs/workbench/api/node/extensionHostProcess.js:29:155805)
	at mw.g (file:///home/damw1ndy/.vscode-server/bin/e249dada235c2083c83813bd65b7f4707fb97b76/out/vs/workbench/api/node/extensionHostProcess.js:112:32221)
	at mw.executeCommand (file:///home/damw1ndy/.vscode-server/bin/e249dada235c2083c83813bd65b7f4707fb97b76/out/vs/workbench/api/node/extensionHostProcess.js:112:31725)
	at r.registerCommand.description (file:///home/damw1ndy/.vscode-server/bin/e249dada235c2083c83813bd65b7f4707fb97b76/out/vs/workbench/api/node/extensionHostProcess.js:112:31055)
	at mw.h (file:///home/damw1ndy/.vscode-server/bin/e249dada235c2083c83813bd65b7f4707fb97b76/out/vs/workbench/api/node/extensionHostProcess.js:112:32741)
	at mw.g (file:///home/damw1ndy/.vscode-server/bin/e249dada235c2083c83813bd65b7f4707fb97b76/out/vs/workbench/api/node/extensionHostProcess.js:112:31818)
	at mw.executeCommand (file:///home/damw1ndy/.vscode-server/bin/e249dada235c2083c83813bd65b7f4707fb97b76/out/vs/workbench/api/node/extensionHostProcess.js:112:31725)
	at Object.executeCommand (file:///home/damw1ndy/.vscode-server/bin/e249dada235c2083c83813bd65b7f4707fb97b76/out/vs/workbench/api/node/extensionHostProcess.js:172:37254)
	at Ah.L [as value] (/home/damw1ndy/.vscode-server/bin/e249dada235c2083c83813bd65b7f4707fb97b76/extensions/git/dist/main.js:2:997602)
	at D.B (file:///home/damw1ndy/.vscode-server/bin/e249dada235c2083c83813bd65b7f4707fb97b76/out/vs/workbench/api/node/extensionHostProcess.js:27:2373)
	at D.C (file:///home/damw1ndy/.vscode-server/bin/e249dada235c2083c83813bd65b7f4707fb97b76/out/vs/workbench/api/node/extensionHostProcess.js:27:2443)
	at D.fire (file:///home/damw1ndy/.vscode-server/bin/e249dada235c2083c83813bd65b7f4707fb97b76/out/vs/workbench/api/node/extensionHostProcess.js:27:2660)
	at Object.p [as dispose] (/home/damw1ndy/.vscode-server/bin/e249dada235c2083c83813bd65b7f4707fb97b76/extensions/git/dist/main.js:2:1020242)
	at /home/damw1ndy/.vscode-server/bin/e249dada235c2083c83813bd65b7f4707fb97b76/extensions/git/dist/main.js:2:1026621
	at Array.forEach (<anonymous>)
	at b.dispose (/home/damw1ndy/.vscode-server/bin/e249dada235c2083c83813bd65b7f4707fb97b76/extensions/git/dist/main.js:2:1026607)
	at cv.<anonymous> (file:///home/damw1ndy/.vscode-server/bin/e249dada235c2083c83813bd65b7f4707fb97b76/out/vs/workbench/api/node/extensionHostProcess.js:106:20084)
	at cv.dispose (file:///home/damw1ndy/.vscode-server/bin/e249dada235c2083c83813bd65b7f4707fb97b76/out/vs/workbench/api/node/extensionHostProcess.js:106:20180)
	at cv.<anonymous> (/home/damw1ndy/.vscode-server/bin/e249dada235c2083c83813bd65b7f4707fb97b76/extensions/git/dist/main.js:2:1000086)
	at cv.dispose (file:///home/damw1ndy/.vscode-server/bin/e249dada235c2083c83813bd65b7f4707fb97b76/out/vs/workbench/api/node/extensionHostProcess.js:106:20180)
	at ui (file:///home/damw1ndy/.vscode-server/bin/e249dada235c2083c83813bd65b7f4707fb97b76/out/vs/workbench/api/node/extensionHostProcess.js:25:699)
	at file:///home/damw1ndy/.vscode-server/bin/e249dada235c2083c83813bd65b7f4707fb97b76/out/vs/workbench/api/node/extensionHostProcess.js:116:14992
	at file:///home/damw1ndy/.vscode-server/bin/e249dada235c2083c83813bd65b7f4707fb97b76/out/vs/workbench/api/node/extensionHostProcess.js:25:1009
	at Object.dispose (file:///home/damw1ndy/.vscode-server/bin/e249dada235c2083c83813bd65b7f4707fb97b76/out/vs/workbench/api/node/extensionHostProcess.js:8:705)
	at PW.eb (file:///home/damw1ndy/.vscode-server/bin/e249dada235c2083c83813bd65b7f4707fb97b76/out/vs/workbench/api/node/extensionHostProcess.js:116:11919)
	at file:///home/damw1ndy/.vscode-server/bin/e249dada235c2083c83813bd65b7f4707fb97b76/out/vs/workbench/api/node/extensionHostProcess.js:116:9874
	at Array.map (<anonymous>)
	at PW.$ (file:///home/damw1ndy/.vscode-server/bin/e249dada235c2083c83813bd65b7f4707fb97b76/out/vs/workbench/api/node/extensionHostProcess.js:116:9862)
	at PW.terminate (file:///home/damw1ndy/.vscode-server/bin/e249dada235c2083c83813bd65b7f4707fb97b76/out/vs/workbench/api/node/extensionHostProcess.js:116:10105)
	at wC.terminate (file:///home/damw1ndy/.vscode-server/bin/e249dada235c2083c83813bd65b7f4707fb97b76/out/vs/workbench/api/node/extensionHostProcess.js:117:1434)
	at ts (file:///home/damw1ndy/.vscode-server/bin/e249dada235c2083c83813bd65b7f4707fb97b76/out/vs/workbench/api/node/extensionHostProcess.js:190:15080)
	at Ah.value (file:///home/damw1ndy/.vscode-server/bin/e249dada235c2083c83813bd65b7f4707fb97b76/out/vs/workbench/api/node/extensionHostProcess.js:190:13241)
	at D.B (file:///home/damw1ndy/.vscode-server/bin/e249dada235c2083c83813bd65b7f4707fb97b76/out/vs/workbench/api/node/extensionHostProcess.js:27:2373)
	at D.fire (file:///home/damw1ndy/.vscode-server/bin/e249dada235c2083c83813bd65b7f4707fb97b76/out/vs/workbench/api/node/extensionHostProcess.js:27:2591)
	at Xn.fire (file:///home/damw1ndy/.vscode-server/bin/e249dada235c2083c83813bd65b7f4707fb97b76/out/vs/workbench/api/node/extensionHostProcess.js:29:9458)
	at Gm.A (file:///home/damw1ndy/.vscode-server/bin/e249dada235c2083c83813bd65b7f4707fb97b76/out/vs/workbench/api/node/extensionHostProcess.js:29:12574)
	at Ah.value (file:///home/damw1ndy/.vscode-server/bin/e249dada235c2083c83813bd65b7f4707fb97b76/out/vs/workbench/api/node/extensionHostProcess.js:29:10994)
	at D.B (file:///home/damw1ndy/.vscode-server/bin/e249dada235c2083c83813bd65b7f4707fb97b76/out/vs/workbench/api/node/extensionHostProcess.js:27:2373)
	at D.fire (file:///home/damw1ndy/.vscode-server/bin/e249dada235c2083c83813bd65b7f4707fb97b76/out/vs/workbench/api/node/extensionHostProcess.js:27:2591)
	at m6.acceptChunk (file:///home/damw1ndy/.vscode-server/bin/e249dada235c2083c83813bd65b7f4707fb97b76/out/vs/workbench/api/node/extensionHostProcess.js:29:7941)
	at Ah.value (file:///home/damw1ndy/.vscode-server/bin/e249dada235c2083c83813bd65b7f4707fb97b76/out/vs/workbench/api/node/extensionHostProcess.js:29:7227)
	at D.B (file:///home/damw1ndy/.vscode-server/bin/e249dada235c2083c83813bd65b7f4707fb97b76/out/vs/workbench/api/node/extensionHostProcess.js:27:2373)
	at D.fire (file:///home/damw1ndy/.vscode-server/bin/e249dada235c2083c83813bd65b7f4707fb97b76/out/vs/workbench/api/node/extensionHostProcess.js:27:2591)
	at BA.z (file:///home/damw1ndy/.vscode-server/bin/e249dada235c2083c83813bd65b7f4707fb97b76/out/vs/workbench/api/node/extensionHostProcess.js:29:21254)
	at BA.acceptFrame (file:///home/damw1ndy/.vscode-server/bin/e249dada235c2083c83813bd65b7f4707fb97b76/out/vs/workbench/api/node/extensionHostProcess.js:29:21060)
	at jA.n (file:///home/damw1ndy/.vscode-server/bin/e249dada235c2083c83813bd65b7f4707fb97b76/out/vs/workbench/api/node/extensionHostProcess.js:29:19588)
	at file:///home/damw1ndy/.vscode-server/bin/e249dada235c2083c83813bd65b7f4707fb97b76/out/vs/workbench/api/node/extensionHostProcess.js:29:16820
	at Socket.t (file:///home/damw1ndy/.vscode-server/bin/e249dada235c2083c83813bd65b7f4707fb97b76/out/vs/workbench/api/node/extensionHostProcess.js:29:14761)
	at Socket.emit (node:events:518:28)
	at addChunk (node:internal/streams/readable:561:12)
	at readableAddChunkPushByteMode (node:internal/streams/readable:512:3)
	at Readable.push (node:internal/streams/readable:392:5)
	at TCP.onStreamRead (node:internal/stream_base_commons:191:23) setContext undefined
2025-02-12 07:54:22.151 [error] Canceled: Canceled
	at new XT (file:///home/damw1ndy/.vscode-server/bin/e249dada235c2083c83813bd65b7f4707fb97b76/out/vs/workbench/api/node/extensionHostProcess.js:29:153701)
	at Uy.U (file:///home/damw1ndy/.vscode-server/bin/e249dada235c2083c83813bd65b7f4707fb97b76/out/vs/workbench/api/node/extensionHostProcess.js:29:158311)
	at s.<computed>.n.charCodeAt.s.<computed> (file:///home/damw1ndy/.vscode-server/bin/e249dada235c2083c83813bd65b7f4707fb97b76/out/vs/workbench/api/node/extensionHostProcess.js:29:155805)
	at mw.g (file:///home/damw1ndy/.vscode-server/bin/e249dada235c2083c83813bd65b7f4707fb97b76/out/vs/workbench/api/node/extensionHostProcess.js:112:32221)
	at mw.executeCommand (file:///home/damw1ndy/.vscode-server/bin/e249dada235c2083c83813bd65b7f4707fb97b76/out/vs/workbench/api/node/extensionHostProcess.js:112:31725)
	at r.registerCommand.description (file:///home/damw1ndy/.vscode-server/bin/e249dada235c2083c83813bd65b7f4707fb97b76/out/vs/workbench/api/node/extensionHostProcess.js:112:31055)
	at mw.h (file:///home/damw1ndy/.vscode-server/bin/e249dada235c2083c83813bd65b7f4707fb97b76/out/vs/workbench/api/node/extensionHostProcess.js:112:32741)
	at mw.g (file:///home/damw1ndy/.vscode-server/bin/e249dada235c2083c83813bd65b7f4707fb97b76/out/vs/workbench/api/node/extensionHostProcess.js:112:31818)
	at mw.executeCommand (file:///home/damw1ndy/.vscode-server/bin/e249dada235c2083c83813bd65b7f4707fb97b76/out/vs/workbench/api/node/extensionHostProcess.js:112:31725)
	at Object.executeCommand (file:///home/damw1ndy/.vscode-server/bin/e249dada235c2083c83813bd65b7f4707fb97b76/out/vs/workbench/api/node/extensionHostProcess.js:172:37254)
	at set hasGitHubRepositories [as hasGitHubRepositories] (/home/damw1ndy/.vscode-server/bin/e249dada235c2083c83813bd65b7f4707fb97b76/extensions/github/dist/extension.js:2:344164)
	at /home/damw1ndy/.vscode-server/bin/e249dada235c2083c83813bd65b7f4707fb97b76/extensions/github/dist/extension.js:2:345123
	at Ah.value (/home/damw1ndy/.vscode-server/bin/e249dada235c2083c83813bd65b7f4707fb97b76/extensions/git/dist/main.js:2:1117802)
	at D.B (file:///home/damw1ndy/.vscode-server/bin/e249dada235c2083c83813bd65b7f4707fb97b76/out/vs/workbench/api/node/extensionHostProcess.js:27:2373)
	at D.C (file:///home/damw1ndy/.vscode-server/bin/e249dada235c2083c83813bd65b7f4707fb97b76/out/vs/workbench/api/node/extensionHostProcess.js:27:2443)
	at D.fire (file:///home/damw1ndy/.vscode-server/bin/e249dada235c2083c83813bd65b7f4707fb97b76/out/vs/workbench/api/node/extensionHostProcess.js:27:2660)
	at Object.p [as dispose] (/home/damw1ndy/.vscode-server/bin/e249dada235c2083c83813bd65b7f4707fb97b76/extensions/git/dist/main.js:2:1020242)
	at /home/damw1ndy/.vscode-server/bin/e249dada235c2083c83813bd65b7f4707fb97b76/extensions/git/dist/main.js:2:1026621
	at Array.forEach (<anonymous>)
	at b.dispose (/home/damw1ndy/.vscode-server/bin/e249dada235c2083c83813bd65b7f4707fb97b76/extensions/git/dist/main.js:2:1026607)
	at cv.<anonymous> (file:///home/damw1ndy/.vscode-server/bin/e249dada235c2083c83813bd65b7f4707fb97b76/out/vs/workbench/api/node/extensionHostProcess.js:106:20084)
	at cv.dispose (file:///home/damw1ndy/.vscode-server/bin/e249dada235c2083c83813bd65b7f4707fb97b76/out/vs/workbench/api/node/extensionHostProcess.js:106:20180)
	at cv.<anonymous> (/home/damw1ndy/.vscode-server/bin/e249dada235c2083c83813bd65b7f4707fb97b76/extensions/git/dist/main.js:2:1000086)
	at cv.dispose (file:///home/damw1ndy/.vscode-server/bin/e249dada235c2083c83813bd65b7f4707fb97b76/out/vs/workbench/api/node/extensionHostProcess.js:106:20180)
	at ui (file:///home/damw1ndy/.vscode-server/bin/e249dada235c2083c83813bd65b7f4707fb97b76/out/vs/workbench/api/node/extensionHostProcess.js:25:699)
	at file:///home/damw1ndy/.vscode-server/bin/e249dada235c2083c83813bd65b7f4707fb97b76/out/vs/workbench/api/node/extensionHostProcess.js:116:14992
	at file:///home/damw1ndy/.vscode-server/bin/e249dada235c2083c83813bd65b7f4707fb97b76/out/vs/workbench/api/node/extensionHostProcess.js:25:1009
	at Object.dispose (file:///home/damw1ndy/.vscode-server/bin/e249dada235c2083c83813bd65b7f4707fb97b76/out/vs/workbench/api/node/extensionHostProcess.js:8:705)
	at PW.eb (file:///home/damw1ndy/.vscode-server/bin/e249dada235c2083c83813bd65b7f4707fb97b76/out/vs/workbench/api/node/extensionHostProcess.js:116:11919)
	at file:///home/damw1ndy/.vscode-server/bin/e249dada235c2083c83813bd65b7f4707fb97b76/out/vs/workbench/api/node/extensionHostProcess.js:116:9874
	at Array.map (<anonymous>)
	at PW.$ (file:///home/damw1ndy/.vscode-server/bin/e249dada235c2083c83813bd65b7f4707fb97b76/out/vs/workbench/api/node/extensionHostProcess.js:116:9862)
	at PW.terminate (file:///home/damw1ndy/.vscode-server/bin/e249dada235c2083c83813bd65b7f4707fb97b76/out/vs/workbench/api/node/extensionHostProcess.js:116:10105)
	at wC.terminate (file:///home/damw1ndy/.vscode-server/bin/e249dada235c2083c83813bd65b7f4707fb97b76/out/vs/workbench/api/node/extensionHostProcess.js:117:1434)
	at ts (file:///home/damw1ndy/.vscode-server/bin/e249dada235c2083c83813bd65b7f4707fb97b76/out/vs/workbench/api/node/extensionHostProcess.js:190:15080)
	at Ah.value (file:///home/damw1ndy/.vscode-server/bin/e249dada235c2083c83813bd65b7f4707fb97b76/out/vs/workbench/api/node/extensionHostProcess.js:190:13241)
	at D.B (file:///home/damw1ndy/.vscode-server/bin/e249dada235c2083c83813bd65b7f4707fb97b76/out/vs/workbench/api/node/extensionHostProcess.js:27:2373)
	at D.fire (file:///home/damw1ndy/.vscode-server/bin/e249dada235c2083c83813bd65b7f4707fb97b76/out/vs/workbench/api/node/extensionHostProcess.js:27:2591)
	at Xn.fire (file:///home/damw1ndy/.vscode-server/bin/e249dada235c2083c83813bd65b7f4707fb97b76/out/vs/workbench/api/node/extensionHostProcess.js:29:9458)
	at Gm.A (file:///home/damw1ndy/.vscode-server/bin/e249dada235c2083c83813bd65b7f4707fb97b76/out/vs/workbench/api/node/extensionHostProcess.js:29:12574)
	at Ah.value (file:///home/damw1ndy/.vscode-server/bin/e249dada235c2083c83813bd65b7f4707fb97b76/out/vs/workbench/api/node/extensionHostProcess.js:29:10994)
	at D.B (file:///home/damw1ndy/.vscode-server/bin/e249dada235c2083c83813bd65b7f4707fb97b76/out/vs/workbench/api/node/extensionHostProcess.js:27:2373)
	at D.fire (file:///home/damw1ndy/.vscode-server/bin/e249dada235c2083c83813bd65b7f4707fb97b76/out/vs/workbench/api/node/extensionHostProcess.js:27:2591)
	at m6.acceptChunk (file:///home/damw1ndy/.vscode-server/bin/e249dada235c2083c83813bd65b7f4707fb97b76/out/vs/workbench/api/node/extensionHostProcess.js:29:7941)
	at Ah.value (file:///home/damw1ndy/.vscode-server/bin/e249dada235c2083c83813bd65b7f4707fb97b76/out/vs/workbench/api/node/extensionHostProcess.js:29:7227)
	at D.B (file:///home/damw1ndy/.vscode-server/bin/e249dada235c2083c83813bd65b7f4707fb97b76/out/vs/workbench/api/node/extensionHostProcess.js:27:2373)
	at D.fire (file:///home/damw1ndy/.vscode-server/bin/e249dada235c2083c83813bd65b7f4707fb97b76/out/vs/workbench/api/node/extensionHostProcess.js:27:2591)
	at BA.z (file:///home/damw1ndy/.vscode-server/bin/e249dada235c2083c83813bd65b7f4707fb97b76/out/vs/workbench/api/node/extensionHostProcess.js:29:21254)
	at BA.acceptFrame (file:///home/damw1ndy/.vscode-server/bin/e249dada235c2083c83813bd65b7f4707fb97b76/out/vs/workbench/api/node/extensionHostProcess.js:29:21060)
	at jA.n (file:///home/damw1ndy/.vscode-server/bin/e249dada235c2083c83813bd65b7f4707fb97b76/out/vs/workbench/api/node/extensionHostProcess.js:29:19588)
	at file:///home/damw1ndy/.vscode-server/bin/e249dada235c2083c83813bd65b7f4707fb97b76/out/vs/workbench/api/node/extensionHostProcess.js:29:16820
	at Socket.t (file:///home/damw1ndy/.vscode-server/bin/e249dada235c2083c83813bd65b7f4707fb97b76/out/vs/workbench/api/node/extensionHostProcess.js:29:14761)
	at Socket.emit (node:events:518:28)
	at addChunk (node:internal/streams/readable:561:12)
	at readableAddChunkPushByteMode (node:internal/streams/readable:512:3)
	at Readable.push (node:internal/streams/readable:392:5)
	at TCP.onStreamRead (node:internal/stream_base_commons:191:23) setContext undefined
2025-02-12 07:54:22.181 [error] TypeError: Cannot read properties of undefined (reading 'stop')
	at SessionTelemetry.endSession (/home/damw1ndy/.vscode-server/extensions/ms-vsliveshare.vsliveshare-1.0.5948/extension.js:1:584965)
	at SessionContext.updateTelemetryContext (/home/damw1ndy/.vscode-server/extensions/ms-vsliveshare.vsliveshare-1.0.5948/extension.js:1:159195)
	at SessionContext.onSessionStateChanged (/home/damw1ndy/.vscode-server/extensions/ms-vsliveshare.vsliveshare-1.0.5948/extension.js:1:162533)
	at D.B (file:///home/damw1ndy/.vscode-server/bin/e249dada235c2083c83813bd65b7f4707fb97b76/out/vs/workbench/api/node/extensionHostProcess.js:27:2373)
	at D.C (file:///home/damw1ndy/.vscode-server/bin/e249dada235c2083c83813bd65b7f4707fb97b76/out/vs/workbench/api/node/extensionHostProcess.js:27:2443)
	at D.fire (file:///home/damw1ndy/.vscode-server/bin/e249dada235c2083c83813bd65b7f4707fb97b76/out/vs/workbench/api/node/extensionHostProcess.js:27:2660)
	at SessionStateTracker.setState (/home/damw1ndy/.vscode-server/extensions/ms-vsliveshare.vsliveshare-1.0.5948/extension.js:1:167078)
	at SessionStateTracker.transition (/home/damw1ndy/.vscode-server/extensions/ms-vsliveshare.vsliveshare-1.0.5948/extension.js:1:166787)
	at LeaveCollaborationCommand.invoke (/home/damw1ndy/.vscode-server/extensions/ms-vsliveshare.vsliveshare-1.0.5948/extension.js:1:1655690)
	at process.processTicksAndRejections (node:internal/process/task_queues:95:5)
2025-02-12 07:54:22.194 [info] Extension host with pid 1258 exiting with code 0
