2025-02-14 10:09:55.697 [info] Extension host with pid 558 started
2025-02-14 10:09:55.706 [info] Lock '/home/damw1ndy/.vscode-server/data/User/workspaceStorage/a28e34cee34b9d0af93a081f157ea4cc/vscode.lock': Lock acquired.
2025-02-14 10:09:55.820 [info] ExtensionService#_doActivateExtension ms-vscode.live-server, startup: false, activationEvent: 'onWebviewPanel:browserPreview'
2025-02-14 10:09:55.821 [info] ExtensionService#_doActivateExtension vscode.tunnel-forwarding, startup: false, activationEvent: 'onTunnel'
2025-02-14 10:09:55.821 [info] ExtensionService#_doActivateExtension vscode.emmet, startup: false, activationEvent: 'onLanguage'
2025-02-14 10:09:55.821 [info] ExtensionService#_doActivateExtension vscode.css-language-features, startup: false, activationEvent: 'onLanguage:css'
2025-02-14 10:09:56.097 [info] ExtensionService#_doActivateExtension vscode.git-base, startup: true, activationEvent: '*', root cause: vscode.git
2025-02-14 10:09:56.100 [info] ExtensionService#_doActivateExtension vscode.npm, startup: true, activationEvent: 'workspaceContains:package.json'
2025-02-14 10:09:56.187 [info] ExtensionService#_doActivateExtension vscode.git, startup: true, activationEvent: '*'
2025-02-14 10:09:56.188 [info] ExtensionService#_doActivateExtension vscode.github, startup: true, activationEvent: '*'
2025-02-14 10:09:56.346 [info] Eager extensions activated
2025-02-14 10:09:56.347 [info] ExtensionService#_doActivateExtension vscode.debug-auto-launch, startup: false, activationEvent: 'onStartupFinished'
2025-02-14 10:09:56.347 [info] ExtensionService#_doActivateExtension vscode.merge-conflict, startup: false, activationEvent: 'onStartupFinished'
2025-02-14 10:09:56.347 [info] ExtensionService#_doActivateExtension ritwickdey.LiveServer, startup: false, activationEvent: 'onStartupFinished'
2025-02-14 10:09:56.393 [info] ExtensionService#_doActivateExtension ms-vsliveshare.vsliveshare, startup: false, activationEvent: 'api', root cause: ritwickdey.LiveServer
2025-02-14 10:09:57.194 [warning] [Decorations] CAPPING events from decorations provider vscode.git 1064
2025-02-14 10:09:57.547 [warning] [Decorations] CAPPING events from decorations provider vscode.git 1064
2025-02-14 10:09:57.852 [warning] [Decorations] CAPPING events from decorations provider vscode.git 10001
2025-02-14 10:09:59.093 [warning] [Decorations] CAPPING events from decorations provider vscode.git 10001
2025-02-14 10:10:01.440 [info] ExtensionService#_doActivateExtension vscode.configuration-editing, startup: false, activationEvent: 'onLanguage:json'
2025-02-14 10:10:01.441 [info] ExtensionService#_doActivateExtension vscode.extension-editing, startup: false, activationEvent: 'onLanguage:json'
2025-02-14 10:10:01.441 [info] ExtensionService#_doActivateExtension vscode.json-language-features, startup: false, activationEvent: 'onLanguage:json'
2025-02-14 10:10:16.802 [info] ExtensionService#_doActivateExtension vscode.html-language-features, startup: false, activationEvent: 'onLanguage:html'
2025-02-14 10:19:11.440 [info] ExtensionService#_doActivateExtension vscode.markdown-language-features, startup: false, activationEvent: 'onLanguage:markdown'
2025-02-14 10:19:11.717 [info] ExtensionService#_doActivateExtension vscode.markdown-math, startup: false, activationEvent: 'api', root cause: vscode.markdown-language-features
2025-02-14 10:54:23.867 [info] ExtensionService#_doActivateExtension vscode.typescript-language-features, startup: false, activationEvent: 'onLanguage:javascript'
2025-02-14 11:08:36.439 [warning] [Decorations] CAPPING events from decorations provider vscode.git 10010
2025-02-14 11:09:01.033 [warning] [Decorations] CAPPING events from decorations provider vscode.git 10001
2025-02-14 11:09:12.175 [warning] [Decorations] CAPPING events from decorations provider vscode.git 10001
