2025-02-18 07:09:18.263 [info] [main] Log level: Info
2025-02-18 07:09:18.263 [info] [main] Validating found git in: "git"
2025-02-18 07:09:18.263 [info] [main] Using git "2.43.0" from "git"
2025-02-18 07:09:18.263 [info] [Model][doInitialScan] Initial repository scan started
2025-02-18 07:09:18.263 [info] > git rev-parse --show-toplevel [29ms]
2025-02-18 07:09:18.265 [info] > git rev-parse --git-dir --git-common-dir [2ms]
2025-02-18 07:09:18.272 [info] [Model][openRepository] Opened repository: /home/damw1ndy
2025-02-18 07:09:18.553 [info] > git rev-parse --show-toplevel [274ms]
2025-02-18 07:09:18.553 [info] > git config --get commit.template [277ms]
2025-02-18 07:09:18.563 [info] > git rev-parse --git-dir --git-common-dir [7ms]
2025-02-18 07:09:18.566 [info] [Model][openRepository] Opened repository: /home/damw1ndy/project1
2025-02-18 07:09:18.575 [info] > git config --get commit.template [6ms]
2025-02-18 07:09:18.575 [info] > git for-each-ref --format=%(refname)%00%(upstream:short)%00%(objectname)%00%(upstream:track)%00%(upstream:remotename)%00%(upstream:remoteref) refs/heads/main refs/remotes/main [14ms]
2025-02-18 07:09:18.584 [info] > git for-each-ref --format=%(refname)%00%(upstream:short)%00%(objectname)%00%(upstream:track)%00%(upstream:remotename)%00%(upstream:remoteref) refs/heads/main refs/remotes/main [6ms]
2025-02-18 07:09:18.590 [info] > git log --format=%H%n%aN%n%aE%n%at%n%ct%n%P%n%D%n%B -z -n51 --shortstat --follow -- /home/damw1ndy/project1/index.html [8ms]
2025-02-18 07:09:18.614 [info] > git for-each-ref --sort -committerdate --format %(refname) %(objectname) %(*objectname) [25ms]
2025-02-18 07:09:18.619 [info] > git status -z -uall [3ms]
2025-02-18 07:09:18.619 [info] > git hash-object -t tree /dev/null [7ms]
2025-02-18 07:09:18.622 [info] > git for-each-ref --sort -committerdate --format %(refname) %(objectname) %(*objectname) [3ms]
2025-02-18 07:09:18.633 [info] > git for-each-ref --format=%(refname)%00%(upstream:short)%00%(objectname)%00%(upstream:track)%00%(upstream:remotename)%00%(upstream:remoteref) refs/heads/main refs/remotes/main [6ms]
2025-02-18 07:09:18.635 [info] > git rev-list origin/main..main [14ms]
2025-02-18 07:09:18.660 [info] > git config --get --local branch.main.vscode-merge-base [25ms]
2025-02-18 07:09:18.660 [warning] [Git][config] git config failed: Failed to execute git
2025-02-18 07:09:18.662 [info] > git config --get commit.template [30ms]
2025-02-18 07:09:18.663 [info] > git rev-parse --show-toplevel [32ms]
2025-02-18 07:09:18.795 [info] > git reflog main --grep-reflog=branch: Created from *. [133ms]
2025-02-18 07:09:18.861 [info] > git for-each-ref --format=%(refname)%00%(upstream:short)%00%(objectname)%00%(upstream:track)%00%(upstream:remotename)%00%(upstream:remoteref) refs/heads/main refs/remotes/main [67ms]
2025-02-18 07:09:18.861 [info] > git rev-parse --show-toplevel [196ms]
2025-02-18 07:09:18.894 [info] > git symbolic-ref --short refs/remotes/origin/HEAD [97ms]
2025-02-18 07:09:19.013 [info] > git rev-parse --show-toplevel [150ms]
2025-02-18 07:09:19.017 [info] > git for-each-ref --format=%(refname)%00%(upstream:short)%00%(objectname)%00%(upstream:track)%00%(upstream:remotename)%00%(upstream:remoteref) refs/heads/origin/main refs/remotes/origin/main [120ms]
2025-02-18 07:09:19.024 [info] > git status -z -uall [4ms]
2025-02-18 07:09:19.024 [info] > git rev-parse --show-toplevel [8ms]
2025-02-18 07:09:19.026 [info] > git for-each-ref --sort -committerdate --format %(refname) %(objectname) %(*objectname) [4ms]
2025-02-18 07:09:19.030 [info] > git config --add --local branch.main.vscode-merge-base origin/main [11ms]
2025-02-18 07:09:19.036 [info] > git for-each-ref --format=%(refname)%00%(upstream:short)%00%(objectname)%00%(upstream:track)%00%(upstream:remotename)%00%(upstream:remoteref) refs/heads/main refs/remotes/main [6ms]
2025-02-18 07:09:19.038 [info] > git rev-parse --show-toplevel [13ms]
2025-02-18 07:09:19.061 [info] > git config --get --local branch.main.vscode-merge-base [23ms]
2025-02-18 07:09:19.064 [info] > git config --get commit.template [29ms]
2025-02-18 07:09:19.066 [info] > git rev-parse --show-toplevel [25ms]
2025-02-18 07:09:19.072 [info] > git for-each-ref --format=%(refname)%00%(upstream:short)%00%(objectname)%00%(upstream:track)%00%(upstream:remotename)%00%(upstream:remoteref) refs/heads/origin/main refs/remotes/origin/main [8ms]
2025-02-18 07:09:19.076 [info] > git rev-parse --show-toplevel [5ms]
2025-02-18 07:09:19.076 [info] > git for-each-ref --format=%(refname)%00%(upstream:short)%00%(objectname)%00%(upstream:track)%00%(upstream:remotename)%00%(upstream:remoteref) refs/heads/main refs/remotes/main [7ms]
2025-02-18 07:09:19.080 [info] > git merge-base refs/heads/main refs/remotes/origin/main [6ms]
2025-02-18 07:09:19.085 [info] > git rev-parse --show-toplevel [6ms]
2025-02-18 07:09:19.094 [info] > git check-ignore -v -z --stdin [7ms]
2025-02-18 07:09:19.095 [info] > git check-ignore -v -z --stdin [6ms]
2025-02-18 07:09:19.095 [info] > git diff --name-status -z --diff-filter=ADMR 11fedcd3a7a264c4fcbcdf524e71c48d777bfc4f...refs/remotes/origin/main [13ms]
2025-02-18 07:09:19.103 [info] > git status -z -uall [5ms]
2025-02-18 07:09:19.103 [info] > git rev-parse --git-dir --git-common-dir [9ms]
2025-02-18 07:09:19.106 [info] [Model][openRepository] Opened repository: /home/damw1ndy/.nvm
2025-02-18 07:09:19.112 [info] > git for-each-ref --sort -committerdate --format %(refname) %(objectname) %(*objectname) [12ms]
2025-02-18 07:09:19.118 [info] > git rev-parse --show-toplevel [6ms]
2025-02-18 07:09:19.118 [info] > git config --get commit.template [8ms]
2025-02-18 07:09:19.129 [info] > git rev-parse --show-toplevel [9ms]
2025-02-18 07:09:19.136 [info] > git for-each-ref --format %(refname) %(objectname) %(*objectname) refs/tags [13ms]
2025-02-18 07:09:19.171 [info] > git status -z -uall [33ms]
2025-02-18 07:09:19.171 [info] > git rev-parse --show-toplevel [40ms]
2025-02-18 07:09:19.174 [info] > git for-each-ref --sort -committerdate --format %(refname) %(objectname) %(*objectname) [34ms]
2025-02-18 07:09:19.181 [info] > git config --get commit.template [1ms]
2025-02-18 07:09:19.181 [info] > git rev-parse --git-dir --git-common-dir [2ms]
2025-02-18 07:09:19.183 [info] [Model][openRepository] Opened repository: /home/damw1ndy/fizzbuzz-js-tdd
2025-02-18 07:09:19.191 [info] > git config --get commit.template [6ms]
2025-02-18 07:09:19.192 [info] > git for-each-ref --format %(refname) %(objectname) %(*objectname) refs/tags [3ms]
2025-02-18 07:09:19.196 [info] > git rev-parse --show-toplevel [9ms]
2025-02-18 07:09:19.245 [info] > git status -z -uall [51ms]
2025-02-18 07:09:19.249 [info] > git rev-parse --git-dir --git-common-dir [49ms]
2025-02-18 07:09:19.251 [info] [Model][openRepository] Opened repository: /home/damw1ndy/html-excercise
2025-02-18 07:09:19.251 [info] > git for-each-ref --format=%(refname)%00%(upstream:short)%00%(objectname)%00%(upstream:track)%00%(upstream:remotename)%00%(upstream:remoteref) refs/heads/main refs/remotes/main [53ms]
2025-02-18 07:09:19.251 [info] > git for-each-ref --sort -committerdate --format %(refname) %(objectname) %(*objectname) [55ms]
2025-02-18 07:09:19.258 [warning] [Git][revParse] Unable to read file: ENOENT: no such file or directory, open '/home/damw1ndy/fizzbuzz-js-tdd/.git/refs/remotes/origin/main'
2025-02-18 07:09:19.260 [info] > git rev-parse refs/remotes/origin/main [2ms]
2025-02-18 07:09:19.264 [info] > git rev-parse --show-toplevel [8ms]
2025-02-18 07:09:19.264 [info] > git config --get commit.template [10ms]
2025-02-18 07:09:19.268 [info] > git status -z -uall [7ms]
2025-02-18 07:09:19.269 [info] > git for-each-ref --sort -committerdate --format %(refname) %(objectname) %(*objectname) [5ms]
2025-02-18 07:09:19.277 [info] > git for-each-ref --format=%(refname)%00%(upstream:short)%00%(objectname)%00%(upstream:track)%00%(upstream:remotename)%00%(upstream:remoteref) refs/heads/main refs/remotes/main [4ms]
2025-02-18 07:09:19.279 [info] > git for-each-ref --format=%(refname)%00%(upstream:short)%00%(objectname)%00%(upstream:track)%00%(upstream:remotename)%00%(upstream:remoteref) refs/heads/main refs/remotes/main [12ms]
2025-02-18 07:09:19.282 [info] > git rev-parse --git-dir --git-common-dir [16ms]
2025-02-18 07:09:19.285 [info] [Model][openRepository] Opened repository: /home/damw1ndy/html-excercise1
2025-02-18 07:09:19.361 [info] > git status -z -uall [80ms]
2025-02-18 07:09:19.361 [info] > git for-each-ref --sort -committerdate --format %(refname) %(objectname) %(*objectname) [79ms]
2025-02-18 07:09:19.361 [info] > git config --get --local branch.main.vscode-merge-base [82ms]
2025-02-18 07:09:19.363 [info] > git config --get commit.template [87ms]
2025-02-18 07:09:19.366 [info] > git for-each-ref --format=%(refname)%00%(upstream:short)%00%(objectname)%00%(upstream:track)%00%(upstream:remotename)%00%(upstream:remoteref) refs/heads/origin/main refs/remotes/origin/main [3ms]
2025-02-18 07:09:19.369 [info] > git rev-parse --show-toplevel [11ms]
2025-02-18 07:09:19.369 [info] > git config --get commit.template [13ms]
2025-02-18 07:09:19.472 [info] > git for-each-ref --format=%(refname)%00%(upstream:short)%00%(objectname)%00%(upstream:track)%00%(upstream:remotename)%00%(upstream:remoteref) refs/heads/main refs/remotes/main [83ms]
2025-02-18 07:09:19.474 [info] > git merge-base refs/heads/main refs/remotes/origin/main [106ms]
2025-02-18 07:09:19.601 [info] > git diff --name-status -z --diff-filter=ADMR 6c71f9a8e4c8dc64a3b7e2d19c3edb4684c92f1c...refs/remotes/origin/main [126ms]
2025-02-18 07:09:19.602 [info] > git config --get --local branch.main.vscode-merge-base [129ms]
2025-02-18 07:09:19.602 [warning] [Git][config] git config failed: Failed to execute git
2025-02-18 07:09:19.604 [info] > git config --get commit.template [209ms]
2025-02-18 07:09:19.604 [info] > git rev-parse --show-toplevel [211ms]
2025-02-18 07:09:19.604 [info] > git for-each-ref --format=%(refname)%00%(upstream:short)%00%(objectname)%00%(upstream:track)%00%(upstream:remotename)%00%(upstream:remoteref) refs/heads/main refs/remotes/main [212ms]
2025-02-18 07:09:19.610 [warning] [Git][revParse] Unable to read file: ENOENT: no such file or directory, open '/home/damw1ndy/fizzbuzz-js-tdd/.git/refs/remotes/origin/main'
2025-02-18 07:09:19.611 [info] > git for-each-ref --format=%(refname)%00%(upstream:short)%00%(objectname)%00%(upstream:track)%00%(upstream:remotename)%00%(upstream:remoteref) refs/heads/master refs/remotes/master [44ms]
2025-02-18 07:09:19.620 [info] > git status -z -uall [7ms]
2025-02-18 07:09:19.620 [info] > git rev-parse refs/remotes/origin/main [10ms]
2025-02-18 07:09:19.624 [info] > git rev-parse --show-toplevel [16ms]
2025-02-18 07:09:19.624 [info] > git reflog main --grep-reflog=branch: Created from *. [20ms]
2025-02-18 07:09:19.629 [info] > git status -z -uall [7ms]
2025-02-18 07:09:19.629 [info] > git for-each-ref --sort -committerdate --format %(refname) %(objectname) %(*objectname) [5ms]
2025-02-18 07:09:19.631 [info] > git for-each-ref --format=%(refname)%00%(upstream:short)%00%(objectname)%00%(upstream:track)%00%(upstream:remotename)%00%(upstream:remoteref) refs/heads/main refs/remotes/main [14ms]
2025-02-18 07:09:19.635 [info] > git for-each-ref --sort -committerdate --format %(refname) %(objectname) %(*objectname) [20ms]
2025-02-18 07:09:19.643 [info] > git status -z -uall [10ms]
2025-02-18 07:09:19.643 [info] > git for-each-ref --format=%(refname)%00%(upstream:short)%00%(objectname)%00%(upstream:track)%00%(upstream:remotename)%00%(upstream:remoteref) refs/heads/master refs/remotes/master [4ms]
2025-02-18 07:09:19.645 [info] > git for-each-ref --sort -committerdate --format %(refname) %(objectname) %(*objectname) [10ms]
2025-02-18 07:09:19.658 [info] > git rev-parse --git-dir --git-common-dir [30ms]
2025-02-18 07:09:19.660 [info] [Model][openRepository] Opened repository: /home/damw1ndy/sdi-blended-async-scaffold
2025-02-18 07:09:19.661 [info] > git symbolic-ref --short refs/remotes/origin/HEAD [36ms]
2025-02-18 07:09:19.661 [info] fatal: ref refs/remotes/origin/HEAD is not a symbolic ref
2025-02-18 07:09:19.661 [warning] [Repository][getDefaultBranch] Failed to get default branch details: Failed to execute git.
2025-02-18 07:09:19.669 [info] > git status -z -uall [1082ms] (cancelled)
2025-02-18 07:09:19.669 [info] > git for-each-ref --format=%(refname)%00%(upstream:short)%00%(objectname)%00%(upstream:track)%00%(upstream:remotename)%00%(upstream:remoteref) refs/heads/main refs/remotes/main [11ms]
2025-02-18 07:09:19.672 [info] > git config --get --local branch.master.vscode-merge-base [27ms]
2025-02-18 07:09:19.672 [warning] [Git][config] git config failed: Failed to execute git
2025-02-18 07:09:19.674 [info] > git config --get commit.template [32ms]
2025-02-18 07:09:19.677 [info] > git config --get --local branch.main.vscode-merge-base [5ms]
2025-02-18 07:09:19.677 [warning] [Git][config] git config failed: Failed to execute git
2025-02-18 07:09:19.679 [info] > git rev-parse --show-toplevel [13ms]
2025-02-18 07:09:19.680 [info] > git config --get commit.template [16ms]
2025-02-18 07:09:19.762 [info] > git check-ignore -v -z --stdin [86ms]
2025-02-18 07:09:19.820 [info] > git reflog master --grep-reflog=branch: Created from *. [146ms]
2025-02-18 07:09:19.937 [info] > git symbolic-ref --short refs/remotes/origin/HEAD [115ms]
2025-02-18 07:09:19.937 [info] fatal: ref refs/remotes/origin/HEAD is not a symbolic ref
2025-02-18 07:09:19.937 [warning] [Repository][getDefaultBranch] Failed to get default branch details: Failed to execute git.
2025-02-18 07:09:19.937 [info] > git for-each-ref --format=%(refname)%00%(upstream:short)%00%(objectname)%00%(upstream:track)%00%(upstream:remotename)%00%(upstream:remoteref) refs/heads/main refs/remotes/main [118ms]
2025-02-18 07:09:19.940 [info] > git rev-parse --git-dir --git-common-dir [255ms]
2025-02-18 07:09:19.942 [info] [Model][openRepository] Opened repository: /home/damw1ndy/sdi-workshop-funderbar
2025-02-18 07:09:19.943 [info] > git for-each-ref --format=%(refname)%00%(upstream:short)%00%(objectname)%00%(upstream:track)%00%(upstream:remotename)%00%(upstream:remoteref) refs/heads/master refs/remotes/master [261ms]
2025-02-18 07:09:19.946 [info] > git reflog main --grep-reflog=branch: Created from *. [267ms]
2025-02-18 07:09:20.600 [info] > git status -z -uall [656ms]
2025-02-18 07:09:20.602 [info] > git symbolic-ref --short refs/remotes/origin/HEAD [653ms]
2025-02-18 07:09:20.602 [info] fatal: ref refs/remotes/origin/HEAD is not a symbolic ref
2025-02-18 07:09:20.602 [warning] [Repository][getDefaultBranch] Failed to get default branch details: Failed to execute git.
2025-02-18 07:09:20.602 [info] > git for-each-ref --sort -committerdate --format %(refname) %(objectname) %(*objectname) [656ms]
2025-02-18 07:09:20.603 [info] > git config --get --local branch.main.vscode-merge-base [664ms]
2025-02-18 07:09:20.603 [warning] [Git][config] git config failed: Failed to execute git
2025-02-18 07:09:20.606 [info] > git config --get commit.template [680ms]
2025-02-18 07:09:20.606 [info] > git for-each-ref --format=%(refname)%00%(upstream:short)%00%(objectname)%00%(upstream:track)%00%(upstream:remotename)%00%(upstream:remoteref) refs/heads/main refs/remotes/main [682ms]
2025-02-18 07:09:20.675 [info] > git check-ignore -v -z --stdin [66ms]
2025-02-18 07:09:20.676 [info] > git check-ignore -v -z --stdin [66ms]
2025-02-18 07:09:20.676 [info] > git check-ignore -v -z --stdin [64ms]
2025-02-18 07:09:20.677 [info] > git check-ignore -v -z --stdin [63ms]
2025-02-18 07:09:20.677 [info] > git check-ignore -v -z --stdin [61ms]
2025-02-18 07:09:20.677 [info] > git check-ignore -v -z --stdin [59ms]
2025-02-18 07:09:20.677 [info] > git check-ignore -v -z --stdin [57ms]
2025-02-18 07:09:20.678 [info] > git reflog main --grep-reflog=branch: Created from *. [72ms]
2025-02-18 07:09:20.680 [info] > git rev-parse --show-toplevel [93ms]
2025-02-18 07:09:20.680 [info] > git config --get commit.template [96ms]
2025-02-18 07:09:20.687 [info] > git symbolic-ref --short refs/remotes/origin/HEAD [7ms]
2025-02-18 07:09:20.687 [info] fatal: ref refs/remotes/origin/HEAD is not a symbolic ref
2025-02-18 07:09:20.687 [warning] [Repository][getDefaultBranch] Failed to get default branch details: Failed to execute git.
2025-02-18 07:09:20.706 [info] > git rev-parse --git-dir --git-common-dir [20ms]
2025-02-18 07:09:20.709 [info] [Model][openRepository] Opened repository: /home/damw1ndy/signup-form
2025-02-18 07:09:20.710 [info] > git for-each-ref --format=%(refname)%00%(upstream:short)%00%(objectname)%00%(upstream:track)%00%(upstream:remotename)%00%(upstream:remoteref) refs/heads/main refs/remotes/main [27ms]
2025-02-18 07:09:20.756 [info] > git for-each-ref --format=%(refname)%00%(upstream:short)%00%(objectname)%00%(upstream:track)%00%(upstream:remotename)%00%(upstream:remoteref) refs/heads/master refs/remotes/master [62ms]
2025-02-18 07:09:20.756 [info] > git merge-base refs/heads/main refs/remotes/origin/main [65ms]
2025-02-18 07:09:20.762 [info] > git status -z -uall [50ms]
2025-02-18 07:09:20.762 [info] > git log --format=%H%n%aN%n%aE%n%at%n%ct%n%P%n%D%n%B -z -n51 --shortstat --follow -- /home/damw1ndy/project1/index.html [36ms]
2025-02-18 07:09:20.764 [info] > git rev-parse --show-toplevel [46ms]
2025-02-18 07:09:20.765 [info] [Model][doInitialScan] Initial repository scan completed - repositories (9), closed repositories (0), parent repositories (0), unsafe repositories (0)
2025-02-18 07:09:20.769 [info] > git config --get commit.template [52ms]
2025-02-18 07:09:20.769 [info] > git for-each-ref --sort -committerdate --format %(refname) %(objectname) %(*objectname) [55ms]
2025-02-18 07:09:20.777 [info] > git show --textconv :index.html [10ms]
2025-02-18 07:09:20.777 [info] > git for-each-ref --format=%(refname)%00%(upstream:short)%00%(objectname)%00%(upstream:track)%00%(upstream:remotename)%00%(upstream:remoteref) refs/heads/main refs/remotes/main [6ms]
2025-02-18 07:09:20.778 [info] > git ls-files --stage -- /home/damw1ndy/project1/index.html [10ms]
2025-02-18 07:09:20.780 [info] > git hash-object -t tree /dev/null [16ms]
2025-02-18 07:09:20.781 [info] > git diff --name-status -z --diff-filter=ADMR d22442d74bd5c540cc3b9c087b4095bf0e78db4c...refs/remotes/origin/main [22ms]
2025-02-18 07:09:20.964 [info] > git cat-file -s 9fa4b41431a56ed74dcef9deb6ae5cbe71428a8e [184ms]
2025-02-18 07:09:20.964 [info] > git config --get --local branch.main.vscode-merge-base [186ms]
2025-02-18 07:09:20.967 [info] > git config --get commit.template [190ms]
2025-02-18 07:09:20.967 [info] > git rev-parse --show-toplevel [193ms]
2025-02-18 07:09:20.974 [info] > git for-each-ref --sort -committerdate --format %(refname) %(objectname) %(*objectname) [188ms]
2025-02-18 07:09:20.974 [info] > git for-each-ref --format=%(refname)%00%(upstream:short)%00%(objectname)%00%(upstream:track)%00%(upstream:remotename)%00%(upstream:remoteref) refs/heads/master refs/remotes/master [192ms]
2025-02-18 07:09:20.983 [info] > git status -z -uall [14ms]
2025-02-18 07:09:20.983 [info] > git status -z -uall [7ms]
2025-02-18 07:09:20.983 [info] > git for-each-ref --sort -committerdate --format %(refname) %(objectname) %(*objectname) [12ms]
2025-02-18 07:09:20.988 [info] > git for-each-ref --format=%(refname)%00%(upstream:short)%00%(objectname)%00%(upstream:track)%00%(upstream:remotename)%00%(upstream:remoteref) refs/heads/origin/main refs/remotes/origin/main [22ms]
2025-02-18 07:09:20.996 [info] > git for-each-ref --format=%(refname)%00%(upstream:short)%00%(objectname)%00%(upstream:track)%00%(upstream:remotename)%00%(upstream:remoteref) refs/heads/master refs/remotes/master [9ms]
2025-02-18 07:09:20.999 [info] > git blame --root --incremental 11fedcd3a7a264c4fcbcdf524e71c48d777bfc4f -- /home/damw1ndy/project1/index.html [17ms]
2025-02-18 07:09:21.002 [info] > git for-each-ref --format=%(refname)%00%(upstream:short)%00%(objectname)%00%(upstream:track)%00%(upstream:remotename)%00%(upstream:remoteref) refs/heads/main refs/remotes/main [22ms]
2025-02-18 07:09:21.002 [info] > git for-each-ref --sort -committerdate --format %(refname) %(objectname) %(*objectname) [24ms]
2025-02-18 07:09:21.014 [info] > git status -z -uall [230ms] (cancelled)
2025-02-18 07:09:21.014 [info] > git for-each-ref --format=%(refname)%00%(upstream:short)%00%(objectname)%00%(upstream:track)%00%(upstream:remotename)%00%(upstream:remoteref) refs/heads/master refs/remotes/master [8ms]
2025-02-18 07:09:21.017 [info] > git config --get --local branch.master.vscode-merge-base [19ms]
2025-02-18 07:09:21.019 [info] > git config --get commit.template [24ms]
2025-02-18 07:09:21.020 [info] > git merge-base refs/heads/main refs/remotes/origin/main [30ms]
2025-02-18 07:09:21.027 [info] > git for-each-ref --format=%(refname)%00%(upstream:short)%00%(objectname)%00%(upstream:track)%00%(upstream:remotename)%00%(upstream:remoteref) refs/heads/origin/master refs/remotes/origin/master [8ms]
2025-02-18 07:09:21.029 [info] > git config --get --local branch.master.vscode-merge-base [13ms]
2025-02-18 07:09:21.029 [warning] [Git][config] git config failed: Failed to execute git
2025-02-18 07:09:21.031 [info] > git config --get commit.template [22ms]
2025-02-18 07:09:21.126 [info] > git check-ignore -v -z --stdin [102ms]
2025-02-18 07:09:21.191 [info] > git merge-base refs/heads/master refs/remotes/origin/master [162ms]
2025-02-18 07:09:21.194 [info] > git diff --name-status -z --diff-filter=ADMR 249380afce8de72327a97db7bc0e7ff46a799dea...refs/remotes/origin/main [172ms]
2025-02-18 07:09:21.208 [info] > git status -z -uall [11ms]
2025-02-18 07:09:21.208 [info] > git diff --name-status -z --diff-filter=ADMR 027994fb929ccf6e6a85a7bbb5590716e2a19d61...refs/remotes/origin/master [14ms]
2025-02-18 07:09:21.208 [info] > git for-each-ref --format=%(refname)%00%(upstream:short)%00%(objectname)%00%(upstream:track)%00%(upstream:remotename)%00%(upstream:remoteref) refs/heads/master refs/remotes/master [175ms]
2025-02-18 07:09:21.208 [info] > git reflog master --grep-reflog=branch: Created from *. [177ms]
2025-02-18 07:09:21.211 [info] > git for-each-ref --format=%(refname)%00%(upstream:short)%00%(objectname)%00%(upstream:track)%00%(upstream:remotename)%00%(upstream:remoteref) refs/heads/master refs/remotes/master [10ms]
2025-02-18 07:09:21.215 [info] > git for-each-ref --sort -committerdate --format %(refname) %(objectname) %(*objectname) [16ms]
2025-02-18 07:09:21.222 [info] > git status -z -uall [9ms]
2025-02-18 07:09:21.222 [info] > git for-each-ref --sort -committerdate --format %(refname) %(objectname) %(*objectname) [8ms]
2025-02-18 07:09:21.226 [info] > git symbolic-ref --short refs/remotes/origin/HEAD [15ms]
2025-02-18 07:09:21.226 [info] fatal: ref refs/remotes/origin/HEAD is not a symbolic ref
2025-02-18 07:09:21.226 [warning] [Repository][getDefaultBranch] Failed to get default branch details: Failed to execute git.
2025-02-18 07:09:21.226 [info] > git for-each-ref --format=%(refname)%00%(upstream:short)%00%(objectname)%00%(upstream:track)%00%(upstream:remotename)%00%(upstream:remoteref) refs/heads/master refs/remotes/master [1ms]
2025-02-18 07:09:21.233 [info] > git status -z -uall [2ms]
2025-02-18 07:09:21.233 [info] > git config --get --local branch.master.vscode-merge-base [4ms]
2025-02-18 07:09:21.233 [warning] [Git][config] git config failed: Failed to execute git
2025-02-18 07:09:21.236 [info] > git for-each-ref --sort -committerdate --format %(refname) %(objectname) %(*objectname) [4ms]
2025-02-18 07:09:21.237 [info] > git reflog master --grep-reflog=branch: Created from *. [2ms]
2025-02-18 07:09:21.239 [info] > git symbolic-ref --short refs/remotes/origin/HEAD [0ms]
2025-02-18 07:09:21.239 [info] fatal: ref refs/remotes/origin/HEAD is not a symbolic ref
2025-02-18 07:09:21.239 [warning] [Repository][getDefaultBranch] Failed to get default branch details: Failed to execute git.
2025-02-18 07:09:22.078 [info] > git check-ignore -v -z --stdin [46ms]
2025-02-18 07:09:22.079 [info] > git check-ignore -v -z --stdin [45ms]
2025-02-18 07:09:22.079 [info] > git check-ignore -v -z --stdin [43ms]
2025-02-18 07:09:22.079 [info] > git check-ignore -v -z --stdin [41ms]
2025-02-18 07:09:22.080 [info] > git check-ignore -v -z --stdin [40ms]
2025-02-18 07:09:22.080 [info] > git check-ignore -v -z --stdin [38ms]
2025-02-18 07:09:22.080 [info] > git check-ignore -v -z --stdin [34ms]
2025-02-18 07:09:22.080 [info] > git check-ignore -v -z --stdin [32ms]
2025-02-18 07:09:22.080 [info] > git check-ignore -v -z --stdin [30ms]
2025-02-18 07:09:22.080 [info] > git log --format=%H%n%aN%n%aE%n%at%n%ct%n%P%n%D%n%B -z -n51 --shortstat --follow -- /home/damw1ndy/project1/poke.js [98ms]
2025-02-18 07:09:22.421 [info] > git show --textconv :poke.js [253ms]
2025-02-18 07:09:22.421 [info] > git ls-files --stage -- /home/damw1ndy/project1/poke.js [251ms]
2025-02-18 07:09:22.442 [info] > git cat-file -s 08e31360f2b6a225c66240dac477177888a64fd6 [19ms]
2025-02-18 07:09:22.469 [info] > git blame --root --incremental 11fedcd3a7a264c4fcbcdf524e71c48d777bfc4f -- /home/damw1ndy/project1/poke.js [7ms]
2025-02-18 08:39:54.449 [info] > git config --get commit.template [7ms]
2025-02-18 08:39:54.452 [info] > git for-each-ref --format=%(refname)%00%(upstream:short)%00%(objectname)%00%(upstream:track)%00%(upstream:remotename)%00%(upstream:remoteref) refs/heads/main refs/remotes/main [7ms]
2025-02-18 08:39:54.458 [info] > git status -z -uall [3ms]
2025-02-18 08:39:54.459 [info] > git for-each-ref --sort -committerdate --format %(refname) %(objectname) %(*objectname) [2ms]
2025-02-18 09:28:43.597 [info] > git config --get commit.template [7ms]
2025-02-18 09:28:43.599 [info] > git for-each-ref --format=%(refname)%00%(upstream:short)%00%(objectname)%00%(upstream:track)%00%(upstream:remotename)%00%(upstream:remoteref) refs/heads/main refs/remotes/main [6ms]
2025-02-18 09:28:43.605 [info] > git status -z -uall [3ms]
2025-02-18 09:28:43.606 [info] > git for-each-ref --sort -committerdate --format %(refname) %(objectname) %(*objectname) [1ms]
2025-02-18 09:55:25.556 [info] > git log --format=%H%n%aN%n%aE%n%at%n%ct%n%P%n%D%n%B -z -n51 --shortstat --follow -- /home/damw1ndy/project1/poke.js [13ms]
2025-02-18 09:57:23.574 [info] > git config --get commit.template [2ms]
2025-02-18 09:57:23.575 [info] > git for-each-ref --format=%(refname)%00%(upstream:short)%00%(objectname)%00%(upstream:track)%00%(upstream:remotename)%00%(upstream:remoteref) refs/heads/main refs/remotes/main [1ms]
2025-02-18 09:57:23.581 [info] > git status -z -uall [3ms]
2025-02-18 09:57:23.581 [info] > git for-each-ref --sort -committerdate --format %(refname) %(objectname) %(*objectname) [1ms]
2025-02-18 09:57:56.354 [info] > git config --get commit.template [3ms]
2025-02-18 09:57:56.355 [info] > git for-each-ref --format=%(refname)%00%(upstream:short)%00%(objectname)%00%(upstream:track)%00%(upstream:remotename)%00%(upstream:remoteref) refs/heads/main refs/remotes/main [1ms]
2025-02-18 09:57:56.360 [info] > git status -z -uall [3ms]
2025-02-18 09:57:56.360 [info] > git for-each-ref --sort -committerdate --format %(refname) %(objectname) %(*objectname) [1ms]
2025-02-18 10:02:02.529 [info] > git log --format=%H%n%aN%n%aE%n%at%n%ct%n%P%n%D%n%B -z -n51 --shortstat --follow -- /home/damw1ndy/project1/poke.js [2ms]
2025-02-18 10:02:05.163 [info] > git config --get commit.template [3ms]
2025-02-18 10:02:05.164 [info] > git for-each-ref --format=%(refname)%00%(upstream:short)%00%(objectname)%00%(upstream:track)%00%(upstream:remotename)%00%(upstream:remoteref) refs/heads/main refs/remotes/main [0ms]
2025-02-18 10:02:05.169 [info] > git status -z -uall [3ms]
2025-02-18 10:02:05.169 [info] > git for-each-ref --sort -committerdate --format %(refname) %(objectname) %(*objectname) [1ms]
2025-02-18 10:02:07.697 [info] > git config --get commit.template [3ms]
2025-02-18 10:02:07.698 [info] > git for-each-ref --format=%(refname)%00%(upstream:short)%00%(objectname)%00%(upstream:track)%00%(upstream:remotename)%00%(upstream:remoteref) refs/heads/main refs/remotes/main [1ms]
2025-02-18 10:02:07.703 [info] > git status -z -uall [3ms]
2025-02-18 10:02:07.704 [info] > git for-each-ref --sort -committerdate --format %(refname) %(objectname) %(*objectname) [1ms]
2025-02-18 10:02:12.719 [info] > git config --get commit.template [3ms]
2025-02-18 10:02:12.719 [info] > git for-each-ref --format=%(refname)%00%(upstream:short)%00%(objectname)%00%(upstream:track)%00%(upstream:remotename)%00%(upstream:remoteref) refs/heads/main refs/remotes/main [1ms]
2025-02-18 10:02:12.726 [info] > git status -z -uall [4ms]
2025-02-18 10:02:12.726 [info] > git for-each-ref --sort -committerdate --format %(refname) %(objectname) %(*objectname) [1ms]
2025-02-18 10:03:24.641 [info] > git config --get commit.template [3ms]
2025-02-18 10:03:24.642 [info] > git for-each-ref --format=%(refname)%00%(upstream:short)%00%(objectname)%00%(upstream:track)%00%(upstream:remotename)%00%(upstream:remoteref) refs/heads/main refs/remotes/main [1ms]
2025-02-18 10:03:24.648 [info] > git status -z -uall [4ms]
2025-02-18 10:03:24.648 [info] > git for-each-ref --sort -committerdate --format %(refname) %(objectname) %(*objectname) [1ms]
2025-02-18 10:04:19.529 [info] > git config --get commit.template [4ms]
2025-02-18 10:04:19.529 [info] > git for-each-ref --format=%(refname)%00%(upstream:short)%00%(objectname)%00%(upstream:track)%00%(upstream:remotename)%00%(upstream:remoteref) refs/heads/main refs/remotes/main [2ms]
2025-02-18 10:04:19.534 [info] > git status -z -uall [2ms]
2025-02-18 10:04:19.535 [info] > git for-each-ref --sort -committerdate --format %(refname) %(objectname) %(*objectname) [1ms]
2025-02-18 11:36:15.355 [info] > git show --textconv :projects/StarDex/index.js [5ms]
2025-02-18 11:36:15.356 [info] > git ls-files --stage -- /home/damw1ndy/projects/StarDex/index.js [2ms]
2025-02-18 11:36:15.361 [info] > git cat-file -s e69de29bb2d1d6434b8b29ae775ad8c2e48c5391 [2ms]
2025-02-18 11:36:15.478 [info] > git log --format=%H%n%aN%n%aE%n%at%n%ct%n%P%n%D%n%B -z -n51 --shortstat --follow -- /home/damw1ndy/projects/StarDex/index.js [297ms]
2025-02-18 11:36:15.487 [info] > git rev-list origin/main..main [2ms]
2025-02-18 11:36:15.615 [info] > git check-ignore -v -z --stdin [2ms]
2025-02-18 11:36:24.987 [info] > git blame --root --incremental ffa2495ff1f26ad2640a16c6c43e75d77338ac16 -- /home/damw1ndy/projects/StarDex/index.js [2ms]
2025-02-18 11:36:40.888 [info] > git log --format=%H%n%aN%n%aE%n%at%n%ct%n%P%n%D%n%B -z -n51 --shortstat --follow -- /home/damw1ndy/projects/StarDex/index.html [138ms]
2025-02-18 11:36:40.995 [info] > git show --textconv :projects/StarDex/index.html [3ms]
2025-02-18 11:36:40.995 [info] > git ls-files --stage -- /home/damw1ndy/projects/StarDex/index.html [1ms]
2025-02-18 11:36:40.999 [info] > git cat-file -s c676e26b76e6bf89510dc08010f6919e3af7ee29 [1ms]
2025-02-18 11:36:44.302 [info] > git blame --root --incremental ffa2495ff1f26ad2640a16c6c43e75d77338ac16 -- /home/damw1ndy/projects/StarDex/index.html [2ms]
2025-02-18 11:37:22.658 [info] > git show --textconv :projects/StarDex/index.js [3ms]
2025-02-18 11:37:22.659 [info] > git ls-files --stage -- /home/damw1ndy/projects/StarDex/index.js [1ms]
2025-02-18 11:37:22.662 [info] > git cat-file -s e69de29bb2d1d6434b8b29ae775ad8c2e48c5391 [1ms]
2025-02-18 11:37:29.348 [info] > git show --textconv :poke.js [2ms]
2025-02-18 11:37:29.349 [info] > git ls-files --stage -- /home/damw1ndy/project1/poke.js [1ms]
2025-02-18 11:37:29.355 [info] > git cat-file -s 08e31360f2b6a225c66240dac477177888a64fd6 [1ms]
2025-02-18 11:37:37.805 [info] > git log --format=%H%n%aN%n%aE%n%at%n%ct%n%P%n%D%n%B -z -n51 --shortstat --follow -- /home/damw1ndy/project1/index.html [4ms]
2025-02-18 11:37:37.808 [info] > git log --format=%H%n%aN%n%aE%n%at%n%ct%n%P%n%D%n%B -z -n101 --shortstat --follow -- /home/damw1ndy/project1/index.html [5ms]
2025-02-18 11:37:37.981 [info] > git show --textconv :index.html [3ms]
2025-02-18 11:37:37.982 [info] > git ls-files --stage -- /home/damw1ndy/project1/index.html [1ms]
2025-02-18 11:37:37.986 [info] > git cat-file -s 9fa4b41431a56ed74dcef9deb6ae5cbe71428a8e [1ms]
2025-02-18 11:42:26.939 [info] > git log --format=%H%n%aN%n%aE%n%at%n%ct%n%P%n%D%n%B -z -n51 --shortstat --follow -- /home/damw1ndy/project1/index.html [1ms]
2025-02-18 11:42:28.278 [info] > git log --format=%H%n%aN%n%aE%n%at%n%ct%n%P%n%D%n%B -z -n51 --shortstat --follow -- /home/damw1ndy/project1/poke.js [3ms]
2025-02-18 11:42:28.421 [info] > git show --textconv :poke.js [2ms]
2025-02-18 11:42:28.422 [info] > git ls-files --stage -- /home/damw1ndy/project1/poke.js [1ms]
2025-02-18 11:42:28.426 [info] > git cat-file -s 08e31360f2b6a225c66240dac477177888a64fd6 [1ms]
2025-02-18 11:43:55.652 [info] > git log --format=%H%n%aN%n%aE%n%at%n%ct%n%P%n%D%n%B -z -n51 --shortstat --follow -- /home/damw1ndy/project1/poke.js [2ms]
2025-02-18 11:46:34.279 [info] > git config --get commit.template [6ms]
2025-02-18 11:46:34.280 [info] > git for-each-ref --format=%(refname)%00%(upstream:short)%00%(objectname)%00%(upstream:track)%00%(upstream:remotename)%00%(upstream:remoteref) refs/heads/main refs/remotes/main [2ms]
2025-02-18 11:46:34.287 [info] > git status -z -uall [3ms]
2025-02-18 11:46:34.289 [info] > git for-each-ref --sort -committerdate --format %(refname) %(objectname) %(*objectname) [2ms]
2025-02-18 11:47:13.225 [info] > git log --format=%H%n%aN%n%aE%n%at%n%ct%n%P%n%D%n%B -z -n51 --shortstat --follow -- /home/damw1ndy/project1/main.css [49ms]
2025-02-18 11:47:13.390 [info] > git show --textconv :main.css [3ms]
2025-02-18 11:47:13.390 [info] > git ls-files --stage -- /home/damw1ndy/project1/main.css [0ms]
2025-02-18 11:47:13.394 [info] > git cat-file -s e69de29bb2d1d6434b8b29ae775ad8c2e48c5391 [1ms]
2025-02-18 11:47:25.654 [info] > git blame --root --incremental 11fedcd3a7a264c4fcbcdf524e71c48d777bfc4f -- /home/damw1ndy/project1/main.css [2ms]
2025-02-18 11:56:11.415 [info] > git log --format=%H%n%aN%n%aE%n%at%n%ct%n%P%n%D%n%B -z -n51 --shortstat --follow -- /home/damw1ndy/project1/poke.js [3ms]
2025-02-18 11:56:11.583 [info] > git show --textconv :poke.js [3ms]
2025-02-18 11:56:11.583 [info] > git ls-files --stage -- /home/damw1ndy/project1/poke.js [1ms]
2025-02-18 11:56:11.587 [info] > git cat-file -s 08e31360f2b6a225c66240dac477177888a64fd6 [1ms]
2025-02-18 11:57:38.636 [info] > git log --format=%H%n%aN%n%aE%n%at%n%ct%n%P%n%D%n%B -z -n51 --shortstat --follow -- /home/damw1ndy/project1/index.html [4ms]
2025-02-18 11:57:38.808 [info] > git show --textconv :index.html [3ms]
2025-02-18 11:57:38.809 [info] > git ls-files --stage -- /home/damw1ndy/project1/index.html [1ms]
2025-02-18 11:57:38.813 [info] > git cat-file -s 9fa4b41431a56ed74dcef9deb6ae5cbe71428a8e [1ms]
2025-02-18 11:58:14.415 [info] > git log --format=%H%n%aN%n%aE%n%at%n%ct%n%P%n%D%n%B -z -n51 --shortstat --follow -- /home/damw1ndy/project1/poke.js [3ms]
2025-02-18 11:58:14.591 [info] > git show --textconv :poke.js [3ms]
2025-02-18 11:58:14.592 [info] > git ls-files --stage -- /home/damw1ndy/project1/poke.js [2ms]
2025-02-18 11:58:14.596 [info] > git cat-file -s 08e31360f2b6a225c66240dac477177888a64fd6 [2ms]
2025-02-18 11:58:31.652 [info] > git log --format=%H%n%aN%n%aE%n%at%n%ct%n%P%n%D%n%B -z -n51 --shortstat --follow -- /home/damw1ndy/project1/main.css [2ms]
2025-02-18 11:58:31.820 [info] > git show --textconv :main.css [3ms]
2025-02-18 11:58:31.820 [info] > git ls-files --stage -- /home/damw1ndy/project1/main.css [0ms]
2025-02-18 11:58:31.824 [info] > git cat-file -s e69de29bb2d1d6434b8b29ae775ad8c2e48c5391 [1ms]
2025-02-18 11:58:35.727 [info] > git config --get commit.template [3ms]
2025-02-18 11:58:35.728 [info] > git for-each-ref --format=%(refname)%00%(upstream:short)%00%(objectname)%00%(upstream:track)%00%(upstream:remotename)%00%(upstream:remoteref) refs/heads/main refs/remotes/main [1ms]
2025-02-18 11:58:35.735 [info] > git status -z -uall [4ms]
2025-02-18 11:58:35.735 [info] > git for-each-ref --sort -committerdate --format %(refname) %(objectname) %(*objectname) [1ms]
2025-02-18 12:05:41.936 [info] > git log --format=%H%n%aN%n%aE%n%at%n%ct%n%P%n%D%n%B -z -n51 --shortstat --follow -- /home/damw1ndy/project1/poke.js [2ms]
2025-02-18 12:05:42.090 [info] > git show --textconv :poke.js [4ms]
2025-02-18 12:05:42.090 [info] > git ls-files --stage -- /home/damw1ndy/project1/poke.js [2ms]
2025-02-18 12:05:42.094 [info] > git cat-file -s 08e31360f2b6a225c66240dac477177888a64fd6 [2ms]
2025-02-18 12:05:56.238 [info] > git log --format=%H%n%aN%n%aE%n%at%n%ct%n%P%n%D%n%B -z -n51 --shortstat --follow -- /home/damw1ndy/project1/main.css [2ms]
2025-02-18 12:05:56.428 [info] > git show --textconv :main.css [4ms]
2025-02-18 12:05:56.428 [info] > git ls-files --stage -- /home/damw1ndy/project1/main.css [1ms]
2025-02-18 12:05:56.433 [info] > git cat-file -s e69de29bb2d1d6434b8b29ae775ad8c2e48c5391 [2ms]
2025-02-18 12:38:17.085 [info] > git log --format=%H%n%aN%n%aE%n%at%n%ct%n%P%n%D%n%B -z -n51 --shortstat --follow -- /home/damw1ndy/project1/index.html [5ms]
2025-02-18 12:38:17.236 [info] > git show --textconv :index.html [4ms]
2025-02-18 12:38:17.237 [info] > git ls-files --stage -- /home/damw1ndy/project1/index.html [2ms]
2025-02-18 12:38:17.241 [info] > git cat-file -s 9fa4b41431a56ed74dcef9deb6ae5cbe71428a8e [1ms]
2025-02-18 12:40:43.069 [info] > git log --format=%H%n%aN%n%aE%n%at%n%ct%n%P%n%D%n%B -z -n51 --shortstat --follow -- /home/damw1ndy/project1/poke.js [2ms]
2025-02-18 12:40:43.218 [info] > git show --textconv :poke.js [4ms]
2025-02-18 12:40:43.219 [info] > git ls-files --stage -- /home/damw1ndy/project1/poke.js [2ms]
2025-02-18 12:40:43.222 [info] > git cat-file -s 08e31360f2b6a225c66240dac477177888a64fd6 [1ms]
2025-02-18 12:41:12.546 [info] > git log --format=%H%n%aN%n%aE%n%at%n%ct%n%P%n%D%n%B -z -n51 --shortstat --follow -- /home/damw1ndy/project1/main.css [1ms]
2025-02-18 12:41:12.719 [info] > git show --textconv :main.css [2ms]
2025-02-18 12:41:12.720 [info] > git ls-files --stage -- /home/damw1ndy/project1/main.css [1ms]
2025-02-18 12:41:12.723 [info] > git cat-file -s e69de29bb2d1d6434b8b29ae775ad8c2e48c5391 [1ms]
2025-02-18 12:41:45.161 [info] > git log --format=%H%n%aN%n%aE%n%at%n%ct%n%P%n%D%n%B -z -n51 --shortstat --follow -- /home/damw1ndy/project1/poke.js [2ms]
2025-02-18 12:41:45.297 [info] > git show --textconv :poke.js [3ms]
2025-02-18 12:41:45.298 [info] > git ls-files --stage -- /home/damw1ndy/project1/poke.js [1ms]
2025-02-18 12:41:45.301 [info] > git cat-file -s 08e31360f2b6a225c66240dac477177888a64fd6 [1ms]
2025-02-18 12:44:13.702 [info] > git log --format=%H%n%aN%n%aE%n%at%n%ct%n%P%n%D%n%B -z -n51 --shortstat --follow -- /home/damw1ndy/project1/main.css [1ms]
2025-02-18 12:44:13.835 [info] > git show --textconv :main.css [3ms]
2025-02-18 12:44:13.836 [info] > git ls-files --stage -- /home/damw1ndy/project1/main.css [2ms]
2025-02-18 12:44:13.839 [info] > git cat-file -s e69de29bb2d1d6434b8b29ae775ad8c2e48c5391 [1ms]
2025-02-18 12:47:02.216 [info] > git log --format=%H%n%aN%n%aE%n%at%n%ct%n%P%n%D%n%B -z -n51 --shortstat --follow -- /home/damw1ndy/project1/poke.js [2ms]
2025-02-18 12:47:02.359 [info] > git show --textconv :poke.js [4ms]
2025-02-18 12:47:02.360 [info] > git ls-files --stage -- /home/damw1ndy/project1/poke.js [0ms]
2025-02-18 12:47:02.363 [info] > git cat-file -s 08e31360f2b6a225c66240dac477177888a64fd6 [1ms]
2025-02-18 12:54:30.708 [info] > git config --get commit.template [4ms]
2025-02-18 12:54:30.709 [info] > git for-each-ref --format=%(refname)%00%(upstream:short)%00%(objectname)%00%(upstream:track)%00%(upstream:remotename)%00%(upstream:remoteref) refs/heads/main refs/remotes/main [1ms]
2025-02-18 12:54:30.715 [info] > git status -z -uall [3ms]
2025-02-18 12:54:30.715 [info] > git for-each-ref --sort -committerdate --format %(refname) %(objectname) %(*objectname) [1ms]
2025-02-18 13:04:53.942 [info] > git config --get commit.template [3ms]
2025-02-18 13:04:53.944 [info] > git for-each-ref --format=%(refname)%00%(upstream:short)%00%(objectname)%00%(upstream:track)%00%(upstream:remotename)%00%(upstream:remoteref) refs/heads/main refs/remotes/main [2ms]
2025-02-18 13:04:53.950 [info] > git status -z -uall [3ms]
2025-02-18 13:04:53.951 [info] > git for-each-ref --sort -committerdate --format %(refname) %(objectname) %(*objectname) [1ms]
2025-02-18 13:11:58.293 [info] > git log --format=%H%n%aN%n%aE%n%at%n%ct%n%P%n%D%n%B -z -n51 --shortstat --follow -- /home/damw1ndy/project1/main.css [2ms]
2025-02-18 13:11:58.441 [info] > git show --textconv :main.css [4ms]
2025-02-18 13:11:58.442 [info] > git ls-files --stage -- /home/damw1ndy/project1/main.css [2ms]
2025-02-18 13:11:58.446 [info] > git cat-file -s e69de29bb2d1d6434b8b29ae775ad8c2e48c5391 [2ms]
2025-02-18 13:16:59.902 [info] > git check-ignore -v -z --stdin [2ms]
2025-02-18 13:17:11.630 [info] > git check-ignore -v -z --stdin [1ms]
2025-02-18 13:17:14.148 [info] > git check-ignore -v -z --stdin [2ms]
2025-02-18 13:17:19.984 [info] > git log --format=%H%n%aN%n%aE%n%at%n%ct%n%P%n%D%n%B -z -n51 --shortstat --follow -- /home/damw1ndy/html-excercise/favorites.css [7ms]
2025-02-18 13:17:19.989 [info] > git hash-object -t tree /dev/null [1ms]
2025-02-18 13:17:20.166 [info] > git show --textconv :favorites.css [2ms]
2025-02-18 13:17:20.167 [info] > git ls-files --stage -- /home/damw1ndy/html-excercise/favorites.css [1ms]
2025-02-18 13:17:20.171 [info] > git cat-file -s 38a393ea91ddf38369130918f57e3ec53c43fffd [2ms]
2025-02-18 13:17:20.142 [info] > git log --format=%H%n%aN%n%aE%n%at%n%ct%n%P%n%D%n%B -z -n51 --shortstat --follow -- /home/damw1ndy/project1/main.css [2ms]
2025-02-18 13:17:20.303 [info] > git show --textconv :main.css [2ms]
2025-02-18 13:17:20.304 [info] > git ls-files --stage -- /home/damw1ndy/project1/main.css [1ms]
2025-02-18 13:17:20.307 [info] > git cat-file -s e69de29bb2d1d6434b8b29ae775ad8c2e48c5391 [1ms]
2025-02-18 13:17:32.333 [info] > git check-ignore -v -z --stdin [1ms]
2025-02-18 13:17:37.652 [info] > git check-ignore -v -z --stdin [1ms]
2025-02-18 13:17:41.554 [info] > git check-ignore -v -z --stdin [2ms]
2025-02-18 13:17:42.386 [info] > git check-ignore -v -z --stdin [1ms]
2025-02-18 13:17:44.978 [info] > git log --format=%H%n%aN%n%aE%n%at%n%ct%n%P%n%D%n%B -z -n51 --shortstat --follow -- /home/damw1ndy/workshop/fund3/style.css [44ms]
2025-02-18 13:17:45.130 [info] > git show --textconv :workshop/fund3/style.css [3ms]
2025-02-18 13:17:45.130 [info] > git ls-files --stage -- /home/damw1ndy/workshop/fund3/style.css [1ms]
2025-02-18 13:17:45.133 [info] > git cat-file -s 0b0d8671743252130026092031d0b6fd2c3abab2 [1ms]
2025-02-18 13:18:03.123 [info] > git show --textconv :main.css [4ms]
2025-02-18 13:18:03.123 [info] > git ls-files --stage -- /home/damw1ndy/project1/main.css [1ms]
2025-02-18 13:18:03.127 [info] > git cat-file -s e69de29bb2d1d6434b8b29ae775ad8c2e48c5391 [2ms]
2025-02-18 13:18:09.339 [info] > git log --format=%H%n%aN%n%aE%n%at%n%ct%n%P%n%D%n%B -z -n51 --shortstat --follow -- /home/damw1ndy/project1/main.css [1ms]
2025-02-18 13:19:44.926 [info] > git blame --root --incremental ffa2495ff1f26ad2640a16c6c43e75d77338ac16 -- /home/damw1ndy/workshop/fund3/style.css [2ms]
2025-02-18 13:19:44.954 [info] > git log --format=%H%n%aN%n%aE%n%at%n%ct%n%P%n%D%n%B -z -n51 --shortstat --follow -- /home/damw1ndy/workshop/fund3/style.css [33ms]
2025-02-18 13:20:01.787 [info] > git log --format=%H%n%aN%n%aE%n%at%n%ct%n%P%n%D%n%B -z -n51 --shortstat --follow -- /home/damw1ndy/project1/main.css [3ms]
2025-02-18 13:25:13.252 [info] > git config --get commit.template [3ms]
2025-02-18 13:25:13.253 [info] > git for-each-ref --format=%(refname)%00%(upstream:short)%00%(objectname)%00%(upstream:track)%00%(upstream:remotename)%00%(upstream:remoteref) refs/heads/main refs/remotes/main [1ms]
2025-02-18 13:25:13.260 [info] > git status -z -uall [4ms]
2025-02-18 13:25:13.260 [info] > git for-each-ref --sort -committerdate --format %(refname) %(objectname) %(*objectname) [1ms]
2025-02-18 13:26:41.100 [info] > git config --get commit.template [4ms]
2025-02-18 13:26:41.100 [info] > git for-each-ref --format=%(refname)%00%(upstream:short)%00%(objectname)%00%(upstream:track)%00%(upstream:remotename)%00%(upstream:remoteref) refs/heads/main refs/remotes/main [1ms]
2025-02-18 13:26:41.108 [info] > git status -z -uall [4ms]
2025-02-18 13:26:41.109 [info] > git for-each-ref --sort -committerdate --format %(refname) %(objectname) %(*objectname) [2ms]
2025-02-18 13:31:41.070 [info] > git log --format=%H%n%aN%n%aE%n%at%n%ct%n%P%n%D%n%B -z -n51 --shortstat --follow -- /home/damw1ndy/project1/poke.js [2ms]
2025-02-18 13:31:41.211 [info] > git show --textconv :poke.js [2ms]
2025-02-18 13:31:41.211 [info] > git ls-files --stage -- /home/damw1ndy/project1/poke.js [1ms]
2025-02-18 13:31:41.215 [info] > git cat-file -s 08e31360f2b6a225c66240dac477177888a64fd6 [1ms]
2025-02-18 13:31:50.834 [info] > git log --format=%H%n%aN%n%aE%n%at%n%ct%n%P%n%D%n%B -z -n51 --shortstat --follow -- /home/damw1ndy/project1/index.html [3ms]
2025-02-18 13:31:51.007 [info] > git show --textconv :index.html [5ms]
2025-02-18 13:31:51.007 [info] > git ls-files --stage -- /home/damw1ndy/project1/index.html [2ms]
2025-02-18 13:31:51.011 [info] > git cat-file -s 9fa4b41431a56ed74dcef9deb6ae5cbe71428a8e [1ms]
2025-02-18 13:31:49.523 [info] > git log --format=%H%n%aN%n%aE%n%at%n%ct%n%P%n%D%n%B -z -n51 --shortstat --follow -- /home/damw1ndy/project1/poke.js [2ms]
2025-02-18 13:31:49.670 [info] > git show --textconv :poke.js [3ms]
2025-02-18 13:31:49.671 [info] > git ls-files --stage -- /home/damw1ndy/project1/poke.js [1ms]
2025-02-18 13:31:49.674 [info] > git cat-file -s 08e31360f2b6a225c66240dac477177888a64fd6 [1ms]
2025-02-18 13:32:57.857 [info] > git log --format=%H%n%aN%n%aE%n%at%n%ct%n%P%n%D%n%B -z -n51 --shortstat --follow -- /home/damw1ndy/project1/main.css [1ms]
2025-02-18 13:32:58.018 [info] > git show --textconv :main.css [3ms]
2025-02-18 13:32:58.018 [info] > git ls-files --stage -- /home/damw1ndy/project1/main.css [1ms]
2025-02-18 13:32:58.022 [info] > git cat-file -s e69de29bb2d1d6434b8b29ae775ad8c2e48c5391 [1ms]
2025-02-18 13:49:20.000 [info] > git log --format=%H%n%aN%n%aE%n%at%n%ct%n%P%n%D%n%B -z -n51 --shortstat --follow -- /home/damw1ndy/project1/index.html [3ms]
2025-02-18 13:49:20.173 [info] > git show --textconv :index.html [3ms]
2025-02-18 13:49:20.174 [info] > git ls-files --stage -- /home/damw1ndy/project1/index.html [1ms]
2025-02-18 13:49:20.178 [info] > git cat-file -s 9fa4b41431a56ed74dcef9deb6ae5cbe71428a8e [1ms]
2025-02-18 13:55:05.861 [info] > git log --format=%H%n%aN%n%aE%n%at%n%ct%n%P%n%D%n%B -z -n51 --shortstat --follow -- /home/damw1ndy/project1/main.css [2ms]
2025-02-18 13:55:06.021 [info] > git show --textconv :main.css [3ms]
2025-02-18 13:55:06.022 [info] > git ls-files --stage -- /home/damw1ndy/project1/main.css [1ms]
2025-02-18 13:55:06.025 [info] > git cat-file -s e69de29bb2d1d6434b8b29ae775ad8c2e48c5391 [1ms]
2025-02-18 14:09:04.894 [info] > git config --get commit.template [4ms]
2025-02-18 14:09:04.895 [info] > git for-each-ref --format=%(refname)%00%(upstream:short)%00%(objectname)%00%(upstream:track)%00%(upstream:remotename)%00%(upstream:remoteref) refs/heads/main refs/remotes/main [2ms]
2025-02-18 14:09:04.901 [info] > git status -z -uall [3ms]
2025-02-18 14:09:04.902 [info] > git for-each-ref --sort -committerdate --format %(refname) %(objectname) %(*objectname) [1ms]
2025-02-18 14:11:30.311 [info] > git log --format=%H%n%aN%n%aE%n%at%n%ct%n%P%n%D%n%B -z -n51 --shortstat --follow -- /home/damw1ndy/project1/poke.js [3ms]
2025-02-18 14:11:30.477 [info] > git show --textconv :poke.js [4ms]
2025-02-18 14:11:30.478 [info] > git ls-files --stage -- /home/damw1ndy/project1/poke.js [1ms]
2025-02-18 14:11:30.483 [info] > git cat-file -s 08e31360f2b6a225c66240dac477177888a64fd6 [2ms]
2025-02-18 14:11:35.627 [info] > git log --format=%H%n%aN%n%aE%n%at%n%ct%n%P%n%D%n%B -z -n51 --shortstat --follow -- /home/damw1ndy/project1/index.html [2ms]
2025-02-18 14:11:35.794 [info] > git show --textconv :index.html [3ms]
2025-02-18 14:11:35.795 [info] > git ls-files --stage -- /home/damw1ndy/project1/index.html [1ms]
2025-02-18 14:11:35.798 [info] > git cat-file -s 9fa4b41431a56ed74dcef9deb6ae5cbe71428a8e [0ms]
2025-02-18 14:12:03.330 [info] > git log --format=%H%n%aN%n%aE%n%at%n%ct%n%P%n%D%n%B -z -n51 --shortstat --follow -- /home/damw1ndy/project1/main.css [2ms]
2025-02-18 14:12:03.498 [info] > git show --textconv :main.css [5ms]
2025-02-18 14:12:03.499 [info] > git ls-files --stage -- /home/damw1ndy/project1/main.css [2ms]
2025-02-18 14:12:03.503 [info] > git cat-file -s e69de29bb2d1d6434b8b29ae775ad8c2e48c5391 [1ms]
2025-02-18 14:19:57.558 [info] > git log --format=%H%n%aN%n%aE%n%at%n%ct%n%P%n%D%n%B -z -n51 --shortstat --follow -- /home/damw1ndy/project1/index.html [2ms]
2025-02-18 14:19:57.726 [info] > git show --textconv :index.html [3ms]
2025-02-18 14:19:57.726 [info] > git ls-files --stage -- /home/damw1ndy/project1/index.html [1ms]
2025-02-18 14:19:57.731 [info] > git cat-file -s 9fa4b41431a56ed74dcef9deb6ae5cbe71428a8e [2ms]
2025-02-18 14:21:22.645 [info] > git log --format=%H%n%aN%n%aE%n%at%n%ct%n%P%n%D%n%B -z -n51 --shortstat --follow -- /home/damw1ndy/project1/poke.js [3ms]
2025-02-18 14:21:22.781 [info] > git show --textconv :poke.js [3ms]
2025-02-18 14:21:22.782 [info] > git ls-files --stage -- /home/damw1ndy/project1/poke.js [1ms]
2025-02-18 14:21:22.788 [info] > git cat-file -s 08e31360f2b6a225c66240dac477177888a64fd6 [1ms]
2025-02-18 14:21:24.958 [info] > git log --format=%H%n%aN%n%aE%n%at%n%ct%n%P%n%D%n%B -z -n51 --shortstat --follow -- /home/damw1ndy/project1/main.css [3ms]
2025-02-18 14:21:25.127 [info] > git show --textconv :main.css [3ms]
2025-02-18 14:21:25.127 [info] > git ls-files --stage -- /home/damw1ndy/project1/main.css [0ms]
2025-02-18 14:21:25.131 [info] > git cat-file -s e69de29bb2d1d6434b8b29ae775ad8c2e48c5391 [1ms]
2025-02-18 14:21:38.286 [info] > git log --format=%H%n%aN%n%aE%n%at%n%ct%n%P%n%D%n%B -z -n51 --shortstat --follow -- /home/damw1ndy/project1/poke.js [3ms]
2025-02-18 14:21:38.435 [info] > git show --textconv :poke.js [3ms]
2025-02-18 14:21:38.436 [info] > git ls-files --stage -- /home/damw1ndy/project1/poke.js [1ms]
2025-02-18 14:21:38.439 [info] > git cat-file -s 08e31360f2b6a225c66240dac477177888a64fd6 [1ms]
2025-02-18 14:23:21.888 [info] > git log --format=%H%n%aN%n%aE%n%at%n%ct%n%P%n%D%n%B -z -n51 --shortstat --follow -- /home/damw1ndy/project1/main.css [4ms]
2025-02-18 14:23:22.040 [info] > git show --textconv :main.css [4ms]
2025-02-18 14:23:22.041 [info] > git ls-files --stage -- /home/damw1ndy/project1/main.css [1ms]
2025-02-18 14:23:22.044 [info] > git cat-file -s e69de29bb2d1d6434b8b29ae775ad8c2e48c5391 [1ms]
2025-02-18 14:25:10.552 [info] > git config --get commit.template [2ms]
2025-02-18 14:25:10.556 [info] > git for-each-ref --format=%(refname)%00%(upstream:short)%00%(objectname)%00%(upstream:track)%00%(upstream:remotename)%00%(upstream:remoteref) refs/heads/main refs/remotes/main [1ms]
2025-02-18 14:25:10.563 [info] > git status -z -uall [3ms]
2025-02-18 14:25:10.564 [info] > git for-each-ref --sort -committerdate --format %(refname) %(objectname) %(*objectname) [1ms]
2025-02-18 14:25:39.358 [info] > git log --format=%H%n%aN%n%aE%n%at%n%ct%n%P%n%D%n%B -z -n51 --shortstat --follow -- /home/damw1ndy/project1/index.html [2ms]
2025-02-18 14:25:39.524 [info] > git show --textconv :index.html [4ms]
2025-02-18 14:25:39.524 [info] > git ls-files --stage -- /home/damw1ndy/project1/index.html [1ms]
2025-02-18 14:25:39.528 [info] > git cat-file -s 9fa4b41431a56ed74dcef9deb6ae5cbe71428a8e [1ms]
2025-02-18 14:25:42.262 [info] > git config --get commit.template [4ms]
2025-02-18 14:25:42.263 [info] > git for-each-ref --format=%(refname)%00%(upstream:short)%00%(objectname)%00%(upstream:track)%00%(upstream:remotename)%00%(upstream:remoteref) refs/heads/main refs/remotes/main [1ms]
2025-02-18 14:25:42.270 [info] > git status -z -uall [4ms]
2025-02-18 14:25:42.271 [info] > git for-each-ref --sort -committerdate --format %(refname) %(objectname) %(*objectname) [2ms]
2025-02-18 14:25:54.900 [info] > git config --get commit.template [4ms]
2025-02-18 14:25:54.901 [info] > git for-each-ref --format=%(refname)%00%(upstream:short)%00%(objectname)%00%(upstream:track)%00%(upstream:remotename)%00%(upstream:remoteref) refs/heads/main refs/remotes/main [2ms]
2025-02-18 14:25:54.906 [info] > git status -z -uall [2ms]
2025-02-18 14:25:54.907 [info] > git for-each-ref --sort -committerdate --format %(refname) %(objectname) %(*objectname) [1ms]
2025-02-18 14:25:55.277 [info] > git show --textconv HEAD:index.html [4ms]
2025-02-18 14:25:55.278 [info] > git ls-tree -l HEAD -- /home/damw1ndy/project1/index.html [2ms]
2025-02-18 14:25:55.493 [info] > git rev-list --count 11fedcd3a7a264c4fcbcdf524e71c48d777bfc4f.. -- /home/damw1ndy/project1/index.html [2ms]
2025-02-18 14:25:55.497 [info] > git log --format=%H%n%aN%n%aE%n%at%n%ct%n%P%n%D%n%B -z -n2 --shortstat --follow -- /home/damw1ndy/project1/index.html [1ms]
2025-02-18 14:25:55.983 [info] > git config --get commit.template [1ms]
2025-02-18 14:25:55.986 [info] > git for-each-ref --format=%(refname)%00%(upstream:short)%00%(objectname)%00%(upstream:track)%00%(upstream:remotename)%00%(upstream:remoteref) refs/heads/main refs/remotes/main [1ms]
2025-02-18 14:25:55.992 [info] > git status -z -uall [3ms]
2025-02-18 14:25:55.993 [info] > git for-each-ref --sort -committerdate --format %(refname) %(objectname) %(*objectname) [1ms]
2025-02-18 14:25:56.091 [info] > git ls-files --stage -- /home/damw1ndy/project1/index.html [4ms]
2025-02-18 14:25:56.094 [info] > git ls-tree -l HEAD -- /home/damw1ndy/project1/index.html [4ms]
2025-02-18 14:25:56.095 [info] > git cat-file -s aad8e3731cce4e1b0f0f12c0dfd8fb42feb6ab2d [2ms]
2025-02-18 14:25:56.103 [info] > git show --textconv HEAD:index.html [2ms]
2025-02-18 14:25:56.104 [info] > git show --textconv :index.html [1ms]
2025-02-18 14:26:21.658 [info] > git config --get commit.template [3ms]
2025-02-18 14:26:21.658 [info] > git for-each-ref --format=%(refname)%00%(upstream:short)%00%(objectname)%00%(upstream:track)%00%(upstream:remotename)%00%(upstream:remoteref) refs/heads/main refs/remotes/main [1ms]
2025-02-18 14:26:21.666 [info] > git status -z -uall [5ms]
2025-02-18 14:26:21.666 [info] > git for-each-ref --sort -committerdate --format %(refname) %(objectname) %(*objectname) [2ms]
2025-02-18 14:26:21.674 [info] > git blame --root --incremental 0e03167ad8bcaa2316136d231c0060e440808ef1 -- /home/damw1ndy/project1/index.html [4ms]
2025-02-18 14:26:21.675 [info] > git merge-base refs/heads/main refs/remotes/origin/main [2ms]
2025-02-18 14:26:21.680 [info] > git diff --name-status -z --diff-filter=ADMR 11fedcd3a7a264c4fcbcdf524e71c48d777bfc4f...refs/remotes/origin/main [1ms]
2025-02-18 14:26:22.250 [info] > git rev-list --count 11fedcd3a7a264c4fcbcdf524e71c48d777bfc4f.. -- /home/damw1ndy/project1/index.html [2ms]
2025-02-18 14:26:22.255 [info] > git log --format=%H%n%aN%n%aE%n%at%n%ct%n%P%n%D%n%B -z -n3 --shortstat --follow -- /home/damw1ndy/project1/index.html [1ms]
2025-02-18 14:26:22.261 [info] > git rev-list origin/main..main [1ms]
2025-02-18 14:26:22.739 [info] > git config --get commit.template [3ms]
2025-02-18 14:26:22.740 [info] > git for-each-ref --format=%(refname)%00%(upstream:short)%00%(objectname)%00%(upstream:track)%00%(upstream:remotename)%00%(upstream:remoteref) refs/heads/main refs/remotes/main [1ms]
2025-02-18 14:26:22.746 [info] > git status -z -uall [3ms]
2025-02-18 14:26:22.747 [info] > git for-each-ref --sort -committerdate --format %(refname) %(objectname) %(*objectname) [1ms]
2025-02-18 14:26:22.842 [info] > git ls-files --stage -- /home/damw1ndy/project1/index.html [2ms]
2025-02-18 14:26:22.845 [info] > git cat-file -s aad8e3731cce4e1b0f0f12c0dfd8fb42feb6ab2d [1ms]
2025-02-18 14:26:22.853 [info] > git show --textconv :index.html [2ms]
2025-02-18 14:26:32.548 [info] > git config --get commit.template [2ms]
2025-02-18 14:26:32.552 [info] > git for-each-ref --format=%(refname)%00%(upstream:short)%00%(objectname)%00%(upstream:track)%00%(upstream:remotename)%00%(upstream:remoteref) refs/heads/main refs/remotes/main [1ms]
2025-02-18 14:26:32.559 [info] > git status -z -uall [3ms]
2025-02-18 14:26:32.559 [info] > git for-each-ref --sort -committerdate --format %(refname) %(objectname) %(*objectname) [1ms]
2025-02-18 14:26:32.566 [info] > git merge-base refs/heads/main refs/remotes/origin/main [1ms]
2025-02-18 14:26:32.571 [info] > git diff --name-status -z --diff-filter=ADMR 0e03167ad8bcaa2316136d231c0060e440808ef1...refs/remotes/origin/main [1ms]
2025-02-18 14:26:33.220 [info] > git rev-list --count 11fedcd3a7a264c4fcbcdf524e71c48d777bfc4f.. -- /home/damw1ndy/project1/index.html [1ms]
2025-02-18 14:26:33.225 [info] > git log --format=%H%n%aN%n%aE%n%at%n%ct%n%P%n%D%n%B -z -n3 --shortstat --follow -- /home/damw1ndy/project1/index.html [2ms]
2025-02-18 14:26:33.729 [info] > git config --get commit.template [6ms]
2025-02-18 14:26:33.730 [info] > git for-each-ref --format=%(refname)%00%(upstream:short)%00%(objectname)%00%(upstream:track)%00%(upstream:remotename)%00%(upstream:remoteref) refs/heads/main refs/remotes/main [2ms]
2025-02-18 14:26:33.749 [info] > git status -z -uall [8ms]
2025-02-18 14:26:33.749 [info] > git for-each-ref --sort -committerdate --format %(refname) %(objectname) %(*objectname) [3ms]
2025-02-18 14:26:33.826 [info] > git ls-files --stage -- /home/damw1ndy/project1/index.html [2ms]
2025-02-18 14:26:33.832 [info] > git cat-file -s aad8e3731cce4e1b0f0f12c0dfd8fb42feb6ab2d [1ms]
2025-02-18 14:26:33.843 [info] > git show --textconv :index.html [2ms]
2025-02-18 14:36:23.292 [info] > git log --format=%H%n%aN%n%aE%n%at%n%ct%n%P%n%D%n%B -z -n51 --shortstat --follow -- /home/damw1ndy/project1/poke.js [4ms]
2025-02-18 14:36:23.407 [info] > git show --textconv :poke.js [3ms]
2025-02-18 14:36:23.408 [info] > git ls-files --stage -- /home/damw1ndy/project1/poke.js [2ms]
2025-02-18 14:36:23.411 [info] > git cat-file -s 6b6ac265539dcbd77c7b3fa3b55ab449501910ad [1ms]
2025-02-18 14:36:23.471 [info] > git blame --root --incremental 0e03167ad8bcaa2316136d231c0060e440808ef1 -- /home/damw1ndy/project1/poke.js [2ms]
2025-02-18 14:40:04.828 [info] > git log --format=%H%n%aN%n%aE%n%at%n%ct%n%P%n%D%n%B -z -n51 --shortstat --follow -- /home/damw1ndy/project1/index.html [2ms]
2025-02-18 14:40:04.992 [info] > git show --textconv :index.html [3ms]
2025-02-18 14:40:04.993 [info] > git ls-files --stage -- /home/damw1ndy/project1/index.html [1ms]
2025-02-18 14:40:04.998 [info] > git cat-file -s aad8e3731cce4e1b0f0f12c0dfd8fb42feb6ab2d [1ms]
2025-02-18 14:41:14.981 [info] > git log --format=%H%n%aN%n%aE%n%at%n%ct%n%P%n%D%n%B -z -n51 --shortstat --follow -- /home/damw1ndy/project1/poke.js [2ms]
2025-02-18 14:41:15.147 [info] > git show --textconv :poke.js [6ms]
2025-02-18 14:41:15.148 [info] > git ls-files --stage -- /home/damw1ndy/project1/poke.js [2ms]
2025-02-18 14:41:15.153 [info] > git cat-file -s 6b6ac265539dcbd77c7b3fa3b55ab449501910ad [1ms]
2025-02-18 14:45:57.177 [info] > git log --format=%H%n%aN%n%aE%n%at%n%ct%n%P%n%D%n%B -z -n51 --shortstat --follow -- /home/damw1ndy/project1/main.css [2ms]
2025-02-18 14:45:57.325 [info] > git show --textconv :main.css [3ms]
2025-02-18 14:45:57.326 [info] > git ls-files --stage -- /home/damw1ndy/project1/main.css [1ms]
2025-02-18 14:45:57.330 [info] > git cat-file -s d6ff4650589608004d071f21667cb3770da5886e [0ms]
2025-02-18 14:45:57.340 [info] > git blame --root --incremental 0e03167ad8bcaa2316136d231c0060e440808ef1 -- /home/damw1ndy/project1/main.css [1ms]
2025-02-18 16:01:55.457 [info] > git log --format=%H%n%aN%n%aE%n%at%n%ct%n%P%n%D%n%B -z -n51 --shortstat --follow -- /home/damw1ndy/project1/poke.js [3ms]
2025-02-18 16:01:55.614 [info] > git show --textconv :poke.js [3ms]
2025-02-18 16:01:55.615 [info] > git ls-files --stage -- /home/damw1ndy/project1/poke.js [2ms]
2025-02-18 16:01:55.619 [info] > git cat-file -s 6b6ac265539dcbd77c7b3fa3b55ab449501910ad [1ms]
2025-02-18 16:03:38.281 [info] > git log --format=%H%n%aN%n%aE%n%at%n%ct%n%P%n%D%n%B -z -n51 --shortstat --follow -- /home/damw1ndy/project1/main.css [2ms]
2025-02-18 16:03:38.433 [info] > git show --textconv :main.css [3ms]
2025-02-18 16:03:38.433 [info] > git ls-files --stage -- /home/damw1ndy/project1/main.css [1ms]
2025-02-18 16:03:38.437 [info] > git cat-file -s d6ff4650589608004d071f21667cb3770da5886e [1ms]
2025-02-18 16:14:23.359 [info] > git config --get commit.template [2ms]
2025-02-18 16:14:23.363 [info] > git for-each-ref --format=%(refname)%00%(upstream:short)%00%(objectname)%00%(upstream:track)%00%(upstream:remotename)%00%(upstream:remoteref) refs/heads/main refs/remotes/main [1ms]
2025-02-18 16:14:23.372 [info] > git status -z -uall [4ms]
2025-02-18 16:14:23.372 [info] > git for-each-ref --sort -committerdate --format %(refname) %(objectname) %(*objectname) [1ms]
2025-02-18 16:14:25.578 [info] > git log --format=%H%n%aN%n%aE%n%at%n%ct%n%P%n%D%n%B -z -n51 --shortstat --follow -- /home/damw1ndy/project1/poke.js [3ms]
2025-02-18 16:14:25.732 [info] > git show --textconv :poke.js [5ms]
2025-02-18 16:14:25.732 [info] > git ls-files --stage -- /home/damw1ndy/project1/poke.js [1ms]
2025-02-18 16:14:25.737 [info] > git cat-file -s 6b6ac265539dcbd77c7b3fa3b55ab449501910ad [1ms]
2025-02-18 16:14:26.850 [info] > git config --get commit.template [4ms]
2025-02-18 16:14:26.851 [info] > git for-each-ref --format=%(refname)%00%(upstream:short)%00%(objectname)%00%(upstream:track)%00%(upstream:remotename)%00%(upstream:remoteref) refs/heads/main refs/remotes/main [1ms]
2025-02-18 16:14:26.858 [info] > git status -z -uall [3ms]
2025-02-18 16:14:26.859 [info] > git for-each-ref --sort -committerdate --format %(refname) %(objectname) %(*objectname) [2ms]
2025-02-18 16:14:35.458 [info] > git log --format=%H%n%aN%n%aE%n%at%n%ct%n%P%n%D%n%B -z -n51 --shortstat --follow -- /home/damw1ndy/project1/main.css [3ms]
2025-02-18 16:14:35.626 [info] > git show --textconv :main.css [3ms]
2025-02-18 16:14:35.627 [info] > git ls-files --stage -- /home/damw1ndy/project1/main.css [1ms]
2025-02-18 16:14:35.632 [info] > git cat-file -s d6ff4650589608004d071f21667cb3770da5886e [2ms]
2025-02-18 16:16:06.030 [info] > git log --format=%H%n%aN%n%aE%n%at%n%ct%n%P%n%D%n%B -z -n51 --shortstat --follow -- /home/damw1ndy/project1/poke.js [3ms]
2025-02-18 16:16:06.180 [info] > git show --textconv :poke.js [4ms]
2025-02-18 16:16:06.180 [info] > git ls-files --stage -- /home/damw1ndy/project1/poke.js [1ms]
2025-02-18 16:16:06.184 [info] > git cat-file -s 6b6ac265539dcbd77c7b3fa3b55ab449501910ad [1ms]
2025-02-18 16:17:06.608 [info] > git log --format=%H%n%aN%n%aE%n%at%n%ct%n%P%n%D%n%B -z -n51 --shortstat --follow -- /home/damw1ndy/project1/main.css [2ms]
2025-02-18 16:17:06.774 [info] > git show --textconv :main.css [4ms]
2025-02-18 16:17:06.774 [info] > git ls-files --stage -- /home/damw1ndy/project1/main.css [1ms]
2025-02-18 16:17:06.778 [info] > git cat-file -s d6ff4650589608004d071f21667cb3770da5886e [1ms]
2025-02-18 16:17:25.662 [info] > git log --format=%H%n%aN%n%aE%n%at%n%ct%n%P%n%D%n%B -z -n51 --shortstat --follow -- /home/damw1ndy/project1/poke.js [2ms]
2025-02-18 16:17:25.820 [info] > git show --textconv :poke.js [3ms]
2025-02-18 16:17:25.820 [info] > git ls-files --stage -- /home/damw1ndy/project1/poke.js [1ms]
2025-02-18 16:17:25.824 [info] > git cat-file -s 6b6ac265539dcbd77c7b3fa3b55ab449501910ad [1ms]
2025-02-18 16:17:28.403 [info] > git log --format=%H%n%aN%n%aE%n%at%n%ct%n%P%n%D%n%B -z -n51 --shortstat --follow -- /home/damw1ndy/project1/main.css [2ms]
2025-02-18 16:17:28.571 [info] > git show --textconv :main.css [3ms]
2025-02-18 16:17:28.572 [info] > git ls-files --stage -- /home/damw1ndy/project1/main.css [1ms]
2025-02-18 16:17:28.575 [info] > git cat-file -s d6ff4650589608004d071f21667cb3770da5886e [1ms]
2025-02-18 16:29:13.840 [info] > git log --format=%H%n%aN%n%aE%n%at%n%ct%n%P%n%D%n%B -z -n51 --shortstat --follow -- /home/damw1ndy/project1/poke.js [3ms]
2025-02-18 16:29:13.964 [info] > git show --textconv :poke.js [3ms]
2025-02-18 16:29:13.964 [info] > git ls-files --stage -- /home/damw1ndy/project1/poke.js [1ms]
2025-02-18 16:29:13.968 [info] > git cat-file -s 6b6ac265539dcbd77c7b3fa3b55ab449501910ad [0ms]
2025-02-18 16:46:46.898 [info] > git config --get commit.template [7ms]
2025-02-18 16:46:46.901 [info] > git for-each-ref --format=%(refname)%00%(upstream:short)%00%(objectname)%00%(upstream:track)%00%(upstream:remotename)%00%(upstream:remoteref) refs/heads/main refs/remotes/main [7ms]
2025-02-18 16:46:46.906 [info] > git status -z -uall [2ms]
2025-02-18 16:46:46.908 [info] > git for-each-ref --sort -committerdate --format %(refname) %(objectname) %(*objectname) [2ms]
2025-02-18 16:46:53.295 [info] > git log --format=%H%n%aN%n%aE%n%at%n%ct%n%P%n%D%n%B -z -n51 --shortstat --follow -- /home/damw1ndy/project1/main.css [4ms]
2025-02-18 16:46:53.430 [info] > git show --textconv :main.css [2ms]
2025-02-18 16:46:53.431 [info] > git ls-files --stage -- /home/damw1ndy/project1/main.css [1ms]
2025-02-18 16:46:53.434 [info] > git cat-file -s d6ff4650589608004d071f21667cb3770da5886e [1ms]
2025-02-18 17:01:11.527 [info] > git config --get commit.template [6ms]
2025-02-18 17:01:11.528 [info] > git for-each-ref --format=%(refname)%00%(upstream:short)%00%(objectname)%00%(upstream:track)%00%(upstream:remotename)%00%(upstream:remoteref) refs/heads/main refs/remotes/main [2ms]
2025-02-18 17:01:11.538 [info] > git status -z -uall [5ms]
2025-02-18 17:01:11.540 [info] > git for-each-ref --sort -committerdate --format %(refname) %(objectname) %(*objectname) [2ms]
2025-02-18 17:16:55.319 [info] > git config --get commit.template [3ms]
2025-02-18 17:16:55.319 [info] > git for-each-ref --format=%(refname)%00%(upstream:short)%00%(objectname)%00%(upstream:track)%00%(upstream:remotename)%00%(upstream:remoteref) refs/heads/main refs/remotes/main [1ms]
2025-02-18 17:16:55.325 [info] > git status -z -uall [3ms]
2025-02-18 17:16:55.328 [info] > git for-each-ref --sort -committerdate --format %(refname) %(objectname) %(*objectname) [2ms]
2025-02-18 17:16:56.057 [info] > git log --format=%H%n%aN%n%aE%n%at%n%ct%n%P%n%D%n%B -z -n51 --shortstat --follow -- /home/damw1ndy/project1/poke.js [5ms]
2025-02-18 17:16:56.186 [info] > git show --textconv :poke.js [5ms]
2025-02-18 17:16:56.187 [info] > git ls-files --stage -- /home/damw1ndy/project1/poke.js [1ms]
2025-02-18 17:16:56.193 [info] > git cat-file -s 6b6ac265539dcbd77c7b3fa3b55ab449501910ad [2ms]
2025-02-18 17:16:59.795 [info] > git log --format=%H%n%aN%n%aE%n%at%n%ct%n%P%n%D%n%B -z -n51 --shortstat --follow -- /home/damw1ndy/project1/index.html [3ms]
2025-02-18 17:16:59.974 [info] > git show --textconv :index.html [3ms]
2025-02-18 17:16:59.975 [info] > git ls-files --stage -- /home/damw1ndy/project1/index.html [1ms]
2025-02-18 17:16:59.979 [info] > git cat-file -s aad8e3731cce4e1b0f0f12c0dfd8fb42feb6ab2d [1ms]
2025-02-18 17:17:00.340 [info] > git config --get commit.template [4ms]
2025-02-18 17:17:00.341 [info] > git for-each-ref --format=%(refname)%00%(upstream:short)%00%(objectname)%00%(upstream:track)%00%(upstream:remotename)%00%(upstream:remoteref) refs/heads/main refs/remotes/main [1ms]
2025-02-18 17:17:00.348 [info] > git status -z -uall [4ms]
2025-02-18 17:17:00.349 [info] > git for-each-ref --sort -committerdate --format %(refname) %(objectname) %(*objectname) [2ms]
2025-02-18 17:17:02.921 [info] > git config --get commit.template [2ms]
2025-02-18 17:17:02.925 [info] > git for-each-ref --format=%(refname)%00%(upstream:short)%00%(objectname)%00%(upstream:track)%00%(upstream:remotename)%00%(upstream:remoteref) refs/heads/main refs/remotes/main [1ms]
2025-02-18 17:17:02.933 [info] > git status -z -uall [4ms]
2025-02-18 17:17:02.934 [info] > git for-each-ref --sort -committerdate --format %(refname) %(objectname) %(*objectname) [2ms]
2025-02-18 17:18:16.943 [info] > git log --format=%H%n%aN%n%aE%n%at%n%ct%n%P%n%D%n%B -z -n51 --shortstat --follow -- /home/damw1ndy/project1/poke.js [2ms]
2025-02-18 17:18:17.092 [info] > git show --textconv :poke.js [3ms]
2025-02-18 17:18:17.092 [info] > git ls-files --stage -- /home/damw1ndy/project1/poke.js [0ms]
2025-02-18 17:18:17.096 [info] > git cat-file -s 6b6ac265539dcbd77c7b3fa3b55ab449501910ad [1ms]
2025-02-18 17:18:22.549 [info] > git for-each-ref --format=%(refname)%00%(upstream:short)%00%(objectname)%00%(upstream:track)%00%(upstream:remotename)%00%(upstream:remoteref) refs/heads/main refs/remotes/main [2ms]
2025-02-18 17:18:22.550 [info] > git config --get commit.template [4ms]
2025-02-18 17:18:22.555 [info] > git status -z -uall [3ms]
2025-02-18 17:18:22.556 [info] > git for-each-ref --sort -committerdate --format %(refname) %(objectname) %(*objectname) [1ms]
2025-02-18 17:18:22.995 [info] > git log --format=%H%n%aN%n%aE%n%at%n%ct%n%P%n%D%n%B -z -n51 --shortstat --follow -- /home/damw1ndy/project1/main.css [2ms]
2025-02-18 17:18:23.132 [info] > git show --textconv :main.css [4ms]
2025-02-18 17:18:23.133 [info] > git ls-files --stage -- /home/damw1ndy/project1/main.css [1ms]
2025-02-18 17:18:23.137 [info] > git cat-file -s d6ff4650589608004d071f21667cb3770da5886e [1ms]
2025-02-18 17:28:44.051 [info] > git config --get commit.template [5ms]
2025-02-18 17:28:44.051 [info] > git for-each-ref --format=%(refname)%00%(upstream:short)%00%(objectname)%00%(upstream:track)%00%(upstream:remotename)%00%(upstream:remoteref) refs/heads/main refs/remotes/main [2ms]
2025-02-18 17:28:44.057 [info] > git status -z -uall [3ms]
2025-02-18 17:28:44.058 [info] > git for-each-ref --sort -committerdate --format %(refname) %(objectname) %(*objectname) [1ms]
2025-02-18 17:28:45.705 [info] > git log --format=%H%n%aN%n%aE%n%at%n%ct%n%P%n%D%n%B -z -n51 --shortstat --follow -- /home/damw1ndy/project1/poke.js [2ms]
2025-02-18 17:28:45.834 [info] > git show --textconv :poke.js [3ms]
2025-02-18 17:28:45.835 [info] > git ls-files --stage -- /home/damw1ndy/project1/poke.js [1ms]
2025-02-18 17:28:45.839 [info] > git cat-file -s 6b6ac265539dcbd77c7b3fa3b55ab449501910ad [1ms]
2025-02-18 17:28:49.070 [info] > git config --get commit.template [3ms]
2025-02-18 17:28:49.071 [info] > git for-each-ref --format=%(refname)%00%(upstream:short)%00%(objectname)%00%(upstream:track)%00%(upstream:remotename)%00%(upstream:remoteref) refs/heads/main refs/remotes/main [1ms]
2025-02-18 17:28:49.077 [info] > git status -z -uall [3ms]
2025-02-18 17:28:49.078 [info] > git for-each-ref --sort -committerdate --format %(refname) %(objectname) %(*objectname) [1ms]
2025-02-18 17:28:54.190 [info] > git log --format=%H%n%aN%n%aE%n%at%n%ct%n%P%n%D%n%B -z -n51 --shortstat --follow -- /home/damw1ndy/project1/index.html [2ms]
2025-02-18 17:28:54.361 [info] > git show --textconv :index.html [3ms]
2025-02-18 17:28:54.362 [info] > git ls-files --stage -- /home/damw1ndy/project1/index.html [1ms]
2025-02-18 17:28:54.366 [info] > git cat-file -s aad8e3731cce4e1b0f0f12c0dfd8fb42feb6ab2d [1ms]
2025-02-18 17:28:57.459 [info] > git config --get commit.template [2ms]
2025-02-18 17:28:57.459 [info] > git for-each-ref --format=%(refname)%00%(upstream:short)%00%(objectname)%00%(upstream:track)%00%(upstream:remotename)%00%(upstream:remoteref) refs/heads/main refs/remotes/main [1ms]
2025-02-18 17:28:57.465 [info] > git status -z -uall [3ms]
2025-02-18 17:28:57.465 [info] > git for-each-ref --sort -committerdate --format %(refname) %(objectname) %(*objectname) [1ms]
2025-02-18 17:28:58.291 [info] > git log --format=%H%n%aN%n%aE%n%at%n%ct%n%P%n%D%n%B -z -n51 --shortstat --follow -- /home/damw1ndy/project1/main.css [2ms]
2025-02-18 17:28:58.433 [info] > git show --textconv :main.css [3ms]
2025-02-18 17:28:58.433 [info] > git ls-files --stage -- /home/damw1ndy/project1/main.css [1ms]
2025-02-18 17:28:58.437 [info] > git cat-file -s d6ff4650589608004d071f21667cb3770da5886e [1ms]
2025-02-18 17:28:59.862 [info] > git config --get commit.template [3ms]
2025-02-18 17:28:59.863 [info] > git for-each-ref --format=%(refname)%00%(upstream:short)%00%(objectname)%00%(upstream:track)%00%(upstream:remotename)%00%(upstream:remoteref) refs/heads/main refs/remotes/main [2ms]
2025-02-18 17:28:59.869 [info] > git status -z -uall [3ms]
2025-02-18 17:28:59.869 [info] > git for-each-ref --sort -committerdate --format %(refname) %(objectname) %(*objectname) [1ms]
2025-02-18 17:29:23.463 [info] > git config --get commit.template [3ms]
2025-02-18 17:29:23.464 [info] > git for-each-ref --format=%(refname)%00%(upstream:short)%00%(objectname)%00%(upstream:track)%00%(upstream:remotename)%00%(upstream:remoteref) refs/heads/main refs/remotes/main [1ms]
2025-02-18 17:29:23.470 [info] > git status -z -uall [3ms]
2025-02-18 17:29:23.470 [info] > git for-each-ref --sort -committerdate --format %(refname) %(objectname) %(*objectname) [1ms]
2025-02-18 17:29:23.827 [info] > git show --textconv HEAD:main.css [3ms]
2025-02-18 17:29:23.828 [info] > git ls-tree -l HEAD -- /home/damw1ndy/project1/main.css [1ms]
2025-02-18 17:29:24.063 [info] > git rev-list --count 11fedcd3a7a264c4fcbcdf524e71c48d777bfc4f.. -- /home/damw1ndy/project1/main.css [2ms]
2025-02-18 17:29:24.068 [info] > git log --format=%H%n%aN%n%aE%n%at%n%ct%n%P%n%D%n%B -z -n3 --shortstat --follow -- /home/damw1ndy/project1/main.css [2ms]
2025-02-18 17:29:24.578 [info] > git for-each-ref --format=%(refname)%00%(upstream:short)%00%(objectname)%00%(upstream:track)%00%(upstream:remotename)%00%(upstream:remoteref) refs/heads/main refs/remotes/main [2ms]
2025-02-18 17:29:24.578 [info] > git config --get commit.template [5ms]
2025-02-18 17:29:24.584 [info] > git status -z -uall [3ms]
2025-02-18 17:29:24.585 [info] > git for-each-ref --sort -committerdate --format %(refname) %(objectname) %(*objectname) [2ms]
2025-02-18 17:29:24.669 [info] > git ls-files --stage -- /home/damw1ndy/project1/main.css [7ms]
2025-02-18 17:29:24.672 [info] > git ls-tree -l HEAD -- /home/damw1ndy/project1/main.css [4ms]
2025-02-18 17:29:24.673 [info] > git cat-file -s 3b2dc7a93f6d1fc7700515349947d36f92a89195 [2ms]
2025-02-18 17:29:24.681 [info] > git show --textconv HEAD:main.css [4ms]
2025-02-18 17:29:24.682 [info] > git show --textconv :main.css [2ms]
2025-02-18 17:31:11.032 [info] > git config --get commit.template [2ms]
2025-02-18 17:31:11.037 [info] > git for-each-ref --format=%(refname)%00%(upstream:short)%00%(objectname)%00%(upstream:track)%00%(upstream:remotename)%00%(upstream:remoteref) refs/heads/main refs/remotes/main [2ms]
2025-02-18 17:31:11.043 [info] > git status -z -uall [3ms]
2025-02-18 17:31:11.044 [info] > git for-each-ref --sort -committerdate --format %(refname) %(objectname) %(*objectname) [0ms]
2025-02-18 17:31:11.053 [info] > git blame --root --incremental ea668eda53a89df934eeba20847add642ef44641 -- /home/damw1ndy/project1/main.css [5ms]
2025-02-18 17:31:11.054 [info] > git merge-base refs/heads/main refs/remotes/origin/main [3ms]
2025-02-18 17:31:11.059 [info] > git diff --name-status -z --diff-filter=ADMR 0e03167ad8bcaa2316136d231c0060e440808ef1...refs/remotes/origin/main [2ms]
2025-02-18 17:31:11.633 [info] > git rev-list --count 11fedcd3a7a264c4fcbcdf524e71c48d777bfc4f.. -- /home/damw1ndy/project1/main.css [1ms]
2025-02-18 17:31:11.639 [info] > git log --format=%H%n%aN%n%aE%n%at%n%ct%n%P%n%D%n%B -z -n4 --shortstat --follow -- /home/damw1ndy/project1/main.css [2ms]
2025-02-18 17:31:11.644 [info] > git rev-list origin/main..main [1ms]
2025-02-18 17:31:12.139 [info] > git config --get commit.template [4ms]
2025-02-18 17:31:12.139 [info] > git for-each-ref --format=%(refname)%00%(upstream:short)%00%(objectname)%00%(upstream:track)%00%(upstream:remotename)%00%(upstream:remoteref) refs/heads/main refs/remotes/main [1ms]
2025-02-18 17:31:12.146 [info] > git status -z -uall [4ms]
2025-02-18 17:31:12.147 [info] > git for-each-ref --sort -committerdate --format %(refname) %(objectname) %(*objectname) [2ms]
2025-02-18 17:31:12.230 [info] > git ls-files --stage -- /home/damw1ndy/project1/main.css [1ms]
2025-02-18 17:31:12.234 [info] > git cat-file -s 3b2dc7a93f6d1fc7700515349947d36f92a89195 [1ms]
2025-02-18 17:31:12.242 [info] > git show --textconv :main.css [1ms]
2025-02-18 17:31:27.375 [info] > git config --get commit.template [2ms]
2025-02-18 17:31:27.375 [info] > git for-each-ref --format=%(refname)%00%(upstream:short)%00%(objectname)%00%(upstream:track)%00%(upstream:remotename)%00%(upstream:remoteref) refs/heads/main refs/remotes/main [1ms]
2025-02-18 17:31:27.382 [info] > git status -z -uall [4ms]
2025-02-18 17:31:27.382 [info] > git for-each-ref --sort -committerdate --format %(refname) %(objectname) %(*objectname) [2ms]
2025-02-18 17:31:27.387 [info] > git merge-base refs/heads/main refs/remotes/origin/main [1ms]
2025-02-18 17:31:27.391 [info] > git diff --name-status -z --diff-filter=ADMR ea668eda53a89df934eeba20847add642ef44641...refs/remotes/origin/main [2ms]
2025-02-18 17:31:28.046 [info] > git rev-list --count 11fedcd3a7a264c4fcbcdf524e71c48d777bfc4f.. -- /home/damw1ndy/project1/main.css [2ms]
2025-02-18 17:31:28.056 [info] > git log --format=%H%n%aN%n%aE%n%at%n%ct%n%P%n%D%n%B -z -n4 --shortstat --follow -- /home/damw1ndy/project1/main.css [3ms]
2025-02-18 17:31:28.548 [info] > git config --get commit.template [3ms]
2025-02-18 17:31:28.549 [info] > git for-each-ref --format=%(refname)%00%(upstream:short)%00%(objectname)%00%(upstream:track)%00%(upstream:remotename)%00%(upstream:remoteref) refs/heads/main refs/remotes/main [1ms]
2025-02-18 17:31:28.555 [info] > git status -z -uall [3ms]
2025-02-18 17:31:28.556 [info] > git for-each-ref --sort -committerdate --format %(refname) %(objectname) %(*objectname) [2ms]
2025-02-18 17:31:28.634 [info] > git ls-files --stage -- /home/damw1ndy/project1/main.css [1ms]
2025-02-18 17:31:28.638 [info] > git cat-file -s 3b2dc7a93f6d1fc7700515349947d36f92a89195 [1ms]
2025-02-18 17:31:28.646 [info] > git show --textconv :main.css [1ms]
2025-02-18 17:32:30.820 [info] > git config --get commit.template [3ms]
2025-02-18 17:32:30.820 [info] > git for-each-ref --format=%(refname)%00%(upstream:short)%00%(objectname)%00%(upstream:track)%00%(upstream:remotename)%00%(upstream:remoteref) refs/heads/main refs/remotes/main [1ms]
2025-02-18 17:32:30.827 [info] > git status -z -uall [4ms]
2025-02-18 17:32:30.827 [info] > git for-each-ref --sort -committerdate --format %(refname) %(objectname) %(*objectname) [2ms]
2025-02-18 17:32:31.478 [info] > git log --format=%H%n%aN%n%aE%n%at%n%ct%n%P%n%D%n%B -z -n51 --shortstat --follow -- /home/damw1ndy/project1/poke.js [3ms]
2025-02-18 17:32:31.634 [info] > git show --textconv :poke.js [4ms]
2025-02-18 17:32:31.634 [info] > git ls-files --stage -- /home/damw1ndy/project1/poke.js [2ms]
2025-02-18 17:32:31.637 [info] > git cat-file -s de1ec89083a959ffa1f33eb65bd51f1682f0e5f2 [1ms]
2025-02-18 17:32:31.646 [info] > git blame --root --incremental ea668eda53a89df934eeba20847add642ef44641 -- /home/damw1ndy/project1/poke.js [2ms]
2025-02-18 17:32:34.032 [info] > git log --format=%H%n%aN%n%aE%n%at%n%ct%n%P%n%D%n%B -z -n51 --shortstat --follow -- /home/damw1ndy/project1/index.html [2ms]
2025-02-18 17:32:34.206 [info] > git show --textconv :index.html [3ms]
2025-02-18 17:32:34.207 [info] > git ls-files --stage -- /home/damw1ndy/project1/index.html [1ms]
2025-02-18 17:32:34.209 [info] > git cat-file -s 285a986ce0a8345614ea53d4e3925078a9885f22 [1ms]
2025-02-18 17:32:34.261 [info] > git blame --root --incremental ea668eda53a89df934eeba20847add642ef44641 -- /home/damw1ndy/project1/index.html [2ms]
2025-02-18 17:32:36.512 [info] > git config --get commit.template [3ms]
2025-02-18 17:32:36.513 [info] > git for-each-ref --format=%(refname)%00%(upstream:short)%00%(objectname)%00%(upstream:track)%00%(upstream:remotename)%00%(upstream:remoteref) refs/heads/main refs/remotes/main [1ms]
2025-02-18 17:32:36.518 [info] > git status -z -uall [3ms]
2025-02-18 17:32:36.518 [info] > git for-each-ref --sort -committerdate --format %(refname) %(objectname) %(*objectname) [1ms]
