2025-02-19 07:05:22.555 [info] [main] Log level: Info
2025-02-19 07:05:22.555 [info] [main] Validating found git in: "git"
2025-02-19 07:05:22.555 [info] [main] Using git "2.43.0" from "git"
2025-02-19 07:05:22.555 [info] [Model][doInitialScan] Initial repository scan started
2025-02-19 07:05:22.555 [info] > git rev-parse --show-toplevel [40ms]
2025-02-19 07:05:22.567 [info] > git rev-parse --git-dir --git-common-dir [348ms]
2025-02-19 07:05:22.578 [info] [Model][openRepository] Opened repository: /home/damw1ndy
2025-02-19 07:05:22.595 [info] > git config --get commit.template [4ms]
2025-02-19 07:05:22.595 [info] > git rev-parse --show-toplevel [3ms]
2025-02-19 07:05:22.603 [info] > git rev-parse --git-dir --git-common-dir [3ms]
2025-02-19 07:05:22.605 [info] [Model][openRepository] Opened repository: /home/damw1ndy/project1
2025-02-19 07:05:22.608 [info] > git for-each-ref --format=%(refname)%00%(upstream:short)%00%(objectname)%00%(upstream:track)%00%(upstream:remotename)%00%(upstream:remoteref) refs/heads/main refs/remotes/main [11ms]
2025-02-19 07:05:22.609 [info] > git config --get commit.template [1ms]
2025-02-19 07:05:22.621 [info] > git for-each-ref --format=%(refname)%00%(upstream:short)%00%(objectname)%00%(upstream:track)%00%(upstream:remotename)%00%(upstream:remoteref) refs/heads/main refs/remotes/main [9ms]
2025-02-19 07:05:22.622 [info] > git for-each-ref --sort -committerdate --format %(refname) %(objectname) %(*objectname) [4ms]
2025-02-19 07:05:22.633 [info] > git status -z -uall [5ms]
2025-02-19 07:05:22.641 [info] > git for-each-ref --sort -committerdate --format %(refname) %(objectname) %(*objectname) [10ms]
2025-02-19 07:05:22.683 [info] > git for-each-ref --format=%(refname)%00%(upstream:short)%00%(objectname)%00%(upstream:track)%00%(upstream:remotename)%00%(upstream:remoteref) refs/heads/main refs/remotes/main [35ms]
2025-02-19 07:05:22.685 [info] > git log --format=%H%n%aN%n%aE%n%at%n%ct%n%P%n%D%n%B -z -n51 --shortstat --follow -- /home/damw1ndy/project1/index.html [45ms]
2025-02-19 07:05:22.712 [info] > git rev-parse --show-toplevel [76ms]
2025-02-19 07:05:22.719 [info] > git hash-object -t tree /dev/null [7ms]
2025-02-19 07:05:22.722 [info] > git config --get --local branch.main.vscode-merge-base [37ms]
2025-02-19 07:05:22.724 [info] > git config --get commit.template [43ms]
2025-02-19 07:05:22.851 [info] > git for-each-ref --format=%(refname)%00%(upstream:short)%00%(objectname)%00%(upstream:track)%00%(upstream:remotename)%00%(upstream:remoteref) refs/heads/origin/main refs/remotes/origin/main [127ms]
2025-02-19 07:05:22.854 [info] > git rev-list origin/main..main [133ms]
2025-02-19 07:05:22.855 [info] > git rev-parse --show-toplevel [138ms]
2025-02-19 07:05:22.876 [info] > git merge-base refs/heads/main refs/remotes/origin/main [22ms]
2025-02-19 07:05:22.879 [info] > git rev-parse --show-toplevel [15ms]
2025-02-19 07:05:22.879 [info] > git for-each-ref --format=%(refname)%00%(upstream:short)%00%(objectname)%00%(upstream:track)%00%(upstream:remotename)%00%(upstream:remoteref) refs/heads/main refs/remotes/main [21ms]
2025-02-19 07:05:22.903 [info] > git diff --name-status -z --diff-filter=ADMR ea668eda53a89df934eeba20847add642ef44641...refs/remotes/origin/main [25ms]
2025-02-19 07:05:23.035 [info] > git rev-parse --show-toplevel [153ms]
2025-02-19 07:05:23.118 [info] > git status -z -uall [3ms]
2025-02-19 07:05:23.119 [info] > git rev-parse --show-toplevel [81ms]
2025-02-19 07:05:23.122 [info] > git for-each-ref --sort -committerdate --format %(refname) %(objectname) %(*objectname) [5ms]
2025-02-19 07:05:23.131 [info] > git check-ignore -v -z --stdin [4ms]
2025-02-19 07:05:23.131 [info] > git rev-parse --show-toplevel [10ms]
2025-02-19 07:05:23.134 [info] > git check-ignore -v -z --stdin [4ms]
2025-02-19 07:05:23.135 [info] > git rev-parse --show-toplevel [1ms]
2025-02-19 07:05:23.164 [info] > git rev-parse --show-toplevel [26ms]
2025-02-19 07:05:23.167 [info] > git rev-parse --git-dir --git-common-dir [1ms]
2025-02-19 07:05:23.171 [info] [Model][openRepository] Opened repository: /home/damw1ndy/.nvm
2025-02-19 07:05:23.180 [info] > git config --get commit.template [3ms]
2025-02-19 07:05:23.181 [info] > git rev-parse --show-toplevel [2ms]
2025-02-19 07:05:23.187 [info] > git rev-parse --show-toplevel [1ms]
2025-02-19 07:05:23.188 [info] > git for-each-ref --format %(refname) %(objectname) %(*objectname) refs/tags [4ms]
2025-02-19 07:05:23.196 [info] > git for-each-ref --sort -committerdate --format %(refname) %(objectname) %(*objectname) [3ms]
2025-02-19 07:05:23.198 [info] > git rev-parse --show-toplevel [4ms]
2025-02-19 07:05:23.205 [info] > git rev-parse --git-dir --git-common-dir [3ms]
2025-02-19 07:05:23.208 [info] [Model][openRepository] Opened repository: /home/damw1ndy/fizzbuzz-js-tdd
2025-02-19 07:05:23.220 [info] > git status -z -uall [31ms]
2025-02-19 07:05:23.228 [info] > git rev-parse --show-toplevel [14ms]
2025-02-19 07:05:23.229 [info] > git config --get commit.template [16ms]
2025-02-19 07:05:23.232 [info] > git config --get commit.template [5ms]
2025-02-19 07:05:23.234 [info] > git rev-parse --git-dir --git-common-dir [3ms]
2025-02-19 07:05:23.240 [info] [Model][openRepository] Opened repository: /home/damw1ndy/html-excercise
2025-02-19 07:05:23.249 [info] > git for-each-ref --format=%(refname)%00%(upstream:short)%00%(objectname)%00%(upstream:track)%00%(upstream:remotename)%00%(upstream:remoteref) refs/heads/main refs/remotes/main [16ms]
2025-02-19 07:05:23.253 [warning] [Git][revParse] Unable to read file: ENOENT: no such file or directory, open '/home/damw1ndy/fizzbuzz-js-tdd/.git/refs/remotes/origin/main'
2025-02-19 07:05:23.254 [info] > git rev-parse --show-toplevel [7ms]
2025-02-19 07:05:23.255 [info] > git config --get commit.template [10ms]
2025-02-19 07:05:23.255 [info] > git for-each-ref --format %(refname) %(objectname) %(*objectname) refs/tags [12ms]
2025-02-19 07:05:23.263 [info] > git status -z -uall [6ms]
2025-02-19 07:05:23.263 [info] > git rev-parse refs/remotes/origin/main [10ms]
2025-02-19 07:05:23.272 [info] > git rev-parse --git-dir --git-common-dir [11ms]
2025-02-19 07:05:23.275 [info] [Model][openRepository] Opened repository: /home/damw1ndy/html-excercise1
2025-02-19 07:05:23.276 [info] > git for-each-ref --sort -committerdate --format %(refname) %(objectname) %(*objectname) [17ms]
2025-02-19 07:05:23.288 [info] > git status -z -uall [23ms]
2025-02-19 07:05:23.288 [info] > git for-each-ref --format=%(refname)%00%(upstream:short)%00%(objectname)%00%(upstream:track)%00%(upstream:remotename)%00%(upstream:remoteref) refs/heads/main refs/remotes/main [18ms]
2025-02-19 07:05:23.293 [info] > git for-each-ref --sort -committerdate --format %(refname) %(objectname) %(*objectname) [25ms]
2025-02-19 07:05:23.425 [info] > git status -z -uall [135ms]
2025-02-19 07:05:23.426 [info] > git for-each-ref --format=%(refname)%00%(upstream:short)%00%(objectname)%00%(upstream:track)%00%(upstream:remotename)%00%(upstream:remoteref) refs/heads/main refs/remotes/main [126ms]
2025-02-19 07:05:23.428 [info] > git for-each-ref --sort -committerdate --format %(refname) %(objectname) %(*objectname) [136ms]
2025-02-19 07:05:23.428 [info] > git rev-parse --show-toplevel [146ms]
2025-02-19 07:05:23.428 [info] > git config --get commit.template [148ms]
2025-02-19 07:05:23.473 [info] > git config --get --local branch.main.vscode-merge-base [45ms]
2025-02-19 07:05:23.475 [info] > git config --get commit.template [171ms]
2025-02-19 07:05:23.493 [info] > git for-each-ref --format=%(refname)%00%(upstream:short)%00%(objectname)%00%(upstream:track)%00%(upstream:remotename)%00%(upstream:remoteref) refs/heads/main refs/remotes/main [6ms]
2025-02-19 07:05:23.494 [info] > git for-each-ref --format=%(refname)%00%(upstream:short)%00%(objectname)%00%(upstream:track)%00%(upstream:remotename)%00%(upstream:remoteref) refs/heads/origin/main refs/remotes/origin/main [19ms]
2025-02-19 07:05:23.497 [info] > git rev-parse --show-toplevel [63ms]
2025-02-19 07:05:23.502 [info] > git config --get --local branch.main.vscode-merge-base [8ms]
2025-02-19 07:05:23.502 [warning] [Git][config] git config failed: Failed to execute git
2025-02-19 07:05:23.505 [info] > git config --get commit.template [13ms]
2025-02-19 07:05:23.505 [info] > git for-each-ref --format=%(refname)%00%(upstream:short)%00%(objectname)%00%(upstream:track)%00%(upstream:remotename)%00%(upstream:remoteref) refs/heads/master refs/remotes/master [16ms]
2025-02-19 07:05:23.517 [info] > git status -z -uall [11ms]
2025-02-19 07:05:23.517 [info] > git reflog main --grep-reflog=branch: Created from *. [12ms]
2025-02-19 07:05:23.520 [info] > git rev-parse --show-toplevel [20ms]
2025-02-19 07:05:23.520 [info] > git for-each-ref --format=%(refname)%00%(upstream:short)%00%(objectname)%00%(upstream:track)%00%(upstream:remotename)%00%(upstream:remoteref) refs/heads/main refs/remotes/main [22ms]
2025-02-19 07:05:23.520 [info] > git merge-base refs/heads/main refs/remotes/origin/main [24ms]
2025-02-19 07:05:23.527 [warning] [Git][revParse] Unable to read file: ENOENT: no such file or directory, open '/home/damw1ndy/fizzbuzz-js-tdd/.git/refs/remotes/origin/main'
2025-02-19 07:05:23.570 [info] > git symbolic-ref --short refs/remotes/origin/HEAD [50ms]
2025-02-19 07:05:23.570 [info] fatal: ref refs/remotes/origin/HEAD is not a symbolic ref
2025-02-19 07:05:23.570 [warning] [Repository][getDefaultBranch] Failed to get default branch details: Failed to execute git.
2025-02-19 07:05:23.571 [info] > git for-each-ref --sort -committerdate --format %(refname) %(objectname) %(*objectname) [62ms]
2025-02-19 07:05:23.581 [info] > git for-each-ref --format=%(refname)%00%(upstream:short)%00%(objectname)%00%(upstream:track)%00%(upstream:remotename)%00%(upstream:remoteref) refs/heads/master refs/remotes/master [7ms]
2025-02-19 07:05:23.583 [info] > git rev-parse refs/remotes/origin/main [56ms]
2025-02-19 07:05:23.587 [info] > git rev-parse --git-dir --git-common-dir [61ms]
2025-02-19 07:05:23.591 [info] [Model][openRepository] Opened repository: /home/damw1ndy/sdi-blended-async-scaffold
2025-02-19 07:05:23.592 [info] > git for-each-ref --format=%(refname)%00%(upstream:short)%00%(objectname)%00%(upstream:track)%00%(upstream:remotename)%00%(upstream:remoteref) refs/heads/main refs/remotes/main [68ms]
2025-02-19 07:05:23.596 [info] > git diff --name-status -z --diff-filter=ADMR 6c71f9a8e4c8dc64a3b7e2d19c3edb4684c92f1c...refs/remotes/origin/main [74ms]
2025-02-19 07:05:23.921 [info] > git status -z -uall [1306ms] (cancelled)
2025-02-19 07:05:23.921 [info] > git status -z -uall [336ms]
2025-02-19 07:05:23.921 [info] > git status -z -uall [327ms]
2025-02-19 07:05:23.922 [info] > git for-each-ref --sort -committerdate --format %(refname) %(objectname) %(*objectname) [326ms]
2025-02-19 07:05:23.935 [info] > git for-each-ref --sort -committerdate --format %(refname) %(objectname) %(*objectname) [348ms]
2025-02-19 07:05:23.937 [info] > git config --get --local branch.master.vscode-merge-base [354ms]
2025-02-19 07:05:23.937 [warning] [Git][config] git config failed: Failed to execute git
2025-02-19 07:05:23.940 [info] > git config --get commit.template [363ms]
2025-02-19 07:05:23.984 [info] > git check-ignore -v -z --stdin [41ms]
2025-02-19 07:05:23.985 [info] > git check-ignore -v -z --stdin [40ms]
2025-02-19 07:05:23.986 [info] > git check-ignore -v -z --stdin [38ms]
2025-02-19 07:05:23.986 [info] > git check-ignore -v -z --stdin [36ms]
2025-02-19 07:05:23.986 [info] > git check-ignore -v -z --stdin [34ms]
2025-02-19 07:05:23.986 [info] > git check-ignore -v -z --stdin [31ms]
2025-02-19 07:05:23.987 [info] > git reflog master --grep-reflog=branch: Created from *. [47ms]
2025-02-19 07:05:23.990 [info] > git log --format=%H%n%aN%n%aE%n%at%n%ct%n%P%n%D%n%B -z -n51 --shortstat --follow -- /home/damw1ndy/project1/README.md [216ms]
2025-02-19 07:05:23.994 [info] > git rev-parse --show-toplevel [233ms]
2025-02-19 07:05:23.994 [info] > git config --get commit.template [236ms]
2025-02-19 07:05:24.127 [info] > git check-ignore -v -z --stdin [167ms]
2025-02-19 07:05:24.230 [info] > git symbolic-ref --short refs/remotes/origin/HEAD [240ms]
2025-02-19 07:05:24.230 [info] fatal: ref refs/remotes/origin/HEAD is not a symbolic ref
2025-02-19 07:05:24.230 [warning] [Repository][getDefaultBranch] Failed to get default branch details: Failed to execute git.
2025-02-19 07:05:24.393 [info] > git for-each-ref --format=%(refname)%00%(upstream:short)%00%(objectname)%00%(upstream:track)%00%(upstream:remotename)%00%(upstream:remoteref) refs/heads/main refs/remotes/main [165ms]
2025-02-19 07:05:24.395 [info] > git rev-parse --git-dir --git-common-dir [393ms]
2025-02-19 07:05:24.398 [info] [Model][openRepository] Opened repository: /home/damw1ndy/sdi-workshop-funderbar
2025-02-19 07:05:24.398 [info] > git for-each-ref --format=%(refname)%00%(upstream:short)%00%(objectname)%00%(upstream:track)%00%(upstream:remotename)%00%(upstream:remoteref) refs/heads/master refs/remotes/master [401ms]
2025-02-19 07:05:24.402 [info] > git hash-object -t tree /dev/null [409ms]
2025-02-19 07:05:25.241 [info] > git status -z -uall [841ms]
2025-02-19 07:05:25.259 [info] > git for-each-ref --sort -committerdate --format %(refname) %(objectname) %(*objectname) [857ms]
2025-02-19 07:05:25.261 [info] > git config --get --local branch.main.vscode-merge-base [866ms]
2025-02-19 07:05:25.261 [warning] [Git][config] git config failed: Failed to execute git
2025-02-19 07:05:25.264 [info] > git config --get commit.template [887ms]
2025-02-19 07:05:25.264 [info] > git for-each-ref --format=%(refname)%00%(upstream:short)%00%(objectname)%00%(upstream:track)%00%(upstream:remotename)%00%(upstream:remoteref) refs/heads/main refs/remotes/main [897ms]
2025-02-19 07:05:25.460 [info] > git check-ignore -v -z --stdin [193ms]
2025-02-19 07:05:25.460 [info] > git check-ignore -v -z --stdin [191ms]
2025-02-19 07:05:25.461 [info] > git check-ignore -v -z --stdin [189ms]
2025-02-19 07:05:25.461 [info] > git check-ignore -v -z --stdin [186ms]
2025-02-19 07:05:25.461 [info] > git check-ignore -v -z --stdin [183ms]
2025-02-19 07:05:25.461 [info] > git check-ignore -v -z --stdin [181ms]
2025-02-19 07:05:25.461 [info] > git check-ignore -v -z --stdin [178ms]
2025-02-19 07:05:25.462 [info] > git reflog main --grep-reflog=branch: Created from *. [198ms]
2025-02-19 07:05:25.465 [info] > git rev-parse --show-toplevel [236ms]
2025-02-19 07:05:25.465 [info] > git config --get commit.template [239ms]
2025-02-19 07:05:25.527 [info] > git symbolic-ref --short refs/remotes/origin/HEAD [63ms]
2025-02-19 07:05:25.527 [info] fatal: ref refs/remotes/origin/HEAD is not a symbolic ref
2025-02-19 07:05:25.527 [warning] [Repository][getDefaultBranch] Failed to get default branch details: Failed to execute git.
2025-02-19 07:05:25.536 [info] > git rev-parse --git-dir --git-common-dir [57ms]
2025-02-19 07:05:25.539 [info] [Model][openRepository] Opened repository: /home/damw1ndy/signup-form
2025-02-19 07:05:25.540 [info] > git for-each-ref --format=%(refname)%00%(upstream:short)%00%(objectname)%00%(upstream:track)%00%(upstream:remotename)%00%(upstream:remoteref) refs/heads/main refs/remotes/main [65ms]
2025-02-19 07:05:25.578 [info] > git merge-base refs/heads/main refs/remotes/origin/main [48ms]
2025-02-19 07:05:25.582 [info] > git status -z -uall [39ms]
2025-02-19 07:05:25.650 [info] > git for-each-ref --format=%(refname)%00%(upstream:short)%00%(objectname)%00%(upstream:track)%00%(upstream:remotename)%00%(upstream:remoteref) refs/heads/master refs/remotes/master [117ms]
2025-02-19 07:05:25.656 [info] > git diff --name-status -z --diff-filter=ADMR d22442d74bd5c540cc3b9c087b4095bf0e78db4c...refs/remotes/origin/main [74ms]
2025-02-19 07:05:25.656 [info] > git rev-parse --show-toplevel [106ms]
2025-02-19 07:05:25.656 [info] [Model][doInitialScan] Initial repository scan completed - repositories (9), closed repositories (0), parent repositories (0), unsafe repositories (0)
2025-02-19 07:05:25.664 [info] > git config --get commit.template [116ms]
2025-02-19 07:05:25.664 [info] > git for-each-ref --sort -committerdate --format %(refname) %(objectname) %(*objectname) [119ms]
2025-02-19 07:05:25.828 [info] > git show --textconv :index.html [169ms]
2025-02-19 07:05:25.828 [info] > git show --textconv :README.md [166ms]
2025-02-19 07:05:25.829 [info] > git for-each-ref --format=%(refname)%00%(upstream:short)%00%(objectname)%00%(upstream:track)%00%(upstream:remotename)%00%(upstream:remoteref) refs/heads/main refs/remotes/main [161ms]
2025-02-19 07:05:25.831 [info] > git ls-files --stage -- /home/damw1ndy/project1/README.md [167ms]
2025-02-19 07:05:25.833 [info] > git ls-files --stage -- /home/damw1ndy/project1/index.html [172ms]
2025-02-19 07:05:25.855 [info] > git cat-file -s 285a986ce0a8345614ea53d4e3925078a9885f22 [19ms]
2025-02-19 07:05:25.855 [info] > git cat-file -s 5d8df549e04a499133bd17e908ef418cfcda615f [22ms]
2025-02-19 07:05:25.855 [info] > git config --get --local branch.main.vscode-merge-base [24ms]
2025-02-19 07:05:25.858 [info] > git config --get commit.template [184ms]
2025-02-19 07:05:25.858 [info] > git rev-parse --show-toplevel [186ms]
2025-02-19 07:05:25.875 [info] > git for-each-ref --sort -committerdate --format %(refname) %(objectname) %(*objectname) [33ms]
2025-02-19 07:05:25.876 [info] > git for-each-ref --format=%(refname)%00%(upstream:short)%00%(objectname)%00%(upstream:track)%00%(upstream:remotename)%00%(upstream:remoteref) refs/heads/master refs/remotes/master [38ms]
2025-02-19 07:05:25.886 [info] > git status -z -uall [25ms]
2025-02-19 07:05:25.886 [info] > git status -z -uall [8ms]
2025-02-19 07:05:25.886 [info] > git for-each-ref --sort -committerdate --format %(refname) %(objectname) %(*objectname) [23ms]
2025-02-19 07:05:25.893 [info] > git for-each-ref --format=%(refname)%00%(upstream:short)%00%(objectname)%00%(upstream:track)%00%(upstream:remotename)%00%(upstream:remoteref) refs/heads/origin/main refs/remotes/origin/main [35ms]
2025-02-19 07:05:25.899 [info] > git for-each-ref --format=%(refname)%00%(upstream:short)%00%(objectname)%00%(upstream:track)%00%(upstream:remotename)%00%(upstream:remoteref) refs/heads/master refs/remotes/master [7ms]
2025-02-19 07:05:25.902 [info] > git for-each-ref --format=%(refname)%00%(upstream:short)%00%(objectname)%00%(upstream:track)%00%(upstream:remotename)%00%(upstream:remoteref) refs/heads/main refs/remotes/main [19ms]
2025-02-19 07:05:25.902 [info] > git for-each-ref --sort -committerdate --format %(refname) %(objectname) %(*objectname) [22ms]
2025-02-19 07:05:25.911 [info] > git for-each-ref --format=%(refname)%00%(upstream:short)%00%(objectname)%00%(upstream:track)%00%(upstream:remotename)%00%(upstream:remoteref) refs/heads/master refs/remotes/master [6ms]
2025-02-19 07:05:25.913 [info] > git config --get --local branch.master.vscode-merge-base [11ms]
2025-02-19 07:05:25.915 [info] > git config --get commit.template [16ms]
2025-02-19 07:05:25.915 [info] > git merge-base refs/heads/main refs/remotes/origin/main [20ms]
2025-02-19 07:05:25.919 [info] > git for-each-ref --format=%(refname)%00%(upstream:short)%00%(objectname)%00%(upstream:track)%00%(upstream:remotename)%00%(upstream:remoteref) refs/heads/origin/master refs/remotes/origin/master [4ms]
2025-02-19 07:05:25.922 [info] > git config --get --local branch.master.vscode-merge-base [9ms]
2025-02-19 07:05:25.922 [warning] [Git][config] git config failed: Failed to execute git
2025-02-19 07:05:25.925 [info] > git config --get commit.template [15ms]
2025-02-19 07:05:26.065 [info] > git merge-base refs/heads/master refs/remotes/origin/master [143ms]
2025-02-19 07:05:26.068 [info] > git diff --name-status -z --diff-filter=ADMR 249380afce8de72327a97db7bc0e7ff46a799dea...refs/remotes/origin/main [151ms]
2025-02-19 07:05:26.082 [info] > git status -z -uall [10ms]
2025-02-19 07:05:26.083 [info] > git diff --name-status -z --diff-filter=ADMR 027994fb929ccf6e6a85a7bbb5590716e2a19d61...refs/remotes/origin/master [15ms]
2025-02-19 07:05:26.083 [info] > git for-each-ref --format=%(refname)%00%(upstream:short)%00%(objectname)%00%(upstream:track)%00%(upstream:remotename)%00%(upstream:remoteref) refs/heads/master refs/remotes/master [156ms]
2025-02-19 07:05:26.083 [info] > git reflog master --grep-reflog=branch: Created from *. [159ms]
2025-02-19 07:05:26.087 [info] > git for-each-ref --format=%(refname)%00%(upstream:short)%00%(objectname)%00%(upstream:track)%00%(upstream:remotename)%00%(upstream:remoteref) refs/heads/master refs/remotes/master [10ms]
2025-02-19 07:05:26.091 [info] > git for-each-ref --sort -committerdate --format %(refname) %(objectname) %(*objectname) [16ms]
2025-02-19 07:05:26.094 [info] > git status -z -uall [5ms]
2025-02-19 07:05:26.094 [info] > git for-each-ref --sort -committerdate --format %(refname) %(objectname) %(*objectname) [3ms]
2025-02-19 07:05:26.098 [info] > git symbolic-ref --short refs/remotes/origin/HEAD [13ms]
2025-02-19 07:05:26.098 [info] fatal: ref refs/remotes/origin/HEAD is not a symbolic ref
2025-02-19 07:05:26.098 [warning] [Repository][getDefaultBranch] Failed to get default branch details: Failed to execute git.
2025-02-19 07:05:26.107 [info] > git status -z -uall [267ms] (cancelled)
2025-02-19 07:05:26.107 [info] > git for-each-ref --format=%(refname)%00%(upstream:short)%00%(objectname)%00%(upstream:track)%00%(upstream:remotename)%00%(upstream:remoteref) refs/heads/master refs/remotes/master [10ms]
2025-02-19 07:05:26.120 [info] > git status -z -uall [7ms]
2025-02-19 07:05:26.120 [info] > git check-ignore -v -z --stdin [3ms]
2025-02-19 07:05:26.196 [info] > git for-each-ref --sort -committerdate --format %(refname) %(objectname) %(*objectname) [81ms]
2025-02-19 07:05:26.197 [info] > git config --get --local branch.master.vscode-merge-base [87ms]
2025-02-19 07:05:26.197 [warning] [Git][config] git config failed: Failed to execute git
2025-02-19 07:05:26.241 [info] > git check-ignore -v -z --stdin [39ms]
2025-02-19 07:05:26.241 [info] > git check-ignore -v -z --stdin [37ms]
2025-02-19 07:05:26.241 [info] > git check-ignore -v -z --stdin [35ms]
2025-02-19 07:05:26.242 [info] > git check-ignore -v -z --stdin [33ms]
2025-02-19 07:05:26.242 [info] > git check-ignore -v -z --stdin [31ms]
2025-02-19 07:05:26.242 [info] > git check-ignore -v -z --stdin [29ms]
2025-02-19 07:05:26.242 [info] > git check-ignore -v -z --stdin [26ms]
2025-02-19 07:05:26.242 [info] > git check-ignore -v -z --stdin [23ms]
2025-02-19 07:05:26.242 [info] > git check-ignore -v -z --stdin [20ms]
2025-02-19 07:05:26.242 [info] > git reflog master --grep-reflog=branch: Created from *. [43ms]
2025-02-19 07:05:27.147 [info] > git symbolic-ref --short refs/remotes/origin/HEAD [903ms]
2025-02-19 07:05:27.147 [info] fatal: ref refs/remotes/origin/HEAD is not a symbolic ref
2025-02-19 07:05:27.147 [warning] [Repository][getDefaultBranch] Failed to get default branch details: Failed to execute git.
2025-02-19 07:05:27.147 [info] > git blame --root --incremental ea668eda53a89df934eeba20847add642ef44641 -- /home/damw1ndy/project1/README.md [920ms]
2025-02-19 07:06:41.279 [info] > git check-ignore -v -z --stdin [1ms]
2025-02-19 07:10:21.040 [info] > git log --format=%H%n%aN%n%aE%n%at%n%ct%n%P%n%D%n%B -z -n51 --shortstat --follow -- /home/damw1ndy/project1/index.html [4ms]
2025-02-19 07:10:21.197 [info] > git show --textconv :index.html [4ms]
2025-02-19 07:10:21.198 [info] > git ls-files --stage -- /home/damw1ndy/project1/index.html [2ms]
2025-02-19 07:10:21.201 [info] > git cat-file -s 285a986ce0a8345614ea53d4e3925078a9885f22 [1ms]
2025-02-19 07:10:21.216 [info] > git blame --root --incremental ea668eda53a89df934eeba20847add642ef44641 -- /home/damw1ndy/project1/index.html [2ms]
2025-02-19 07:10:40.719 [info] > git show --textconv :poke.js [7ms]
2025-02-19 07:10:40.719 [info] > git ls-files --stage -- /home/damw1ndy/project1/poke.js [3ms]
2025-02-19 07:10:40.729 [info] > git cat-file -s de1ec89083a959ffa1f33eb65bd51f1682f0e5f2 [5ms]
2025-02-19 07:10:40.753 [info] > git blame --root --incremental ea668eda53a89df934eeba20847add642ef44641 -- /home/damw1ndy/project1/poke.js [3ms]
2025-02-19 07:12:07.153 [info] > git show --textconv :README.md [3ms]
2025-02-19 07:12:07.155 [info] > git ls-files --stage -- /home/damw1ndy/project1/README.md [2ms]
2025-02-19 07:12:07.158 [info] > git cat-file -s 5d8df549e04a499133bd17e908ef418cfcda615f [1ms]
2025-02-19 07:26:41.289 [info] > git ls-files --stage -- /home/damw1ndy/project1/poke.js [7ms]
2025-02-19 07:26:41.292 [info] > git show --textconv :poke.js [12ms]
2025-02-19 07:26:41.293 [info] > git cat-file -s de1ec89083a959ffa1f33eb65bd51f1682f0e5f2 [2ms]
2025-02-19 07:27:45.080 [info] > git show --textconv :main.css [3ms]
2025-02-19 07:27:45.081 [info] > git ls-files --stage -- /home/damw1ndy/project1/main.css [1ms]
2025-02-19 07:27:45.086 [info] > git cat-file -s 3b2dc7a93f6d1fc7700515349947d36f92a89195 [2ms]
2025-02-19 07:27:45.100 [info] > git blame --root --incremental ea668eda53a89df934eeba20847add642ef44641 -- /home/damw1ndy/project1/main.css [4ms]
2025-02-19 08:05:57.845 [info] > git show --textconv :README.md [3ms]
2025-02-19 08:05:57.846 [info] > git ls-files --stage -- /home/damw1ndy/project1/README.md [1ms]
2025-02-19 08:05:57.850 [info] > git cat-file -s 5d8df549e04a499133bd17e908ef418cfcda615f [1ms]
2025-02-19 08:08:55.311 [info] > git show --textconv :main.css [3ms]
2025-02-19 08:08:55.312 [info] > git ls-files --stage -- /home/damw1ndy/project1/main.css [1ms]
2025-02-19 08:08:55.316 [info] > git cat-file -s 3b2dc7a93f6d1fc7700515349947d36f92a89195 [1ms]
2025-02-19 08:08:57.041 [info] > git config --get commit.template [5ms]
2025-02-19 08:08:57.042 [info] > git for-each-ref --format=%(refname)%00%(upstream:short)%00%(objectname)%00%(upstream:track)%00%(upstream:remotename)%00%(upstream:remoteref) refs/heads/main refs/remotes/main [2ms]
2025-02-19 08:08:57.049 [info] > git status -z -uall [3ms]
2025-02-19 08:08:57.050 [info] > git for-each-ref --sort -committerdate --format %(refname) %(objectname) %(*objectname) [2ms]
2025-02-19 08:24:08.712 [info] > git config --get commit.template [2ms]
2025-02-19 08:24:08.712 [info] > git for-each-ref --format=%(refname)%00%(upstream:short)%00%(objectname)%00%(upstream:track)%00%(upstream:remotename)%00%(upstream:remoteref) refs/heads/main refs/remotes/main [1ms]
2025-02-19 08:24:08.718 [info] > git status -z -uall [3ms]
2025-02-19 08:24:08.719 [info] > git for-each-ref --sort -committerdate --format %(refname) %(objectname) %(*objectname) [1ms]
2025-02-19 09:05:05.463 [info] > git show --textconv :index.html [3ms]
2025-02-19 09:05:05.464 [info] > git ls-files --stage -- /home/damw1ndy/project1/index.html [1ms]
2025-02-19 09:05:05.468 [info] > git cat-file -s 285a986ce0a8345614ea53d4e3925078a9885f22 [1ms]
2025-02-19 09:06:15.494 [info] > git show --textconv :main.css [3ms]
2025-02-19 09:06:15.495 [info] > git ls-files --stage -- /home/damw1ndy/project1/main.css [1ms]
2025-02-19 09:06:15.498 [info] > git cat-file -s 3b2dc7a93f6d1fc7700515349947d36f92a89195 [1ms]
2025-02-19 09:10:52.884 [info] > git show --textconv :index.html [3ms]
2025-02-19 09:10:52.885 [info] > git ls-files --stage -- /home/damw1ndy/project1/index.html [1ms]
2025-02-19 09:10:52.888 [info] > git cat-file -s 285a986ce0a8345614ea53d4e3925078a9885f22 [1ms]
2025-02-19 09:13:33.828 [info] > git show --textconv :main.css [3ms]
2025-02-19 09:13:33.829 [info] > git ls-files --stage -- /home/damw1ndy/project1/main.css [1ms]
2025-02-19 09:13:33.833 [info] > git cat-file -s 3b2dc7a93f6d1fc7700515349947d36f92a89195 [1ms]
2025-02-19 09:16:15.114 [info] > git show --textconv :index.html [3ms]
2025-02-19 09:16:15.115 [info] > git ls-files --stage -- /home/damw1ndy/project1/index.html [1ms]
2025-02-19 09:16:15.118 [info] > git cat-file -s 285a986ce0a8345614ea53d4e3925078a9885f22 [1ms]
2025-02-19 09:16:42.028 [info] > git show --textconv :main.css [3ms]
2025-02-19 09:16:42.029 [info] > git ls-files --stage -- /home/damw1ndy/project1/main.css [1ms]
2025-02-19 09:16:42.033 [info] > git cat-file -s 3b2dc7a93f6d1fc7700515349947d36f92a89195 [1ms]
2025-02-19 09:16:47.808 [info] > git config --get commit.template [4ms]
2025-02-19 09:16:47.809 [info] > git for-each-ref --format=%(refname)%00%(upstream:short)%00%(objectname)%00%(upstream:track)%00%(upstream:remotename)%00%(upstream:remoteref) refs/heads/main refs/remotes/main [2ms]
2025-02-19 09:16:47.819 [info] > git status -z -uall [5ms]
2025-02-19 09:16:47.820 [info] > git for-each-ref --sort -committerdate --format %(refname) %(objectname) %(*objectname) [2ms]
2025-02-19 09:51:34.379 [info] > git show --textconv :index.html [3ms]
2025-02-19 09:51:34.380 [info] > git ls-files --stage -- /home/damw1ndy/project1/index.html [1ms]
2025-02-19 09:51:34.383 [info] > git cat-file -s 285a986ce0a8345614ea53d4e3925078a9885f22 [1ms]
2025-02-19 09:52:47.283 [info] > git show --textconv :main.css [3ms]
2025-02-19 09:52:47.284 [info] > git ls-files --stage -- /home/damw1ndy/project1/main.css [2ms]
2025-02-19 09:52:47.289 [info] > git cat-file -s 3b2dc7a93f6d1fc7700515349947d36f92a89195 [0ms]
2025-02-19 10:01:59.190 [info] > git config --get commit.template [3ms]
2025-02-19 10:01:59.191 [info] > git for-each-ref --format=%(refname)%00%(upstream:short)%00%(objectname)%00%(upstream:track)%00%(upstream:remotename)%00%(upstream:remoteref) refs/heads/main refs/remotes/main [1ms]
2025-02-19 10:01:59.197 [info] > git status -z -uall [3ms]
2025-02-19 10:01:59.198 [info] > git for-each-ref --sort -committerdate --format %(refname) %(objectname) %(*objectname) [2ms]
2025-02-19 10:02:05.932 [info] > git show --textconv :poke.js [3ms]
2025-02-19 10:02:05.933 [info] > git ls-files --stage -- /home/damw1ndy/project1/poke.js [1ms]
2025-02-19 10:02:05.937 [info] > git cat-file -s de1ec89083a959ffa1f33eb65bd51f1682f0e5f2 [1ms]
2025-02-19 10:02:17.056 [info] > git config --get commit.template [1ms]
2025-02-19 10:02:17.060 [info] > git for-each-ref --format=%(refname)%00%(upstream:short)%00%(objectname)%00%(upstream:track)%00%(upstream:remotename)%00%(upstream:remoteref) refs/heads/main refs/remotes/main [1ms]
2025-02-19 10:02:17.066 [info] > git status -z -uall [3ms]
2025-02-19 10:02:17.067 [info] > git for-each-ref --sort -committerdate --format %(refname) %(objectname) %(*objectname) [2ms]
2025-02-19 10:02:15.743 [info] > git show --textconv :README.md [2ms]
2025-02-19 10:02:15.744 [info] > git ls-files --stage -- /home/damw1ndy/project1/README.md [1ms]
2025-02-19 10:02:15.747 [info] > git cat-file -s 5d8df549e04a499133bd17e908ef418cfcda615f [1ms]
2025-02-19 10:02:19.502 [info] > git show --textconv :index.html [4ms]
2025-02-19 10:02:19.503 [info] > git ls-files --stage -- /home/damw1ndy/project1/index.html [2ms]
2025-02-19 10:02:19.506 [info] > git cat-file -s 285a986ce0a8345614ea53d4e3925078a9885f22 [1ms]
2025-02-19 10:02:19.584 [info] > git config --get commit.template [4ms]
2025-02-19 10:02:19.585 [info] > git for-each-ref --format=%(refname)%00%(upstream:short)%00%(objectname)%00%(upstream:track)%00%(upstream:remotename)%00%(upstream:remoteref) refs/heads/main refs/remotes/main [2ms]
2025-02-19 10:02:19.590 [info] > git status -z -uall [2ms]
2025-02-19 10:02:19.591 [info] > git for-each-ref --sort -committerdate --format %(refname) %(objectname) %(*objectname) [1ms]
2025-02-19 10:02:24.609 [info] > git config --get commit.template [3ms]
2025-02-19 10:02:24.610 [info] > git for-each-ref --format=%(refname)%00%(upstream:short)%00%(objectname)%00%(upstream:track)%00%(upstream:remotename)%00%(upstream:remoteref) refs/heads/main refs/remotes/main [2ms]
2025-02-19 10:02:24.615 [info] > git status -z -uall [2ms]
2025-02-19 10:02:24.616 [info] > git for-each-ref --sort -committerdate --format %(refname) %(objectname) %(*objectname) [1ms]
2025-02-19 10:02:37.336 [info] > git log --format=%H%n%aN%n%aE%n%at%n%ct%n%P%n%D%n%B -z -n51 --shortstat --follow -- /home/damw1ndy/project1/index.html [3ms]
2025-02-19 10:02:37.858 [info] > git check-ignore -v -z --stdin [4ms]
2025-02-19 10:03:05.143 [info] > git config --get commit.template [3ms]
2025-02-19 10:03:05.144 [info] > git for-each-ref --format=%(refname)%00%(upstream:short)%00%(objectname)%00%(upstream:track)%00%(upstream:remotename)%00%(upstream:remoteref) refs/heads/main refs/remotes/main [1ms]
2025-02-19 10:03:05.150 [info] > git status -z -uall [3ms]
2025-02-19 10:03:05.151 [info] > git for-each-ref --sort -committerdate --format %(refname) %(objectname) %(*objectname) [1ms]
2025-02-19 10:03:05.518 [info] > git show --textconv HEAD:index.html [5ms]
2025-02-19 10:03:05.519 [info] > git ls-tree -l HEAD -- /home/damw1ndy/project1/index.html [2ms]
2025-02-19 10:03:05.777 [info] > git rev-list --count 11fedcd3a7a264c4fcbcdf524e71c48d777bfc4f.. -- /home/damw1ndy/project1/index.html [3ms]
2025-02-19 10:03:05.783 [info] > git log --format=%H%n%aN%n%aE%n%at%n%ct%n%P%n%D%n%B -z -n4 --shortstat --follow -- /home/damw1ndy/project1/index.html [3ms]
2025-02-19 10:03:06.281 [info] > git config --get commit.template [3ms]
2025-02-19 10:03:06.283 [info] > git for-each-ref --format=%(refname)%00%(upstream:short)%00%(objectname)%00%(upstream:track)%00%(upstream:remotename)%00%(upstream:remoteref) refs/heads/main refs/remotes/main [2ms]
2025-02-19 10:03:06.292 [info] > git status -z -uall [4ms]
2025-02-19 10:03:06.293 [info] > git for-each-ref --sort -committerdate --format %(refname) %(objectname) %(*objectname) [1ms]
2025-02-19 10:03:06.366 [info] > git ls-files --stage -- /home/damw1ndy/project1/index.html [3ms]
2025-02-19 10:03:06.369 [info] > git ls-tree -l HEAD -- /home/damw1ndy/project1/index.html [4ms]
2025-02-19 10:03:06.370 [info] > git cat-file -s 6f6952359376d41198d8444af332fab8021cd516 [1ms]
2025-02-19 10:03:06.376 [info] > git show --textconv HEAD:index.html [2ms]
2025-02-19 10:03:06.380 [info] > git show --textconv :index.html [2ms]
2025-02-19 10:03:48.151 [info] > git config --get commit.template [1ms]
2025-02-19 10:03:48.158 [info] > git for-each-ref --format=%(refname)%00%(upstream:short)%00%(objectname)%00%(upstream:track)%00%(upstream:remotename)%00%(upstream:remoteref) refs/heads/main refs/remotes/main [2ms]
2025-02-19 10:03:48.164 [info] > git status -z -uall [3ms]
2025-02-19 10:03:48.165 [info] > git for-each-ref --sort -committerdate --format %(refname) %(objectname) %(*objectname) [1ms]
2025-02-19 10:03:48.173 [info] > git blame --root --incremental c8279a5dfdd82f59a32d16033fa96dfbeac29526 -- /home/damw1ndy/project1/index.html [4ms]
2025-02-19 10:03:48.174 [info] > git merge-base refs/heads/main refs/remotes/origin/main [2ms]
2025-02-19 10:03:48.180 [info] > git diff --name-status -z --diff-filter=ADMR ea668eda53a89df934eeba20847add642ef44641...refs/remotes/origin/main [2ms]
2025-02-19 10:03:48.768 [info] > git rev-list --count 11fedcd3a7a264c4fcbcdf524e71c48d777bfc4f.. -- /home/damw1ndy/project1/index.html [2ms]
2025-02-19 10:03:48.773 [info] > git log --format=%H%n%aN%n%aE%n%at%n%ct%n%P%n%D%n%B -z -n5 --shortstat --follow -- /home/damw1ndy/project1/index.html [2ms]
2025-02-19 10:03:48.778 [info] > git rev-list origin/main..main [1ms]
2025-02-19 10:03:49.260 [info] > git config --get commit.template [2ms]
2025-02-19 10:03:49.263 [info] > git for-each-ref --format=%(refname)%00%(upstream:short)%00%(objectname)%00%(upstream:track)%00%(upstream:remotename)%00%(upstream:remoteref) refs/heads/main refs/remotes/main [1ms]
2025-02-19 10:03:49.268 [info] > git status -z -uall [2ms]
2025-02-19 10:03:49.269 [info] > git for-each-ref --sort -committerdate --format %(refname) %(objectname) %(*objectname) [1ms]
2025-02-19 10:03:49.363 [info] > git ls-files --stage -- /home/damw1ndy/project1/index.html [1ms]
2025-02-19 10:03:49.367 [info] > git cat-file -s 6f6952359376d41198d8444af332fab8021cd516 [1ms]
2025-02-19 10:03:49.373 [info] > git show --textconv :index.html [1ms]
2025-02-19 10:03:54.917 [info] > git config --get commit.template [3ms]
2025-02-19 10:03:54.918 [info] > git for-each-ref --format=%(refname)%00%(upstream:short)%00%(objectname)%00%(upstream:track)%00%(upstream:remotename)%00%(upstream:remoteref) refs/heads/main refs/remotes/main [1ms]
2025-02-19 10:03:54.923 [info] > git status -z -uall [2ms]
2025-02-19 10:03:54.924 [info] > git for-each-ref --sort -committerdate --format %(refname) %(objectname) %(*objectname) [1ms]
2025-02-19 10:03:54.931 [info] > git merge-base refs/heads/main refs/remotes/origin/main [1ms]
2025-02-19 10:03:54.935 [info] > git diff --name-status -z --diff-filter=ADMR c8279a5dfdd82f59a32d16033fa96dfbeac29526...refs/remotes/origin/main [1ms]
2025-02-19 10:03:55.636 [info] > git rev-list --count 11fedcd3a7a264c4fcbcdf524e71c48d777bfc4f.. -- /home/damw1ndy/project1/index.html [1ms]
2025-02-19 10:03:55.641 [info] > git log --format=%H%n%aN%n%aE%n%at%n%ct%n%P%n%D%n%B -z -n5 --shortstat --follow -- /home/damw1ndy/project1/index.html [2ms]
2025-02-19 10:03:56.129 [info] > git config --get commit.template [4ms]
2025-02-19 10:03:56.130 [info] > git for-each-ref --format=%(refname)%00%(upstream:short)%00%(objectname)%00%(upstream:track)%00%(upstream:remotename)%00%(upstream:remoteref) refs/heads/main refs/remotes/main [1ms]
2025-02-19 10:03:56.135 [info] > git status -z -uall [3ms]
2025-02-19 10:03:56.136 [info] > git for-each-ref --sort -committerdate --format %(refname) %(objectname) %(*objectname) [1ms]
2025-02-19 10:03:56.228 [info] > git ls-files --stage -- /home/damw1ndy/project1/index.html [1ms]
2025-02-19 10:03:56.231 [info] > git cat-file -s 6f6952359376d41198d8444af332fab8021cd516 [1ms]
2025-02-19 10:03:56.237 [info] > git show --textconv :index.html [1ms]
2025-02-19 10:07:00.037 [info] > git log --format=%H%n%aN%n%aE%n%at%n%ct%n%P%n%D%n%B -z -n51 --shortstat --follow -- /home/damw1ndy/project1/index.html [4ms]
